#
# There is insufficient memory for the Java Runtime Environment to continue.
# Native memory allocation (malloc) failed to allocate 546320 bytes for Chunk::new
# Possible reasons:
#   The system is out of physical RAM or swap space
#   The process is running with CompressedOops enabled, and the Java Heap may be blocking the growth of the native heap
# Possible solutions:
#   Reduce memory load on the system
#   Increase physical memory or swap space
#   Check if swap backing store is full
#   Decrease Java heap size (-Xmx/-Xms)
#   Decrease number of Java threads
#   Decrease Java thread stack sizes (-Xss)
#   Set larger code cache with -XX:ReservedCodeCacheSize=
#   JVM is running with Unscaled Compressed Oops mode in which the Java heap is
#     placed in the first 4GB address space. The Java Heap base address is the
#     maximum limit for the native heap growth. Please use -XX:HeapBaseMinAddress
#     to set the Java Heap base and to place the Java Heap above 4GB virtual address.
# This output file may be truncated or incomplete.
#
#  Out of Memory Error (arena.cpp:189), pid=16368, tid=8868
#
# JRE version: Java(TM) SE Runtime Environment (17.0.10+11) (build 17.0.10+11-LTS-240)
# Java VM: Java HotSpot(TM) 64-Bit Server VM (17.0.10+11-LTS-240, mixed mode, sharing, tiered, compressed oops, compressed class ptrs, g1 gc, windows-amd64)
# No core dump will be written. Minidumps are not enabled by default on client versions of Windows
#

---------------  S U M M A R Y ------------

Command Line: -ea -Didea.test.cyclic.buffer.size=1048576 -javaagent:C:\Program Files\JetBrains\IntelliJ IDEA 2023.1.3\lib\idea_rt.jar=57707:C:\Program Files\JetBrains\IntelliJ IDEA 2023.1.3\bin -Dfile.encoding=UTF-8 com.intellij.rt.junit.JUnitStarter -ideVersion5 -junit5 com.colvir.accountant.service.DepartmentServiceTest,getAll

Host: Intel(R) Core(TM) i3-6100U CPU @ 2.30GHz, 4 cores, 7G,  Windows 10 , 64 bit Build 18362 (10.0.18362.1500)
Time: Mon Jul 22 08:22:51 2024 RTZ 2 (зима) elapsed time: 4.008219 seconds (0d 0h 0m 4s)

---------------  T H R E A D  ---------------

Current thread (0x000001b134287ea0):  JavaThread "C2 CompilerThread0" daemon [_thread_in_native, id=8868, stack(0x0000003b56d00000,0x0000003b56e00000)]


Current CompileTask:
C2:   4008 2302   !   4       jdk.internal.loader.BuiltinClassLoader::loadClassOrNull (143 bytes)

Stack: [0x0000003b56d00000,0x0000003b56e00000]
Native frames: (J=compiled Java code, j=interpreted, Vv=VM code, C=native code)
V  [jvm.dll+0x677a5a]
V  [jvm.dll+0x7d8b2d]
V  [jvm.dll+0x7da48e]
V  [jvm.dll+0x7daaf3]
V  [jvm.dll+0x2455ff]
V  [jvm.dll+0xaaafb]
V  [jvm.dll+0xab09c]
V  [jvm.dll+0x361bae]
V  [jvm.dll+0x1bb055]
V  [jvm.dll+0x217aa7]
V  [jvm.dll+0x216d81]
V  [jvm.dll+0x1a3410]
V  [jvm.dll+0x226aeb]
V  [jvm.dll+0x224cab]
V  [jvm.dll+0x78e45c]
V  [jvm.dll+0x78888a]
V  [jvm.dll+0x676935]
C  [ucrtbase.dll+0x210b2]
C  [KERNEL32.DLL+0x17c24]
C  [ntdll.dll+0x6d721]


---------------  P R O C E S S  ---------------

Threads class SMR info:
_java_thread_list=0x000001b17ab0f9f0, length=14, elements={
0x000001b1169e4100, 0x000001b134268380, 0x000001b1342698b0, 0x000001b134280d70,
0x000001b134281730, 0x000001b134282c60, 0x000001b134286640, 0x000001b134287ea0,
0x000001b13428f0c0, 0x000001b1342a2140, 0x000001b134a5e000, 0x000001b134b1ec30,
0x000001b134b1f110, 0x000001b134c14b70
}

Java Threads: ( => current thread )
  0x000001b1169e4100 JavaThread "main" [_thread_in_native, id=7736, stack(0x0000003b56100000,0x0000003b56200000)]
  0x000001b134268380 JavaThread "Reference Handler" daemon [_thread_blocked, id=564, stack(0x0000003b56700000,0x0000003b56800000)]
  0x000001b1342698b0 JavaThread "Finalizer" daemon [_thread_blocked, id=2168, stack(0x0000003b56800000,0x0000003b56900000)]
  0x000001b134280d70 JavaThread "Signal Dispatcher" daemon [_thread_blocked, id=12340, stack(0x0000003b56900000,0x0000003b56a00000)]
  0x000001b134281730 JavaThread "Attach Listener" daemon [_thread_blocked, id=12848, stack(0x0000003b56a00000,0x0000003b56b00000)]
  0x000001b134282c60 JavaThread "Service Thread" daemon [_thread_blocked, id=4792, stack(0x0000003b56b00000,0x0000003b56c00000)]
  0x000001b134286640 JavaThread "Monitor Deflation Thread" daemon [_thread_blocked, id=9448, stack(0x0000003b56c00000,0x0000003b56d00000)]
=>0x000001b134287ea0 JavaThread "C2 CompilerThread0" daemon [_thread_in_native, id=8868, stack(0x0000003b56d00000,0x0000003b56e00000)]
  0x000001b13428f0c0 JavaThread "C1 CompilerThread0" daemon [_thread_blocked, id=11956, stack(0x0000003b56e00000,0x0000003b56f00000)]
  0x000001b1342a2140 JavaThread "Sweeper thread" daemon [_thread_blocked, id=2096, stack(0x0000003b56f00000,0x0000003b57000000)]
  0x000001b134a5e000 JavaThread "Common-Cleaner" daemon [_thread_blocked, id=3520, stack(0x0000003b57000000,0x0000003b57100000)]
  0x000001b134b1ec30 JavaThread "Monitor Ctrl-Break" daemon [_thread_in_native, id=6456, stack(0x0000003b57100000,0x0000003b57200000)]
  0x000001b134b1f110 JavaThread "Notification Thread" daemon [_thread_blocked, id=8104, stack(0x0000003b57200000,0x0000003b57300000)]
  0x000001b134c14b70 JavaThread "C2 CompilerThread1" daemon [_thread_blocked, id=8984, stack(0x0000003b57400000,0x0000003b57500000)]

Other Threads:
  0x000001b134261a50 VMThread "VM Thread" [stack: 0x0000003b56600000,0x0000003b56700000] [id=6560]
  0x000001b1147c69c0 WatcherThread [stack: 0x0000003b57300000,0x0000003b57400000] [id=11088]
  0x000001b116a3b940 GCTaskThread "GC Thread#0" [stack: 0x0000003b56000000,0x0000003b56100000] [id=680]
  0x000001b17a923ce0 GCTaskThread "GC Thread#1" [stack: 0x0000003b57500000,0x0000003b57600000] [id=12968]
  0x000001b17a346540 GCTaskThread "GC Thread#2" [stack: 0x0000003b57600000,0x0000003b57700000] [id=11068]
  0x000001b17a866620 GCTaskThread "GC Thread#3" [stack: 0x0000003b57700000,0x0000003b57800000] [id=4844]
  0x000001b116a4c5b0 ConcurrentGCThread "G1 Main Marker" [stack: 0x0000003b56200000,0x0000003b56300000] [id=10004]
  0x000001b116a4d9d0 ConcurrentGCThread "G1 Conc#0" [stack: 0x0000003b56300000,0x0000003b56400000] [id=2864]
  0x000001b116a6ec50 ConcurrentGCThread "G1 Refine#0" [stack: 0x0000003b56400000,0x0000003b56500000] [id=7788]
  0x000001b13411a260 ConcurrentGCThread "G1 Service" [stack: 0x0000003b56500000,0x0000003b56600000] [id=268]

Threads with active compile tasks:
C2 CompilerThread0     4304 2302   !   4       jdk.internal.loader.BuiltinClassLoader::loadClassOrNull (143 bytes)

VM state: not at safepoint (normal execution)

VM Mutex/Monitor currently owned by a thread: None

Heap address: 0x0000000081a00000, size: 2022 MB, Compressed Oops mode: 32-bit

CDS archive(s) mapped at: [0x000001b135000000-0x000001b135bd0000-0x000001b135bd0000), size 12386304, SharedBaseAddress: 0x000001b135000000, ArchiveRelocationMode: 1.
Compressed class space mapped at: 0x000001b136000000-0x000001b176000000, reserved size: 1073741824
Narrow klass base: 0x000001b135000000, Narrow klass shift: 0, Narrow klass range: 0x100000000

GC Precious Log:
 CPUs: 4 total, 4 available
 Memory: 8085M
 Large Page Support: Disabled
 NUMA Support: Disabled
 Compressed Oops: Enabled (32-bit)
 Heap Region Size: 1M
 Heap Min Capacity: 8M
 Heap Initial Capacity: 128M
 Heap Max Capacity: 2022M
 Pre-touch: Disabled
 Parallel Workers: 4
 Concurrent Workers: 1
 Concurrent Refinement Workers: 4
 Periodic GC: Disabled

Heap:
 garbage-first heap   total 40960K, used 10507K [0x0000000081a00000, 0x0000000100000000)
  region size 1024K, 7 young (7168K), 6 survivors (6144K)
 Metaspace       used 21168K, committed 21568K, reserved 1114112K
  class space    used 2764K, committed 2944K, reserved 1048576K

Heap Regions: E=young(eden), S=young(survivor), O=old, HS=humongous(starts), HC=humongous(continues), CS=collection set, F=free, OA=open archive, CA=closed archive, TAMS=top-at-mark-start (previous, next)
|   0|0x0000000081a00000, 0x0000000081b00000, 0x0000000081b00000|100%| O|  |TAMS 0x0000000081b00000, 0x0000000081a00000| Untracked 
|   1|0x0000000081b00000, 0x0000000081c00000, 0x0000000081c00000|100%| O|  |TAMS 0x0000000081c00000, 0x0000000081b00000| Untracked 
|   2|0x0000000081c00000, 0x0000000081d00000, 0x0000000081d00000|100%| O|  |TAMS 0x0000000081d00000, 0x0000000081c00000| Untracked 
|   3|0x0000000081d00000, 0x0000000081e00000, 0x0000000081e00000|100%| O|  |TAMS 0x0000000081e00000, 0x0000000081d00000| Untracked 
|   4|0x0000000081e00000, 0x0000000081e4a200, 0x0000000081f00000| 28%| O|  |TAMS 0x0000000081e4a200, 0x0000000081e00000| Complete 
|   5|0x0000000081f00000, 0x0000000081f00000, 0x0000000082000000|  0%| F|  |TAMS 0x0000000081f00000, 0x0000000081f00000| Untracked 
|   6|0x0000000082000000, 0x0000000082000000, 0x0000000082100000|  0%| F|  |TAMS 0x0000000082000000, 0x0000000082000000| Untracked 
|   7|0x0000000082100000, 0x0000000082100000, 0x0000000082200000|  0%| F|  |TAMS 0x0000000082100000, 0x0000000082100000| Untracked 
|   8|0x0000000082200000, 0x0000000082200000, 0x0000000082300000|  0%| F|  |TAMS 0x0000000082200000, 0x0000000082200000| Untracked 
|   9|0x0000000082300000, 0x0000000082300000, 0x0000000082400000|  0%| F|  |TAMS 0x0000000082300000, 0x0000000082300000| Untracked 
|  10|0x0000000082400000, 0x0000000082400000, 0x0000000082500000|  0%| F|  |TAMS 0x0000000082400000, 0x0000000082400000| Untracked 
|  11|0x0000000082500000, 0x0000000082500000, 0x0000000082600000|  0%| F|  |TAMS 0x0000000082500000, 0x0000000082500000| Untracked 
|  12|0x0000000082600000, 0x0000000082600000, 0x0000000082700000|  0%| F|  |TAMS 0x0000000082600000, 0x0000000082600000| Untracked 
|  13|0x0000000082700000, 0x0000000082700000, 0x0000000082800000|  0%| F|  |TAMS 0x0000000082700000, 0x0000000082700000| Untracked 
|  14|0x0000000082800000, 0x0000000082800000, 0x0000000082900000|  0%| F|  |TAMS 0x0000000082800000, 0x0000000082800000| Untracked 
|  15|0x0000000082900000, 0x0000000082900000, 0x0000000082a00000|  0%| F|  |TAMS 0x0000000082900000, 0x0000000082900000| Untracked 
|  16|0x0000000082a00000, 0x0000000082a00000, 0x0000000082b00000|  0%| F|  |TAMS 0x0000000082a00000, 0x0000000082a00000| Untracked 
|  17|0x0000000082b00000, 0x0000000082b00000, 0x0000000082c00000|  0%| F|  |TAMS 0x0000000082b00000, 0x0000000082b00000| Untracked 
|  18|0x0000000082c00000, 0x0000000082c00000, 0x0000000082d00000|  0%| F|  |TAMS 0x0000000082c00000, 0x0000000082c00000| Untracked 
|  19|0x0000000082d00000, 0x0000000082d00000, 0x0000000082e00000|  0%| F|  |TAMS 0x0000000082d00000, 0x0000000082d00000| Untracked 
|  20|0x0000000082e00000, 0x0000000082e00000, 0x0000000082f00000|  0%| F|  |TAMS 0x0000000082e00000, 0x0000000082e00000| Untracked 
|  21|0x0000000082f00000, 0x0000000082f00000, 0x0000000083000000|  0%| F|  |TAMS 0x0000000082f00000, 0x0000000082f00000| Untracked 
|  22|0x0000000083000000, 0x0000000083000000, 0x0000000083100000|  0%| F|  |TAMS 0x0000000083000000, 0x0000000083000000| Untracked 
|  23|0x0000000083100000, 0x0000000083100000, 0x0000000083200000|  0%| F|  |TAMS 0x0000000083100000, 0x0000000083100000| Untracked 
|  24|0x0000000083200000, 0x0000000083200000, 0x0000000083300000|  0%| F|  |TAMS 0x0000000083200000, 0x0000000083200000| Untracked 
|  25|0x0000000083300000, 0x0000000083300000, 0x0000000083400000|  0%| F|  |TAMS 0x0000000083300000, 0x0000000083300000| Untracked 
|  26|0x0000000083400000, 0x0000000083400000, 0x0000000083500000|  0%| F|  |TAMS 0x0000000083400000, 0x0000000083400000| Untracked 
|  27|0x0000000083500000, 0x0000000083500000, 0x0000000083600000|  0%| F|  |TAMS 0x0000000083500000, 0x0000000083500000| Untracked 
|  28|0x0000000083600000, 0x0000000083600000, 0x0000000083700000|  0%| F|  |TAMS 0x0000000083600000, 0x0000000083600000| Untracked 
|  29|0x0000000083700000, 0x0000000083700000, 0x0000000083800000|  0%| F|  |TAMS 0x0000000083700000, 0x0000000083700000| Untracked 
|  30|0x0000000083800000, 0x0000000083800000, 0x0000000083900000|  0%| F|  |TAMS 0x0000000083800000, 0x0000000083800000| Untracked 
|  31|0x0000000083900000, 0x0000000083900000, 0x0000000083a00000|  0%| F|  |TAMS 0x0000000083900000, 0x0000000083900000| Untracked 
|  32|0x0000000083a00000, 0x0000000083a00000, 0x0000000083b00000|  0%| F|  |TAMS 0x0000000083a00000, 0x0000000083a00000| Untracked 
|  79|0x0000000086900000, 0x00000000869f8d60, 0x0000000086a00000| 97%| S|CS|TAMS 0x0000000086900000, 0x0000000086900000| Complete 
|  80|0x0000000086a00000, 0x0000000086b00000, 0x0000000086b00000|100%| S|CS|TAMS 0x0000000086a00000, 0x0000000086a00000| Complete 
|  81|0x0000000086b00000, 0x0000000086c00000, 0x0000000086c00000|100%| S|CS|TAMS 0x0000000086b00000, 0x0000000086b00000| Complete 
|  82|0x0000000086c00000, 0x0000000086d00000, 0x0000000086d00000|100%| S|CS|TAMS 0x0000000086c00000, 0x0000000086c00000| Complete 
|  83|0x0000000086d00000, 0x0000000086e00000, 0x0000000086e00000|100%| S|CS|TAMS 0x0000000086d00000, 0x0000000086d00000| Complete 
|  84|0x0000000086e00000, 0x0000000086f00000, 0x0000000086f00000|100%| S|CS|TAMS 0x0000000086e00000, 0x0000000086e00000| Complete 
| 127|0x0000000089900000, 0x0000000089980000, 0x0000000089a00000| 50%| E|  |TAMS 0x0000000089900000, 0x0000000089900000| Complete 

Card table byte_map: [0x000001b12d650000,0x000001b12da50000] _byte_map_base: 0x000001b12d243000

Marking Bits (Prev, Next): (CMBitMap*) 0x000001b116a3be40, (CMBitMap*) 0x000001b116a3be00
 Prev Bits: [0x000001b12fdf0000, 0x000001b131d88000)
 Next Bits: [0x000001b12de50000, 0x000001b12fde8000)

Polling page: 0x000001b114740000

Metaspace:

Usage:
  Non-class:     17.97 MB used.
      Class:      2.70 MB used.
       Both:     20.67 MB used.

Virtual space:
  Non-class space:       64.00 MB reserved,      18.19 MB ( 28%) committed,  1 nodes.
      Class space:        1.00 GB reserved,       2.88 MB ( <1%) committed,  1 nodes.
             Both:        1.06 GB reserved,      21.06 MB (  2%) committed. 

Chunk freelists:
   Non-Class:  12.93 MB
       Class:  13.08 MB
        Both:  26.02 MB

MaxMetaspaceSize: unlimited
CompressedClassSpaceSize: 1.00 GB
Initial GC threshold: 21.00 MB
Current GC threshold: 35.13 MB
CDS: on
MetaspaceReclaimPolicy: balanced
 - commit_granule_bytes: 65536.
 - commit_granule_words: 8192.
 - virtual_space_node_default_size: 8388608.
 - enlarge_chunks_in_place: 1.
 - new_chunks_are_fully_committed: 0.
 - uncommit_free_chunks: 1.
 - use_allocation_guard: 0.
 - handle_deallocations: 1.


Internal statistics:

num_allocs_failed_limit: 3.
num_arena_births: 378.
num_arena_deaths: 0.
num_vsnodes_births: 2.
num_vsnodes_deaths: 0.
num_space_committed: 337.
num_space_uncommitted: 0.
num_chunks_returned_to_freelist: 3.
num_chunks_taken_from_freelist: 1132.
num_chunk_merges: 3.
num_chunk_splits: 749.
num_chunks_enlarged: 547.
num_inconsistent_stats: 0.

CodeHeap 'non-profiled nmethods': size=120000Kb used=1080Kb max_used=1080Kb free=118919Kb
 bounds [0x000001b125d20000, 0x000001b125f90000, 0x000001b12d250000]
CodeHeap 'profiled nmethods': size=120000Kb used=4711Kb max_used=4711Kb free=115288Kb
 bounds [0x000001b11e250000, 0x000001b11e6f0000, 0x000001b125780000]
CodeHeap 'non-nmethods': size=5760Kb used=1212Kb max_used=1256Kb free=4547Kb
 bounds [0x000001b125780000, 0x000001b1259f0000, 0x000001b125d20000]
 total_blobs=2882 nmethods=2367 adapters=427
 compilation: enabled
              stopped_count=0, restarted_count=0
 full_count=0

Compilation events (20 events):
Event: 3.808 Thread 0x000001b13428f0c0 nmethod 2359 0x000001b11e6e3790 code [0x000001b11e6e3920, 0x000001b11e6e3a18]
Event: 3.808 Thread 0x000001b13428f0c0 2360       3       java.security.Provider$Service::<init> (200 bytes)
Event: 3.808 Thread 0x000001b134c14b70 nmethod 2344 0x000001b125e2c710 code [0x000001b125e2c8a0, 0x000001b125e2cbd8]
Event: 3.808 Thread 0x000001b134c14b70 2347       4       java.lang.Integer::parseInt (264 bytes)
Event: 3.810 Thread 0x000001b13428f0c0 nmethod 2360 0x000001b11e6e3a90 code [0x000001b11e6e3de0, 0x000001b11e6e5848]
Event: 3.810 Thread 0x000001b13428f0c0 2361   !   3       java.security.Provider::putService (256 bytes)
Event: 3.812 Thread 0x000001b13428f0c0 nmethod 2361 0x000001b11e6e5f10 code [0x000001b11e6e62a0, 0x000001b11e6e79e8]
Event: 3.812 Thread 0x000001b13428f0c0 2362       3       java.security.Provider::check (18 bytes)
Event: 3.813 Thread 0x000001b13428f0c0 nmethod 2362 0x000001b11e6e8190 code [0x000001b11e6e8360, 0x000001b11e6e87b8]
Event: 3.813 Thread 0x000001b13428f0c0 2363       3       java.security.Provider$UString::hashCode (8 bytes)
Event: 3.813 Thread 0x000001b13428f0c0 nmethod 2363 0x000001b11e6e8990 code [0x000001b11e6e8b40, 0x000001b11e6e8c88]
Event: 3.814 Thread 0x000001b13428f0c0 2364   !   3       java.util.concurrent.ConcurrentHashMap::initTable (112 bytes)
Event: 3.814 Thread 0x000001b13428f0c0 nmethod 2364 0x000001b11e6e8d90 code [0x000001b11e6e8f60, 0x000001b11e6e94e8]
Event: 3.817 Thread 0x000001b13428f0c0 2365       3       java.util.Collections$3::hasMoreElements (10 bytes)
Event: 3.817 Thread 0x000001b13428f0c0 nmethod 2365 0x000001b11e6e9690 code [0x000001b11e6e9840, 0x000001b11e6e9a08]
Event: 3.817 Thread 0x000001b13428f0c0 2366       3       java.util.Collections$3::nextElement (10 bytes)
Event: 3.817 Thread 0x000001b13428f0c0 nmethod 2366 0x000001b11e6e9b10 code [0x000001b11e6e9cc0, 0x000001b11e6e9e88]
Event: 3.818 Thread 0x000001b134c14b70 nmethod 2347 0x000001b125e2cd90 code [0x000001b125e2cf40, 0x000001b125e2d3d8]
Event: 3.818 Thread 0x000001b134c14b70 2346       4       java.lang.String::lastIndexOf (12 bytes)
Event: 3.821 Thread 0x000001b134c14b70 nmethod 2346 0x000001b125e2d810 code [0x000001b125e2d9a0, 0x000001b125e2daf8]

GC Heap History (8 events):
Event: 1.129 GC heap before
{Heap before GC invocations=0 (full 0):
 garbage-first heap   total 131072K, used 12288K [0x0000000081a00000, 0x0000000100000000)
  region size 1024K, 13 young (13312K), 0 survivors (0K)
 Metaspace       used 3125K, committed 3264K, reserved 1114112K
  class space    used 341K, committed 384K, reserved 1048576K
}
Event: 1.135 GC heap after
{Heap after GC invocations=1 (full 0):
 garbage-first heap   total 131072K, used 4368K [0x0000000081a00000, 0x0000000100000000)
  region size 1024K, 2 young (2048K), 2 survivors (2048K)
 Metaspace       used 3125K, committed 3264K, reserved 1114112K
  class space    used 341K, committed 384K, reserved 1048576K
}
Event: 1.803 GC heap before
{Heap before GC invocations=1 (full 0):
 garbage-first heap   total 131072K, used 17680K [0x0000000081a00000, 0x0000000100000000)
  region size 1024K, 15 young (15360K), 2 survivors (2048K)
 Metaspace       used 6504K, committed 6720K, reserved 1114112K
  class space    used 827K, committed 960K, reserved 1048576K
}
Event: 1.809 GC heap after
{Heap after GC invocations=2 (full 0):
 garbage-first heap   total 131072K, used 5722K [0x0000000081a00000, 0x0000000100000000)
  region size 1024K, 2 young (2048K), 2 survivors (2048K)
 Metaspace       used 6504K, committed 6720K, reserved 1114112K
  class space    used 827K, committed 960K, reserved 1048576K
}
Event: 2.894 GC heap before
{Heap before GC invocations=2 (full 0):
 garbage-first heap   total 131072K, used 29274K [0x0000000081a00000, 0x0000000100000000)
  region size 1024K, 26 young (26624K), 2 survivors (2048K)
 Metaspace       used 11803K, committed 11968K, reserved 1114112K
  class space    used 1585K, committed 1664K, reserved 1048576K
}
Event: 2.901 GC heap after
{Heap after GC invocations=3 (full 0):
 garbage-first heap   total 131072K, used 7447K [0x0000000081a00000, 0x0000000100000000)
  region size 1024K, 3 young (3072K), 3 survivors (3072K)
 Metaspace       used 11803K, committed 11968K, reserved 1114112K
  class space    used 1585K, committed 1664K, reserved 1048576K
}
Event: 3.853 GC heap before
{Heap before GC invocations=3 (full 0):
 garbage-first heap   total 131072K, used 47383K [0x0000000081a00000, 0x0000000100000000)
  region size 1024K, 43 young (44032K), 3 survivors (3072K)
 Metaspace       used 21149K, committed 21504K, reserved 1114112K
  class space    used 2759K, committed 2944K, reserved 1048576K
}
Event: 3.866 GC heap after
{Heap after GC invocations=4 (full 0):
 garbage-first heap   total 131072K, used 10507K [0x0000000081a00000, 0x0000000100000000)
  region size 1024K, 6 young (6144K), 6 survivors (6144K)
 Metaspace       used 21149K, committed 21504K, reserved 1114112K
  class space    used 2759K, committed 2944K, reserved 1048576K
}

Deoptimization events (20 events):
Event: 3.771 Thread 0x000001b1169e4100 Uncommon trap: trap_request=0xffffff45 fr.pc=0x000001b125de4dcc relative=0x000000000000012c
Event: 3.771 Thread 0x000001b1169e4100 Uncommon trap: reason=unstable_if action=reinterpret pc=0x000001b125de4dcc method=java.util.Arrays.equals([Ljava/lang/Object;[Ljava/lang/Object;)Z @ 44 c2
Event: 3.771 Thread 0x000001b1169e4100 DEOPT PACKING pc=0x000001b125de4dcc sp=0x0000003b561f8260
Event: 3.771 Thread 0x000001b1169e4100 DEOPT UNPACKING pc=0x000001b1257d23a3 sp=0x0000003b561f81f0 mode 2
Event: 3.771 Thread 0x000001b1169e4100 Uncommon trap: trap_request=0xffffff45 fr.pc=0x000001b125d7dc74 relative=0x0000000000000254
Event: 3.771 Thread 0x000001b1169e4100 Uncommon trap: reason=unstable_if action=reinterpret pc=0x000001b125d7dc74 method=java.util.concurrent.ConcurrentHashMap.get(Ljava/lang/Object;)Ljava/lang/Object; @ 76 c2
Event: 3.771 Thread 0x000001b17bc93ed0 Uncommon trap: trap_request=0xffffff45 fr.pc=0x000001b125dc7980 relative=0x0000000000000280
Event: 3.771 Thread 0x000001b1169e4100 DEOPT PACKING pc=0x000001b125d7dc74 sp=0x0000003b561f7640
Event: 3.771 Thread 0x000001b17bc93ed0 Uncommon trap: reason=unstable_if action=reinterpret pc=0x000001b125dc7980 method=java.util.HashMap.putVal(ILjava/lang/Object;Ljava/lang/Object;ZZ)Ljava/lang/Object; @ 162 c2
Event: 3.771 Thread 0x000001b1169e4100 DEOPT UNPACKING pc=0x000001b1257d23a3 sp=0x0000003b561f75b8 mode 2
Event: 3.771 Thread 0x000001b17bc93ed0 DEOPT PACKING pc=0x000001b125dc7980 sp=0x0000003b578fd850
Event: 3.771 Thread 0x000001b17bc93ed0 DEOPT UNPACKING pc=0x000001b1257d23a3 sp=0x0000003b578fd788 mode 2
Event: 3.805 Thread 0x000001b1169e4100 Uncommon trap: trap_request=0xffffffde fr.pc=0x000001b125e1c09c relative=0x00000000000019dc
Event: 3.805 Thread 0x000001b1169e4100 Uncommon trap: reason=class_check action=maybe_recompile pc=0x000001b125e1c09c method=java.util.zip.InflaterInputStream.read([BII)I @ 100 c2
Event: 3.805 Thread 0x000001b1169e4100 DEOPT PACKING pc=0x000001b125e1c09c sp=0x0000003b561f8990
Event: 3.805 Thread 0x000001b1169e4100 DEOPT UNPACKING pc=0x000001b1257d23a3 sp=0x0000003b561f89e0 mode 2
Event: 3.805 Thread 0x000001b1169e4100 Uncommon trap: trap_request=0xffffffde fr.pc=0x000001b125e1c09c relative=0x00000000000019dc
Event: 3.805 Thread 0x000001b1169e4100 Uncommon trap: reason=class_check action=maybe_recompile pc=0x000001b125e1c09c method=java.util.zip.InflaterInputStream.read([BII)I @ 100 c2
Event: 3.805 Thread 0x000001b1169e4100 DEOPT PACKING pc=0x000001b125e1c09c sp=0x0000003b561f8990
Event: 3.805 Thread 0x000001b1169e4100 DEOPT UNPACKING pc=0x000001b1257d23a3 sp=0x0000003b561f89e0 mode 2

Classes unloaded (0 events):
No events

Classes redefined (0 events):
No events

Internal exceptions (20 events):
Event: 3.559 Thread 0x000001b1169e4100 Exception <a 'java/lang/NoSuchMethodError'{0x0000000087bf1778}: 'int java.lang.invoke.DirectMethodHandle$Holder.invokeStaticInit(java.lang.Object, long, long)'> (0x0000000087bf1778) 
thrown [s\open\src\hotspot\share\interpreter\linkResolver.cpp, line 759]
Event: 3.560 Thread 0x000001b1169e4100 Exception <a 'java/lang/NoSuchMethodError'{0x0000000087bf8dc0}: 'int java.lang.invoke.DirectMethodHandle$Holder.invokeStaticInit(java.lang.Object, float, float)'> (0x0000000087bf8dc0) 
thrown [s\open\src\hotspot\share\interpreter\linkResolver.cpp, line 759]
Event: 3.561 Thread 0x000001b1169e4100 Exception <a 'java/lang/NoSuchMethodError'{0x0000000087a88918}: 'int java.lang.invoke.DirectMethodHandle$Holder.invokeStaticInit(java.lang.Object, double, double)'> (0x0000000087a88918) 
thrown [s\open\src\hotspot\share\interpreter\linkResolver.cpp, line 759]
Event: 3.563 Thread 0x000001b1169e4100 Exception <a 'java/lang/NoSuchMethodError'{0x0000000087a8d6e0}: 'int java.lang.invoke.DirectMethodHandle$Holder.invokeStatic(java.lang.Object, long)'> (0x0000000087a8d6e0) 
thrown [s\open\src\hotspot\share\interpreter\linkResolver.cpp, line 759]
Event: 3.570 Thread 0x000001b1169e4100 Exception <a 'java/lang/NoSuchMethodError'{0x0000000087ab28c0}: 'int java.lang.invoke.DirectMethodHandle$Holder.invokeSpecial(java.lang.Object, java.lang.Object, int)'> (0x0000000087ab28c0) 
thrown [s\open\src\hotspot\share\interpreter\linkResolver.cpp, line 759]
Event: 3.571 Thread 0x000001b1169e4100 Exception <a 'java/lang/NoSuchMethodError'{0x0000000087abaa18}: 'int java.lang.invoke.Invokers$Holder.linkToTargetMethod(java.lang.Object, java.lang.Object)'> (0x0000000087abaa18) 
thrown [s\open\src\hotspot\share\interpreter\linkResolver.cpp, line 759]
Event: 3.603 Thread 0x000001b1169e4100 Exception <a 'java/lang/NoSuchMethodError'{0x000000008788c7c8}: 'java.lang.Object java.lang.invoke.DirectMethodHandle$Holder.invokeSpecial(java.lang.Object, java.lang.Object, java.lang.Object, java.lang.Object, java.lang.Object, java.lang.Object, java.lang.Object, java.lang.Object, java.lang.Object, java.lang.Object)'> (0x000000008788c7c8) 
thrown [s\open\src\hotspot\share\interpreter\linkResolver.cpp, line 759]
Event: 3.603 Thread 0x000001b1169e4100 Exception <a 'java/lang/NoSuchMethodError'{0x00000000878915a8}: 'java.lang.Object java.lang.invoke.Invokers$Holder.invoke_MT(java.lang.Object, java.lang.Object, java.lang.Object, java.lang.Object, java.lang.Object, java.lang.Object, java.lang.Object, java.lang.Object, java.lang.Object, java.lang.Object)'> (0x00000000878915a8) 
thrown [s\open\src\hotspot\share\interpreter\linkResolver.cpp, line 759]
Event: 3.612 Thread 0x000001b1169e4100 Exception <a 'java/lang/NoSuchMethodError'{0x00000000878d4070}: 'java.lang.Object java.lang.invoke.DirectMethodHandle$Holder.invokeSpecial(java.lang.Object, java.lang.Object, int, java.lang.Object, java.lang.Object)'> (0x00000000878d4070) 
thrown [s\open\src\hotspot\share\interpreter\linkResolver.cpp, line 759]
Event: 3.613 Thread 0x000001b1169e4100 Exception <a 'java/lang/NoSuchMethodError'{0x00000000878d8268}: 'java.lang.Object java.lang.invoke.DelegatingMethodHandle$Holder.delegate(java.lang.Object, int, java.lang.Object, java.lang.Object)'> (0x00000000878d8268) 
thrown [s\open\src\hotspot\share\interpreter\linkResolver.cpp, line 759]
Event: 3.615 Thread 0x000001b1169e4100 Exception <a 'java/lang/NoSuchMethodError'{0x00000000878e98e8}: 'int java.lang.invoke.Invokers$Holder.linkToTargetMethod(java.lang.Object, java.lang.Object, java.lang.Object)'> (0x00000000878e98e8) 
thrown [s\open\src\hotspot\share\interpreter\linkResolver.cpp, line 759]
Event: 3.649 Thread 0x000001b17bc93ed0 Exception <a 'java/lang/NoSuchMethodError'{0x00000000876d0548}: 'long java.lang.invoke.DirectMethodHandle$Holder.invokeSpecial(java.lang.Object, java.lang.Object)'> (0x00000000876d0548) 
thrown [s\open\src\hotspot\share\interpreter\linkResolver.cpp, line 759]
Event: 3.652 Thread 0x000001b17bc93ed0 Exception <a 'java/lang/NoSuchMethodError'{0x00000000876db0f0}: 'long java.lang.invoke.DirectMethodHandle$Holder.invokeStatic(java.lang.Object, java.lang.Object)'> (0x00000000876db0f0) 
thrown [s\open\src\hotspot\share\interpreter\linkResolver.cpp, line 759]
Event: 3.652 Thread 0x000001b17bc93ed0 Exception <a 'java/lang/NoSuchMethodError'{0x00000000876de448}: 'long java.lang.invoke.DirectMethodHandle$Holder.invokeStaticInit(java.lang.Object, java.lang.Object)'> (0x00000000876de448) 
thrown [s\open\src\hotspot\share\interpreter\linkResolver.cpp, line 759]
Event: 3.654 Thread 0x000001b17bc93ed0 Exception <a 'java/lang/NoSuchMethodError'{0x00000000876ebd48}: 'long java.lang.invoke.DirectMethodHandle$Holder.invokeInterface(java.lang.Object, java.lang.Object)'> (0x00000000876ebd48) 
thrown [s\open\src\hotspot\share\interpreter\linkResolver.cpp, line 759]
Event: 3.655 Thread 0x000001b17bc93ed0 Exception <a 'java/lang/IncompatibleClassChangeError'{0x00000000876ef030}: Found class java.lang.Object, but interface was expected> (0x00000000876ef030) 
thrown [s\open\src\hotspot\share\interpreter\linkResolver.cpp, line 826]
Event: 3.672 Thread 0x000001b17bc93ed0 Exception <a 'java/lang/NoSuchMethodError'{0x000000008758b800}: 'java.lang.Object java.lang.invoke.DirectMethodHandle$Holder.invokeVirtual(java.lang.Object, java.lang.Object, java.lang.Object, java.lang.Object)'> (0x000000008758b800) 
thrown [s\open\src\hotspot\share\interpreter\linkResolver.cpp, line 759]
Event: 3.790 Thread 0x000001b1169e4100 Exception <a 'java/lang/reflect/InvocationTargetException'{0x000000008700e3c0}> (0x000000008700e3c0) 
thrown [s\open\src\hotspot\share\runtime\reflection.cpp, line 1121]
Event: 3.852 Thread 0x000001b1169e4100 Exception <a 'java/lang/NoSuchMethodError'{0x0000000087031070}: 'void java.lang.invoke.DirectMethodHandle$Holder.invokeStatic(java.lang.Object, long)'> (0x0000000087031070) 
thrown [s\open\src\hotspot\share\interpreter\linkResolver.cpp, line 759]
Event: 3.869 Thread 0x000001b1169e4100 Exception <a 'java/lang/NoSuchMethodError'{0x0000000089902308}: 'java.lang.Object java.lang.invoke.DirectMethodHandle$Holder.newInvokeSpecial(java.lang.Object, long)'> (0x0000000089902308) 
thrown [s\open\src\hotspot\share\interpreter\linkResolver.cpp, line 759]

VM Operations (20 events):
Event: 3.276 Executing VM operation: HandshakeAllThreads
Event: 3.276 Executing VM operation: HandshakeAllThreads done
Event: 3.322 Executing VM operation: HandshakeAllThreads
Event: 3.322 Executing VM operation: HandshakeAllThreads done
Event: 3.341 Executing VM operation: HandshakeAllThreads
Event: 3.341 Executing VM operation: HandshakeAllThreads done
Event: 3.412 Executing VM operation: HandshakeAllThreads
Event: 3.412 Executing VM operation: HandshakeAllThreads done
Event: 3.706 Executing VM operation: HandshakeAllThreads
Event: 3.706 Executing VM operation: HandshakeAllThreads done
Event: 3.745 Executing VM operation: HandshakeAllThreads
Event: 3.745 Executing VM operation: HandshakeAllThreads done
Event: 3.788 Executing VM operation: HandshakeAllThreads
Event: 3.788 Executing VM operation: HandshakeAllThreads done
Event: 3.853 Executing VM operation: CollectForMetadataAllocation
Event: 3.866 Executing VM operation: CollectForMetadataAllocation done
Event: 3.882 Executing VM operation: G1Concurrent
Event: 3.885 Executing VM operation: G1Concurrent done
Event: 3.888 Executing VM operation: G1Concurrent
Event: 3.891 Executing VM operation: G1Concurrent done

Events (20 events):
Event: 3.814 loading class java/lang/ProcessImpl done
Event: 3.814 loading class com/sun/security/sasl/Provider
Event: 3.814 loading class com/sun/security/sasl/Provider done
Event: 3.814 loading class com/sun/security/sasl/Provider$1
Event: 3.815 loading class com/sun/security/sasl/Provider$1 done
Event: 3.815 loading class com/sun/security/sasl/Provider$ProviderService
Event: 3.815 loading class com/sun/security/sasl/Provider$ProviderService done
Event: 3.815 loading class sun/security/provider/certpath/ldap/JdkLDAP
Event: 3.815 loading class sun/security/provider/certpath/ldap/JdkLDAP done
Event: 3.816 loading class sun/security/provider/certpath/ldap/JdkLDAP$ProviderService
Event: 3.816 loading class sun/security/provider/certpath/ldap/JdkLDAP$ProviderService done
Event: 3.819 Thread 0x000001b17bc93ed0 Thread exited: 0x000001b17bc93ed0
Event: 3.869 loading class java/lang/ProcessImpl$2
Event: 3.870 loading class java/lang/ProcessImpl$2 done
Event: 3.870 loading class java/lang/Process$PipeInputStream
Event: 3.870 loading class java/lang/Process$PipeInputStream done
Event: 3.870 loading class jdk/internal/event/ProcessStartEvent
Event: 3.870 loading class jdk/internal/event/Event
Event: 3.870 loading class jdk/internal/event/Event done
Event: 3.870 loading class jdk/internal/event/ProcessStartEvent done


Dynamic libraries:
0x00007ff6a3210000 - 0x00007ff6a3220000 	C:\Program Files\Java\jdk-17\bin\java.exe
0x00007ff8eaac0000 - 0x00007ff8eacb0000 	C:\Windows\SYSTEM32\ntdll.dll
0x00007ff8e94e0000 - 0x00007ff8e9592000 	C:\Windows\System32\KERNEL32.DLL
0x00007ff8e7f70000 - 0x00007ff8e8215000 	C:\Windows\System32\KERNELBASE.dll
0x00007ff8e7c30000 - 0x00007ff8e7d2a000 	C:\Windows\System32\ucrtbase.dll
0x00007ff8d0290000 - 0x00007ff8d02a9000 	C:\Program Files\Java\jdk-17\bin\jli.dll
0x00007ff8e8d40000 - 0x00007ff8e8de3000 	C:\Windows\System32\ADVAPI32.dll
0x00007ff8ea420000 - 0x00007ff8ea4be000 	C:\Windows\System32\msvcrt.dll
0x00007ff8ea590000 - 0x00007ff8ea627000 	C:\Windows\System32\sechost.dll
0x00007ff8e95a0000 - 0x00007ff8e96bf000 	C:\Windows\System32\RPCRT4.dll
0x00007ff8e8b40000 - 0x00007ff8e8cd4000 	C:\Windows\System32\USER32.dll
0x00007ff8e7d30000 - 0x00007ff8e7d51000 	C:\Windows\System32\win32u.dll
0x00007ff8ea020000 - 0x00007ff8ea046000 	C:\Windows\System32\GDI32.dll
0x00007ff8e7a00000 - 0x00007ff8e7b98000 	C:\Windows\System32\gdi32full.dll
0x00007ff8e8220000 - 0x00007ff8e82be000 	C:\Windows\System32\msvcp_win.dll
0x00007ff8cf650000 - 0x00007ff8cf66b000 	C:\Program Files\Java\jdk-17\bin\VCRUNTIME140.dll
0x00007ff8d8b60000 - 0x00007ff8d8de4000 	C:\Windows\WinSxS\amd64_microsoft.windows.common-controls_6595b64144ccf1df_6.0.18362.1556_none_9e7e372fe45e41d5\COMCTL32.dll
0x00007ff8e9720000 - 0x00007ff8e9a56000 	C:\Windows\System32\combase.dll
0x00007ff8e8310000 - 0x00007ff8e8391000 	C:\Windows\System32\bcryptPrimitives.dll
0x00007ff8e0140000 - 0x00007ff8e014a000 	C:\Windows\SYSTEM32\VERSION.dll
0x00007ff8ea0b0000 - 0x00007ff8ea0de000 	C:\Windows\System32\IMM32.DLL
0x00007ff8d2130000 - 0x00007ff8d2248000 	C:\Program Files (x86)\Citrix\ICA Client\epclient64.dll
0x00007ff8e6a00000 - 0x00007ff8e6a31000 	C:\Windows\SYSTEM32\ntmarta.dll
0x00007ff8d0220000 - 0x00007ff8d022c000 	C:\Program Files\Java\jdk-17\bin\vcruntime140_1.dll
0x00007ff8c8440000 - 0x00007ff8c84ce000 	C:\Program Files\Java\jdk-17\bin\msvcp140.dll
0x00007ff897b10000 - 0x00007ff8986ef000 	C:\Program Files\Java\jdk-17\bin\server\jvm.dll
0x00007ff8ea010000 - 0x00007ff8ea018000 	C:\Windows\System32\PSAPI.DLL
0x00007ff8d9660000 - 0x00007ff8d9669000 	C:\Windows\SYSTEM32\WSOCK32.dll
0x00007ff8ea0e0000 - 0x00007ff8ea14f000 	C:\Windows\System32\WS2_32.dll
0x00007ff8e4a30000 - 0x00007ff8e4a54000 	C:\Windows\SYSTEM32\WINMM.dll
0x00007ff8e4a00000 - 0x00007ff8e4a2d000 	C:\Windows\SYSTEM32\WINMMBASE.dll
0x000001b1146f0000 - 0x000001b11473a000 	C:\Windows\System32\cfgmgr32.dll
0x00007ff8e7990000 - 0x00007ff8e79a1000 	C:\Windows\System32\kernel.appcore.dll
0x00007ff8cfba0000 - 0x00007ff8cfbaa000 	C:\Program Files\Java\jdk-17\bin\jimage.dll
0x00007ff8e5ef0000 - 0x00007ff8e60e4000 	C:\Windows\SYSTEM32\DBGHELP.DLL
0x00007ff8d5460000 - 0x00007ff8d548a000 	C:\Windows\SYSTEM32\dbgcore.DLL
0x00007ff8e01a0000 - 0x00007ff8e01ae000 	C:\Program Files\Java\jdk-17\bin\instrument.dll
0x00007ff8cebc0000 - 0x00007ff8cebe5000 	C:\Program Files\Java\jdk-17\bin\java.dll
0x00007ff8a96a0000 - 0x00007ff8a9777000 	C:\Program Files\Java\jdk-17\bin\jsvml.dll
0x000001b1342c0000 - 0x000001b1349a7000 	C:\Windows\System32\SHELL32.dll
0x00007ff8ea770000 - 0x00007ff8ea818000 	C:\Windows\System32\shcore.dll
0x00007ff8e83a0000 - 0x00007ff8e8b1b000 	C:\Windows\System32\windows.storage.dll
0x00007ff8e7970000 - 0x00007ff8e798e000 	C:\Windows\System32\profapi.dll
0x00007ff8e79b0000 - 0x00007ff8e79fa000 	C:\Windows\System32\powrprof.dll
0x00007ff8e7940000 - 0x00007ff8e7950000 	C:\Windows\System32\UMPDC.dll
0x00007ff8e96c0000 - 0x00007ff8e9712000 	C:\Windows\System32\shlwapi.dll
0x00007ff8e8b20000 - 0x00007ff8e8b37000 	C:\Windows\System32\cryptsp.dll
0x00007ff8cdc60000 - 0x00007ff8cdc78000 	C:\Program Files\Java\jdk-17\bin\zip.dll
0x00007ff8cf560000 - 0x00007ff8cf579000 	C:\Program Files\Java\jdk-17\bin\net.dll
0x00007ff8d9b30000 - 0x00007ff8d9c2a000 	C:\Windows\SYSTEM32\WINHTTP.dll
0x00007ff8e7180000 - 0x00007ff8e71e7000 	C:\Windows\system32\mswsock.dll
0x00007ff8cf070000 - 0x00007ff8cf086000 	C:\Program Files\Java\jdk-17\bin\nio.dll
0x00007ff8d6520000 - 0x00007ff8d653a000 	C:\Program Files\JetBrains\IntelliJ IDEA 2023.1.3\bin\breakgen64.dll
0x00007ff8ceff0000 - 0x00007ff8cf000000 	C:\Program Files\Java\jdk-17\bin\verify.dll
0x00007ff8daea0000 - 0x00007ff8daeae000 	C:\Program Files\Java\jdk-17\bin\sunmscapi.dll
0x00007ff8e7d60000 - 0x00007ff8e7eb1000 	C:\Windows\System32\CRYPT32.dll
0x00007ff8e7950000 - 0x00007ff8e7962000 	C:\Windows\System32\MSASN1.dll
0x00007ff8e7460000 - 0x00007ff8e7486000 	C:\Windows\SYSTEM32\ncrypt.dll
0x00007ff8e7ba0000 - 0x00007ff8e7bc6000 	C:\Windows\System32\bcrypt.dll
0x00007ff8e7420000 - 0x00007ff8e745b000 	C:\Windows\SYSTEM32\NTASN1.dll

dbghelp: loaded successfully - version: 4.0.5 - missing functions: none
symbol engine: initialized successfully - sym options: 0x614 - pdb path: .;C:\Program Files\Java\jdk-17\bin;C:\Windows\SYSTEM32;C:\Windows\WinSxS\amd64_microsoft.windows.common-controls_6595b64144ccf1df_6.0.18362.1556_none_9e7e372fe45e41d5;C:\Program Files (x86)\Citrix\ICA Client;C:\Program Files\Java\jdk-17\bin\server;C:\Program Files\JetBrains\IntelliJ IDEA 2023.1.3\bin

VM Arguments:
jvm_args: -ea -Didea.test.cyclic.buffer.size=1048576 -javaagent:C:\Program Files\JetBrains\IntelliJ IDEA 2023.1.3\lib\idea_rt.jar=57707:C:\Program Files\JetBrains\IntelliJ IDEA 2023.1.3\bin -Dfile.encoding=UTF-8 
java_command: com.intellij.rt.junit.JUnitStarter -ideVersion5 -junit5 com.colvir.accountant.service.DepartmentServiceTest,getAll
java_class_path (initial): C:\Users\MeryPoppins\.m2\repository\org\junit\platform\junit-platform-launcher\1.10.2\junit-platform-launcher-1.10.2.jar;C:\Program Files\JetBrains\IntelliJ IDEA 2023.1.3\lib\idea_rt.jar;C:\Program Files\JetBrains\IntelliJ IDEA 2023.1.3\plugins\junit\lib\junit5-rt.jar;C:\Program Files\JetBrains\IntelliJ IDEA 2023.1.3\plugins\junit\lib\junit-rt.jar;C:\temp\colvir\JavaBootCamp\JavaBootCamp2024\JavaBootCampUlt2024\HWJavaBootCamp2024\HWJavaBootCamp2024\target\test-classes;C:\temp\colvir\JavaBootCamp\JavaBootCamp2024\JavaBootCampUlt2024\HWJavaBootCamp2024\HWJavaBootCamp2024\target\classes;C:\Users\MeryPoppins\.m2\repository\org\springframework\boot\spring-boot-starter-web\3.3.0\spring-boot-starter-web-3.3.0.jar;C:\Users\MeryPoppins\.m2\repository\org\springframework\boot\spring-boot-starter\3.3.0\spring-boot-starter-3.3.0.jar;C:\Users\MeryPoppins\.m2\repository\org\springframework\boot\spring-boot\3.3.0\spring-boot-3.3.0.jar;C:\Users\MeryPoppins\.m2\repository\org\springframework\boot\spring-boot-autoconfigure\3.3.0\spring-boot-autoconfigure-3.3.0.jar;C:\Users\MeryPoppins\.m2\repository\org\springframework\boot\spring-boot-starter-logging\3.3.0\spring-boot-starter-logging-3.3.0.jar;C:\Users\MeryPoppins\.m2\repository\ch\qos\logback\logback-classic\1.5.6\logback-classic-1.5.6.jar;C:\Users\MeryPoppins\.m2\repository\ch\qos\logback\logback-core\1.5.6\logback-core-1.5.6.jar;C:\Users\MeryPoppins\.m2\repository\org\apache\logging\log4j\log4j-to-slf4j\2.23.1\log4j-to-slf4j-2.23.1.jar;C:\Users\MeryPoppins\.m2\repository\org\apache\logging\log4j\log4j-api\2.23.1\log4j-api-2.23.1.jar;C:\Users\MeryPoppins\.m2\repository\org\slf4j\jul-to-slf4j\2.0.13\jul-to-slf4j-2.0.13.jar;C:\Users\MeryPoppins\.m2\repository\jakarta\annotation\jakarta.annotation-api\2.1.1\jakarta.annotation-api-2.1.1.jar;C:\Users\MeryPoppins\.m2\repository\org\yaml\snakeyaml\2.2\snakeyaml-2.2.jar;C:\Users\MeryPoppins\.m2\repository\org\springframework\boot\spring-boot-starter-json\3.3.0
Launcher Type: SUN_STANDARD

[Global flags]
     intx CICompilerCount                          = 3                                         {product} {ergonomic}
     uint ConcGCThreads                            = 1                                         {product} {ergonomic}
     uint G1ConcRefinementThreads                  = 4                                         {product} {ergonomic}
   size_t G1HeapRegionSize                         = 1048576                                   {product} {ergonomic}
    uintx GCDrainStackTargetSize                   = 64                                        {product} {ergonomic}
   size_t InitialHeapSize                          = 134217728                                 {product} {ergonomic}
   size_t MarkStackSize                            = 4194304                                   {product} {ergonomic}
   size_t MaxHeapSize                              = 2120220672                                {product} {ergonomic}
   size_t MaxNewSize                               = 1271922688                                {product} {ergonomic}
   size_t MinHeapDeltaBytes                        = 1048576                                   {product} {ergonomic}
   size_t MinHeapSize                              = 8388608                                   {product} {ergonomic}
    uintx NonNMethodCodeHeapSize                   = 5832780                                {pd product} {ergonomic}
    uintx NonProfiledCodeHeapSize                  = 122912730                              {pd product} {ergonomic}
    uintx ProfiledCodeHeapSize                     = 122912730                              {pd product} {ergonomic}
    uintx ReservedCodeCacheSize                    = 251658240                              {pd product} {ergonomic}
     bool SegmentedCodeCache                       = true                                      {product} {ergonomic}
   size_t SoftMaxHeapSize                          = 2120220672                             {manageable} {ergonomic}
     bool UseCompressedClassPointers               = true                           {product lp64_product} {ergonomic}
     bool UseCompressedOops                        = true                           {product lp64_product} {ergonomic}
     bool UseG1GC                                  = true                                      {product} {ergonomic}
     bool UseLargePagesIndividualAllocation        = false                                  {pd product} {ergonomic}

Logging:
Log output configuration:
 #0: stdout all=warning uptime,level,tags
 #1: stderr all=off uptime,level,tags

Environment Variables:
JAVA_HOME=C:\Program Files\Eclipse Foundation\jdk-8.0.302.8-hotspot
PATH=C:\Program Files\Common Files\Oracle\Java\javapath;C:\Program Files\Eclipse Foundation\jdk-8.0.302.8-hotspot\bin;C:\Windows\system32;C:\Windows;C:\Windows\System32\Wbem;C:\Windows\System32\WindowsPowerShell\v1.0\;C:\Windows\System32\OpenSSH\;C:\Program Files\Microsoft SQL Server\130\Tools\Binn\;C:\Program Files\Microsoft SQL Server\Client SDK\ODBC\170\Tools\Binn\;C:\Program Files (x86)\Windows Kits\10\Windows Performance Toolkit\;c:\Program Files (x86)\Microsoft SQL Server\110\Tools\Binn\;c:\Program Files (x86)\Microsoft SQL Server\110\DTS\Binn\;C:\Program Files\TortoiseSVN\bin;C:\Program Files\TortoiseGit\bin;C:\Program Files\dotnet\;C:\Program Files (x86)\IncrediBuild;C:\Program Files\Git\cmd;C:\Users\MeryPoppins\AppData\Local\Programs\Python\Python39\Scripts\;C:\Users\MeryPoppins\AppData\Local\Programs\Python\Python39\;C:\Users\MeryPoppins\AppData\Local\Microsoft\WindowsApps;C:\Users\MeryPoppins\AppData\Local\Programs\Microsoft VS Code\bin;C:\Users\MeryPoppins\.dotnet\tools;C:\Program Files\JetBrains\IntelliJ IDEA 2023.1.3\bin;
USERNAME=MeryPoppins
OS=Windows_NT
PROCESSOR_IDENTIFIER=Intel64 Family 6 Model 78 Stepping 3, GenuineIntel



---------------  S Y S T E M  ---------------

OS:
 Windows 10 , 64 bit Build 18362 (10.0.18362.1500)
OS uptime: 3 days 18:11 hours

CPU: total 4 (initial active 4) (2 cores per cpu, 2 threads per core) family 6 model 78 stepping 3 microcode 0xd6, cx8, cmov, fxsr, ht, mmx, 3dnowpref, sse, sse2, sse3, ssse3, sse4.1, sse4.2, popcnt, lzcnt, tsc, tscinvbit, avx, avx2, aes, erms, clmul, bmi1, bmi2, rtm, adx, fma, vzeroupper, clflush, clflushopt

Memory: 4k page, system-wide physical 8085M (2016M free)
TotalPageFile size 8885M (AvailPageFile size 6M)
current process WorkingSet (physical memory assigned to process): 108M, peak: 147M
current process commit charge ("private bytes"): 169M, peak: 259M

vm_info: Java HotSpot(TM) 64-Bit Server VM (17.0.10+11-LTS-240) for windows-amd64 JRE (17.0.10+11-LTS-240), built on Dec 19 2023 21:47:25 by "mach5one" with MS VC++ 17.1 (VS2022)

END.
