#
# There is insufficient memory for the Java Runtime Environment to continue.
# Native memory allocation (malloc) failed to allocate 32784 bytes for Chunk::new
# Possible reasons:
#   The system is out of physical RAM or swap space
#   The process is running with CompressedOops enabled, and the Java Heap may be blocking the growth of the native heap
# Possible solutions:
#   Reduce memory load on the system
#   Increase physical memory or swap space
#   Check if swap backing store is full
#   Decrease Java heap size (-Xmx/-Xms)
#   Decrease number of Java threads
#   Decrease Java thread stack sizes (-Xss)
#   Set larger code cache with -XX:ReservedCodeCacheSize=
#   JVM is running with Unscaled Compressed Oops mode in which the Java heap is
#     placed in the first 4GB address space. The Java Heap base address is the
#     maximum limit for the native heap growth. Please use -XX:HeapBaseMinAddress
#     to set the Java Heap base and to place the Java Heap above 4GB virtual address.
# This output file may be truncated or incomplete.
#
#  Out of Memory Error (arena.cpp:189), pid=2256, tid=1656
#
# JRE version: Java(TM) SE Runtime Environment (17.0.10+11) (build 17.0.10+11-LTS-240)
# Java VM: Java HotSpot(TM) 64-Bit Server VM (17.0.10+11-LTS-240, mixed mode, sharing, tiered, compressed oops, compressed class ptrs, g1 gc, windows-amd64)
# No core dump will be written. Minidumps are not enabled by default on client versions of Windows
#

---------------  S U M M A R Y ------------

Command Line: -Dclassworlds.conf=C:\temp\colvir\JavaBootCamp\apache-maven-3.9.7\bin\m2.conf -Dmaven.home=C:\temp\colvir\JavaBootCamp\apache-maven-3.9.7 -Dlibrary.jansi.path=C:\temp\colvir\JavaBootCamp\apache-maven-3.9.7\lib\jansi-native -Dmaven.multiModuleProjectDirectory=C:\temp\colvir\JavaBootCamp\JavaBootCamp2024\JavaBootCampUlt2024\HWJavaBootCamp2024\HWJavaBootCamp2024 org.codehaus.plexus.classworlds.launcher.Launcher clean package spring-boot:repackage

Host: Intel(R) Core(TM) i3-6100U CPU @ 2.30GHz, 4 cores, 7G,  Windows 10 , 64 bit Build 19041 (10.0.19041.4597)
Time: Sun Jul 28 19:40:21 2024 RTZ 2 (s 10 , 64 bit Build 19041 (10.0.19041.4597) elapsed time: 64.889781 seconds (0d 0h 1m 4s)

---------------  T H R E A D  ---------------

Current thread (0x0000025e53c7eb20):  JavaThread "C2 CompilerThread0" daemon [_thread_in_native, id=1656, stack(0x0000008292800000,0x0000008292900000)]


Current CompileTask:
C2:  64889 8543   !   4       com.sun.tools.javac.tree.Pretty::visitSelect (51 bytes)

Stack: [0x0000008292800000,0x0000008292900000]
Native frames: (J=compiled Java code, j=interpreted, Vv=VM code, C=native code)
V  [jvm.dll+0x677a5a]
V  [jvm.dll+0x7d8b2d]
V  [jvm.dll+0x7da48e]
V  [jvm.dll+0x7daaf3]
V  [jvm.dll+0x2455ff]
V  [jvm.dll+0xaaafb]
V  [jvm.dll+0xab09c]
V  [jvm.dll+0xb67bd]
V  [jvm.dll+0x5800a3]
V  [jvm.dll+0x220472]
V  [jvm.dll+0x22084f]
V  [jvm.dll+0x2197a6]
V  [jvm.dll+0x216c79]
V  [jvm.dll+0x1a3410]
V  [jvm.dll+0x226aeb]
V  [jvm.dll+0x224cab]
V  [jvm.dll+0x78e45c]
V  [jvm.dll+0x78888a]
V  [jvm.dll+0x676935]
C  [ucrtbase.dll+0x21bb2]
C  [KERNEL32.DLL+0x17374]
C  [ntdll.dll+0x4cc91]


---------------  P R O C E S S  ---------------

Threads class SMR info:
_java_thread_list=0x0000025e9b58d1c0, length=14, elements={
0x0000025e3429e540, 0x0000025e53c51bc0, 0x0000025e53c52a40, 0x0000025e53c650d0,
0x0000025e53c68bb0, 0x0000025e53c69570, 0x0000025e53c72360, 0x0000025e53c7eb20,
0x0000025e53c7f520, 0x0000025e53c886f0, 0x0000025e99442920, 0x0000025e994450a0,
0x0000025e9a0caad0, 0x0000025e9a4000a0
}

Java Threads: ( => current thread )
  0x0000025e3429e540 JavaThread "main" [_thread_in_Java, id=12212, stack(0x0000008291c00000,0x0000008291d00000)]
  0x0000025e53c51bc0 JavaThread "Reference Handler" daemon [_thread_blocked, id=9756, stack(0x0000008292200000,0x0000008292300000)]
  0x0000025e53c52a40 JavaThread "Finalizer" daemon [_thread_blocked, id=10568, stack(0x0000008292300000,0x0000008292400000)]
  0x0000025e53c650d0 JavaThread "Signal Dispatcher" daemon [_thread_blocked, id=3592, stack(0x0000008292400000,0x0000008292500000)]
  0x0000025e53c68bb0 JavaThread "Attach Listener" daemon [_thread_blocked, id=9892, stack(0x0000008292500000,0x0000008292600000)]
  0x0000025e53c69570 JavaThread "Service Thread" daemon [_thread_blocked, id=9040, stack(0x0000008292600000,0x0000008292700000)]
  0x0000025e53c72360 JavaThread "Monitor Deflation Thread" daemon [_thread_blocked, id=4704, stack(0x0000008292700000,0x0000008292800000)]
=>0x0000025e53c7eb20 JavaThread "C2 CompilerThread0" daemon [_thread_in_native, id=1656, stack(0x0000008292800000,0x0000008292900000)]
  0x0000025e53c7f520 JavaThread "C1 CompilerThread0" daemon [_thread_in_native, id=2860, stack(0x0000008292900000,0x0000008292a00000)]
  0x0000025e53c886f0 JavaThread "Sweeper thread" daemon [_thread_blocked, id=9060, stack(0x0000008292a00000,0x0000008292b00000)]
  0x0000025e99442920 JavaThread "Notification Thread" daemon [_thread_blocked, id=7224, stack(0x0000008292b00000,0x0000008292c00000)]
  0x0000025e994450a0 JavaThread "Common-Cleaner" daemon [_thread_blocked, id=2760, stack(0x0000008292d00000,0x0000008292e00000)]
  0x0000025e9a0caad0 JavaThread "Thread-1" daemon [_thread_blocked, id=12032, stack(0x0000008293200000,0x0000008293300000)]
  0x0000025e9a4000a0 JavaThread "C2 CompilerThread1" daemon [_thread_in_native, id=7692, stack(0x0000008293400000,0x0000008293500000)]

Other Threads:
  0x0000025e53c48ba0 VMThread "VM Thread" [stack: 0x0000008292100000,0x0000008292200000] [id=10496]
  0x0000025e99444e10 WatcherThread [stack: 0x0000008292c00000,0x0000008292d00000] [id=1964]
  0x0000025e364210d0 GCTaskThread "GC Thread#0" [stack: 0x0000008291b00000,0x0000008291c00000] [id=2040]
  0x0000025e999a9b70 GCTaskThread "GC Thread#1" [stack: 0x0000008292e00000,0x0000008292f00000] [id=2236]
  0x0000025e999a9e30 GCTaskThread "GC Thread#2" [stack: 0x0000008292f00000,0x0000008293000000] [id=3096]
  0x0000025e997ad520 GCTaskThread "GC Thread#3" [stack: 0x0000008293000000,0x0000008293100000] [id=11412]
  0x0000025e36431ea0 ConcurrentGCThread "G1 Main Marker" [stack: 0x0000008291d00000,0x0000008291e00000] [id=11820]
  0x0000025e36433420 ConcurrentGCThread "G1 Conc#0" [stack: 0x0000008291e00000,0x0000008291f00000] [id=10484]
  0x0000025e53b020c0 ConcurrentGCThread "G1 Refine#0" [stack: 0x0000008291f00000,0x0000008292000000] [id=12216]
  0x0000025e9aa3ee80 ConcurrentGCThread "G1 Refine#1" [stack: 0x0000008293100000,0x0000008293200000] [id=9352]
  0x0000025e9975e1a0 ConcurrentGCThread "G1 Refine#2" [stack: 0x0000008293300000,0x0000008293400000] [id=8964]
  0x0000025e53b02af0 ConcurrentGCThread "G1 Service" [stack: 0x0000008292000000,0x0000008292100000] [id=11364]

Threads with active compile tasks:
C2 CompilerThread0    65393 8543   !   4       com.sun.tools.javac.tree.Pretty::visitSelect (51 bytes)
C1 CompilerThread0    65393 8599   !   2       lombok.javac.handlers.HandleVal::endVisitLocal (993 bytes)
C2 CompilerThread1    65393 8474       4       com.sun.tools.javac.comp.Resolve::findType (512 bytes)

VM state: not at safepoint (normal execution)

VM Mutex/Monitor currently owned by a thread: None

Heap address: 0x0000000081a00000, size: 2022 MB, Compressed Oops mode: 32-bit

CDS archive(s) mapped at: [0x0000025e54000000-0x0000025e54bd0000-0x0000025e54bd0000), size 12386304, SharedBaseAddress: 0x0000025e54000000, ArchiveRelocationMode: 1.
Compressed class space mapped at: 0x0000025e55000000-0x0000025e95000000, reserved size: 1073741824
Narrow klass base: 0x0000025e54000000, Narrow klass shift: 0, Narrow klass range: 0x100000000

GC Precious Log:
 CPUs: 4 total, 4 available
 Memory: 8085M
 Large Page Support: Disabled
 NUMA Support: Disabled
 Compressed Oops: Enabled (32-bit)
 Heap Region Size: 1M
 Heap Min Capacity: 8M
 Heap Initial Capacity: 128M
 Heap Max Capacity: 2022M
 Pre-touch: Disabled
 Parallel Workers: 4
 Concurrent Workers: 1
 Concurrent Refinement Workers: 4
 Periodic GC: Disabled

Heap:
 garbage-first heap   total 234496K, used 133031K [0x0000000081a00000, 0x0000000100000000)
  region size 1024K, 82 young (83968K), 6 survivors (6144K)
 Metaspace       used 35312K, committed 35776K, reserved 1114112K
  class space    used 4037K, committed 4288K, reserved 1048576K

Heap Regions: E=young(eden), S=young(survivor), O=old, HS=humongous(starts), HC=humongous(continues), CS=collection set, F=free, OA=open archive, CA=closed archive, TAMS=top-at-mark-start (previous, next)
|   0|0x0000000081a00000, 0x0000000081b00000, 0x0000000081b00000|100%| O|  |TAMS 0x0000000081b00000, 0x0000000081a00000| Untracked 
|   1|0x0000000081b00000, 0x0000000081c00000, 0x0000000081c00000|100%| O|  |TAMS 0x0000000081c00000, 0x0000000081b00000| Untracked 
|   2|0x0000000081c00000, 0x0000000081d00000, 0x0000000081d00000|100%| O|  |TAMS 0x0000000081d00000, 0x0000000081c00000| Untracked 
|   3|0x0000000081d00000, 0x0000000081e00000, 0x0000000081e00000|100%| O|  |TAMS 0x0000000081e00000, 0x0000000081d00000| Untracked 
|   4|0x0000000081e00000, 0x0000000081f00000, 0x0000000081f00000|100%| O|  |TAMS 0x0000000081e00000, 0x0000000081e00000| Untracked 
|   5|0x0000000081f00000, 0x0000000082000000, 0x0000000082000000|100%| O|  |TAMS 0x0000000082000000, 0x0000000081f00000| Untracked 
|   6|0x0000000082000000, 0x0000000082100000, 0x0000000082100000|100%| O|  |TAMS 0x0000000082100000, 0x0000000082000000| Untracked 
|   7|0x0000000082100000, 0x0000000082200000, 0x0000000082200000|100%| O|  |TAMS 0x0000000082200000, 0x0000000082100000| Untracked 
|   8|0x0000000082200000, 0x0000000082300000, 0x0000000082300000|100%| O|  |TAMS 0x0000000082300000, 0x0000000082200000| Untracked 
|   9|0x0000000082300000, 0x0000000082400000, 0x0000000082400000|100%| O|  |TAMS 0x0000000082400000, 0x0000000082300000| Untracked 
|  10|0x0000000082400000, 0x0000000082500000, 0x0000000082500000|100%| O|  |TAMS 0x0000000082500000, 0x0000000082400000| Untracked 
|  11|0x0000000082500000, 0x0000000082600000, 0x0000000082600000|100%| O|  |TAMS 0x0000000082600000, 0x0000000082500000| Untracked 
|  12|0x0000000082600000, 0x0000000082700000, 0x0000000082700000|100%| O|  |TAMS 0x0000000082700000, 0x0000000082600000| Untracked 
|  13|0x0000000082700000, 0x0000000082800000, 0x0000000082800000|100%| O|  |TAMS 0x0000000082800000, 0x0000000082700000| Untracked 
|  14|0x0000000082800000, 0x0000000082900000, 0x0000000082900000|100%| O|  |TAMS 0x0000000082900000, 0x0000000082800000| Untracked 
|  15|0x0000000082900000, 0x0000000082a00000, 0x0000000082a00000|100%| O|  |TAMS 0x0000000082a00000, 0x0000000082900000| Untracked 
|  16|0x0000000082a00000, 0x0000000082b00000, 0x0000000082b00000|100%| O|  |TAMS 0x0000000082b00000, 0x0000000082a00000| Untracked 
|  17|0x0000000082b00000, 0x0000000082c00000, 0x0000000082c00000|100%| O|  |TAMS 0x0000000082c00000, 0x0000000082b00000| Untracked 
|  18|0x0000000082c00000, 0x0000000082d00000, 0x0000000082d00000|100%| O|  |TAMS 0x0000000082d00000, 0x0000000082c00000| Untracked 
|  19|0x0000000082d00000, 0x0000000082e00000, 0x0000000082e00000|100%|HS|  |TAMS 0x0000000082e00000, 0x0000000082d00000| Complete 
|  20|0x0000000082e00000, 0x0000000082f00000, 0x0000000082f00000|100%|HC|  |TAMS 0x0000000082f00000, 0x0000000082e00000| Complete 
|  21|0x0000000082f00000, 0x0000000083000000, 0x0000000083000000|100%| O|  |TAMS 0x0000000083000000, 0x0000000082f00000| Untracked 
|  22|0x0000000083000000, 0x0000000083100000, 0x0000000083100000|100%| O|  |TAMS 0x0000000083100000, 0x0000000083000000| Untracked 
|  23|0x0000000083100000, 0x0000000083200000, 0x0000000083200000|100%| O|  |TAMS 0x0000000083200000, 0x0000000083100000| Untracked 
|  24|0x0000000083200000, 0x0000000083300000, 0x0000000083300000|100%| O|  |TAMS 0x0000000083300000, 0x0000000083200000| Untracked 
|  25|0x0000000083300000, 0x0000000083400000, 0x0000000083400000|100%| O|  |TAMS 0x0000000083400000, 0x0000000083300000| Untracked 
|  26|0x0000000083400000, 0x0000000083500000, 0x0000000083500000|100%| O|  |TAMS 0x0000000083500000, 0x0000000083400000| Untracked 
|  27|0x0000000083500000, 0x0000000083600000, 0x0000000083600000|100%| O|  |TAMS 0x0000000083600000, 0x0000000083500000| Untracked 
|  28|0x0000000083600000, 0x0000000083700000, 0x0000000083700000|100%| O|  |TAMS 0x0000000083700000, 0x0000000083600000| Untracked 
|  29|0x0000000083700000, 0x0000000083800000, 0x0000000083800000|100%| O|  |TAMS 0x0000000083800000, 0x0000000083700000| Untracked 
|  30|0x0000000083800000, 0x0000000083900000, 0x0000000083900000|100%| O|  |TAMS 0x0000000083900000, 0x0000000083800000| Untracked 
|  31|0x0000000083900000, 0x0000000083a00000, 0x0000000083a00000|100%| O|  |TAMS 0x0000000083a00000, 0x0000000083900000| Untracked 
|  32|0x0000000083a00000, 0x0000000083b00000, 0x0000000083b00000|100%| O|  |TAMS 0x0000000083b00000, 0x0000000083a00000| Untracked 
|  33|0x0000000083b00000, 0x0000000083c00000, 0x0000000083c00000|100%| O|  |TAMS 0x0000000083b00000, 0x0000000083b00000| Untracked 
|  34|0x0000000083c00000, 0x0000000083d00000, 0x0000000083d00000|100%| O|  |TAMS 0x0000000083d00000, 0x0000000083c00000| Untracked 
|  35|0x0000000083d00000, 0x0000000083e00000, 0x0000000083e00000|100%| O|  |TAMS 0x0000000083e00000, 0x0000000083d00000| Untracked 
|  36|0x0000000083e00000, 0x0000000083f00000, 0x0000000083f00000|100%| O|  |TAMS 0x0000000083f00000, 0x0000000083e00000| Untracked 
|  37|0x0000000083f00000, 0x0000000084000000, 0x0000000084000000|100%| O|  |TAMS 0x0000000084000000, 0x0000000083f00000| Untracked 
|  38|0x0000000084000000, 0x0000000084100000, 0x0000000084100000|100%| O|  |TAMS 0x0000000084100000, 0x0000000084000000| Untracked 
|  39|0x0000000084100000, 0x0000000084200000, 0x0000000084200000|100%| O|  |TAMS 0x0000000084200000, 0x0000000084100000| Untracked 
|  40|0x0000000084200000, 0x0000000084300000, 0x0000000084300000|100%| O|  |TAMS 0x0000000084300000, 0x0000000084200000| Untracked 
|  41|0x0000000084300000, 0x0000000084400000, 0x0000000084400000|100%| O|  |TAMS 0x0000000084400000, 0x0000000084300000| Untracked 
|  42|0x0000000084400000, 0x0000000084500000, 0x0000000084500000|100%| O|  |TAMS 0x0000000084500000, 0x0000000084400000| Untracked 
|  43|0x0000000084500000, 0x0000000084600000, 0x0000000084600000|100%| O|  |TAMS 0x0000000084600000, 0x0000000084500000| Untracked 
|  44|0x0000000084600000, 0x0000000084700000, 0x0000000084700000|100%| O|  |TAMS 0x0000000084700000, 0x0000000084600000| Untracked 
|  45|0x0000000084700000, 0x0000000084800000, 0x0000000084800000|100%| O|  |TAMS 0x0000000084700000, 0x0000000084700000| Untracked 
|  46|0x0000000084800000, 0x0000000084900000, 0x0000000084900000|100%| O|  |TAMS 0x0000000084800000, 0x0000000084800000| Untracked 
|  47|0x0000000084900000, 0x0000000084a00000, 0x0000000084a00000|100%| O|  |TAMS 0x0000000084900000, 0x0000000084900000| Untracked 
|  48|0x0000000084a00000, 0x0000000084b00000, 0x0000000084b00000|100%| O|  |TAMS 0x0000000084a00000, 0x0000000084a00000| Untracked 
|  49|0x0000000084b00000, 0x0000000084b35a00, 0x0000000084c00000| 20%| O|  |TAMS 0x0000000084b00000, 0x0000000084b00000| Untracked 
|  50|0x0000000084c00000, 0x0000000084c00000, 0x0000000084d00000|  0%| F|  |TAMS 0x0000000084c00000, 0x0000000084c00000| Untracked 
|  51|0x0000000084d00000, 0x0000000084d00000, 0x0000000084e00000|  0%| F|  |TAMS 0x0000000084d00000, 0x0000000084d00000| Untracked 
|  52|0x0000000084e00000, 0x0000000084e00000, 0x0000000084f00000|  0%| F|  |TAMS 0x0000000084e00000, 0x0000000084e00000| Untracked 
|  53|0x0000000084f00000, 0x0000000084f00000, 0x0000000085000000|  0%| F|  |TAMS 0x0000000084f00000, 0x0000000084f00000| Untracked 
|  54|0x0000000085000000, 0x0000000085000000, 0x0000000085100000|  0%| F|  |TAMS 0x0000000085000000, 0x0000000085000000| Untracked 
|  55|0x0000000085100000, 0x0000000085100000, 0x0000000085200000|  0%| F|  |TAMS 0x0000000085100000, 0x0000000085100000| Untracked 
|  56|0x0000000085200000, 0x0000000085200000, 0x0000000085300000|  0%| F|  |TAMS 0x0000000085200000, 0x0000000085200000| Untracked 
|  57|0x0000000085300000, 0x0000000085300000, 0x0000000085400000|  0%| F|  |TAMS 0x0000000085300000, 0x0000000085300000| Untracked 
|  58|0x0000000085400000, 0x0000000085400000, 0x0000000085500000|  0%| F|  |TAMS 0x0000000085400000, 0x0000000085400000| Untracked 
|  59|0x0000000085500000, 0x0000000085500000, 0x0000000085600000|  0%| F|  |TAMS 0x0000000085500000, 0x0000000085500000| Untracked 
|  60|0x0000000085600000, 0x0000000085600000, 0x0000000085700000|  0%| F|  |TAMS 0x0000000085600000, 0x0000000085600000| Untracked 
|  61|0x0000000085700000, 0x0000000085700000, 0x0000000085800000|  0%| F|  |TAMS 0x0000000085700000, 0x0000000085700000| Untracked 
|  62|0x0000000085800000, 0x0000000085800000, 0x0000000085900000|  0%| F|  |TAMS 0x0000000085800000, 0x0000000085800000| Untracked 
|  63|0x0000000085900000, 0x0000000085900000, 0x0000000085a00000|  0%| F|  |TAMS 0x0000000085900000, 0x0000000085900000| Untracked 
|  64|0x0000000085a00000, 0x0000000085a00000, 0x0000000085b00000|  0%| F|  |TAMS 0x0000000085a00000, 0x0000000085a00000| Untracked 
|  65|0x0000000085b00000, 0x0000000085b00000, 0x0000000085c00000|  0%| F|  |TAMS 0x0000000085b00000, 0x0000000085b00000| Untracked 
|  66|0x0000000085c00000, 0x0000000085c00000, 0x0000000085d00000|  0%| F|  |TAMS 0x0000000085c00000, 0x0000000085c00000| Untracked 
|  67|0x0000000085d00000, 0x0000000085d00000, 0x0000000085e00000|  0%| F|  |TAMS 0x0000000085d00000, 0x0000000085d00000| Untracked 
|  68|0x0000000085e00000, 0x0000000085e00000, 0x0000000085f00000|  0%| F|  |TAMS 0x0000000085e00000, 0x0000000085e00000| Untracked 
|  69|0x0000000085f00000, 0x0000000085f00000, 0x0000000086000000|  0%| F|  |TAMS 0x0000000085f00000, 0x0000000085f00000| Untracked 
|  70|0x0000000086000000, 0x0000000086000000, 0x0000000086100000|  0%| F|  |TAMS 0x0000000086000000, 0x0000000086000000| Untracked 
|  71|0x0000000086100000, 0x0000000086100000, 0x0000000086200000|  0%| F|  |TAMS 0x0000000086100000, 0x0000000086100000| Untracked 
|  72|0x0000000086200000, 0x0000000086200000, 0x0000000086300000|  0%| F|  |TAMS 0x0000000086200000, 0x0000000086200000| Untracked 
|  73|0x0000000086300000, 0x00000000863b4330, 0x0000000086400000| 70%| S|CS|TAMS 0x0000000086300000, 0x0000000086300000| Complete 
|  74|0x0000000086400000, 0x0000000086500000, 0x0000000086500000|100%| S|CS|TAMS 0x0000000086400000, 0x0000000086400000| Complete 
|  75|0x0000000086500000, 0x0000000086600000, 0x0000000086600000|100%| S|CS|TAMS 0x0000000086500000, 0x0000000086500000| Complete 
|  76|0x0000000086600000, 0x0000000086700000, 0x0000000086700000|100%| S|CS|TAMS 0x0000000086600000, 0x0000000086600000| Complete 
|  77|0x0000000086700000, 0x0000000086700000, 0x0000000086800000|  0%| F|  |TAMS 0x0000000086700000, 0x0000000086700000| Untracked 
|  78|0x0000000086800000, 0x0000000086800000, 0x0000000086900000|  0%| F|  |TAMS 0x0000000086800000, 0x0000000086800000| Untracked 
|  79|0x0000000086900000, 0x0000000086900000, 0x0000000086a00000|  0%| F|  |TAMS 0x0000000086900000, 0x0000000086900000| Untracked 
|  80|0x0000000086a00000, 0x0000000086a00000, 0x0000000086b00000|  0%| F|  |TAMS 0x0000000086a00000, 0x0000000086a00000| Untracked 
|  81|0x0000000086b00000, 0x0000000086b00000, 0x0000000086c00000|  0%| F|  |TAMS 0x0000000086b00000, 0x0000000086b00000| Untracked 
|  82|0x0000000086c00000, 0x0000000086d00000, 0x0000000086d00000|100%| S|CS|TAMS 0x0000000086c00000, 0x0000000086c00000| Complete 
|  83|0x0000000086d00000, 0x0000000086e00000, 0x0000000086e00000|100%| S|CS|TAMS 0x0000000086d00000, 0x0000000086d00000| Complete 
|  84|0x0000000086e00000, 0x0000000086e00000, 0x0000000086f00000|  0%| F|  |TAMS 0x0000000086e00000, 0x0000000086e00000| Untracked 
|  85|0x0000000086f00000, 0x0000000086f00000, 0x0000000087000000|  0%| F|  |TAMS 0x0000000086f00000, 0x0000000086f00000| Untracked 
|  86|0x0000000087000000, 0x0000000087000000, 0x0000000087100000|  0%| F|  |TAMS 0x0000000087000000, 0x0000000087000000| Untracked 
|  87|0x0000000087100000, 0x0000000087100000, 0x0000000087200000|  0%| F|  |TAMS 0x0000000087100000, 0x0000000087100000| Untracked 
|  88|0x0000000087200000, 0x0000000087200000, 0x0000000087300000|  0%| F|  |TAMS 0x0000000087200000, 0x0000000087200000| Untracked 
|  89|0x0000000087300000, 0x0000000087300000, 0x0000000087400000|  0%| F|  |TAMS 0x0000000087300000, 0x0000000087300000| Untracked 
|  90|0x0000000087400000, 0x0000000087400000, 0x0000000087500000|  0%| F|  |TAMS 0x0000000087400000, 0x0000000087400000| Untracked 
|  91|0x0000000087500000, 0x0000000087500000, 0x0000000087600000|  0%| F|  |TAMS 0x0000000087500000, 0x0000000087500000| Untracked 
|  92|0x0000000087600000, 0x0000000087600000, 0x0000000087700000|  0%| F|  |TAMS 0x0000000087600000, 0x0000000087600000| Untracked 
|  93|0x0000000087700000, 0x0000000087700000, 0x0000000087800000|  0%| F|  |TAMS 0x0000000087700000, 0x0000000087700000| Untracked 
|  94|0x0000000087800000, 0x0000000087800000, 0x0000000087900000|  0%| F|  |TAMS 0x0000000087800000, 0x0000000087800000| Untracked 
|  95|0x0000000087900000, 0x0000000087900000, 0x0000000087a00000|  0%| F|  |TAMS 0x0000000087900000, 0x0000000087900000| Untracked 
|  96|0x0000000087a00000, 0x0000000087a00000, 0x0000000087b00000|  0%| F|  |TAMS 0x0000000087a00000, 0x0000000087a00000| Untracked 
|  97|0x0000000087b00000, 0x0000000087b00000, 0x0000000087c00000|  0%| F|  |TAMS 0x0000000087b00000, 0x0000000087b00000| Untracked 
|  98|0x0000000087c00000, 0x0000000087c00000, 0x0000000087d00000|  0%| F|  |TAMS 0x0000000087c00000, 0x0000000087c00000| Untracked 
|  99|0x0000000087d00000, 0x0000000087d00000, 0x0000000087e00000|  0%| F|  |TAMS 0x0000000087d00000, 0x0000000087d00000| Untracked 
| 100|0x0000000087e00000, 0x0000000087e00000, 0x0000000087f00000|  0%| F|  |TAMS 0x0000000087e00000, 0x0000000087e00000| Untracked 
| 101|0x0000000087f00000, 0x0000000087f00000, 0x0000000088000000|  0%| F|  |TAMS 0x0000000087f00000, 0x0000000087f00000| Untracked 
| 102|0x0000000088000000, 0x0000000088000000, 0x0000000088100000|  0%| F|  |TAMS 0x0000000088000000, 0x0000000088000000| Untracked 
| 103|0x0000000088100000, 0x0000000088100000, 0x0000000088200000|  0%| F|  |TAMS 0x0000000088100000, 0x0000000088100000| Untracked 
| 104|0x0000000088200000, 0x0000000088200000, 0x0000000088300000|  0%| F|  |TAMS 0x0000000088200000, 0x0000000088200000| Untracked 
| 105|0x0000000088300000, 0x0000000088300000, 0x0000000088400000|  0%| F|  |TAMS 0x0000000088300000, 0x0000000088300000| Untracked 
| 106|0x0000000088400000, 0x0000000088400000, 0x0000000088500000|  0%| F|  |TAMS 0x0000000088400000, 0x0000000088400000| Untracked 
| 107|0x0000000088500000, 0x0000000088500000, 0x0000000088600000|  0%| F|  |TAMS 0x0000000088500000, 0x0000000088500000| Untracked 
| 108|0x0000000088600000, 0x0000000088600000, 0x0000000088700000|  0%| F|  |TAMS 0x0000000088600000, 0x0000000088600000| Untracked 
| 109|0x0000000088700000, 0x0000000088700000, 0x0000000088800000|  0%| F|  |TAMS 0x0000000088700000, 0x0000000088700000| Untracked 
| 110|0x0000000088800000, 0x0000000088800000, 0x0000000088900000|  0%| F|  |TAMS 0x0000000088800000, 0x0000000088800000| Untracked 
| 111|0x0000000088900000, 0x0000000088900000, 0x0000000088a00000|  0%| F|  |TAMS 0x0000000088900000, 0x0000000088900000| Untracked 
| 112|0x0000000088a00000, 0x0000000088a00000, 0x0000000088b00000|  0%| F|  |TAMS 0x0000000088a00000, 0x0000000088a00000| Untracked 
| 113|0x0000000088b00000, 0x0000000088b00000, 0x0000000088c00000|  0%| F|  |TAMS 0x0000000088b00000, 0x0000000088b00000| Untracked 
| 114|0x0000000088c00000, 0x0000000088c00000, 0x0000000088d00000|  0%| F|  |TAMS 0x0000000088c00000, 0x0000000088c00000| Untracked 
| 115|0x0000000088d00000, 0x0000000088d00000, 0x0000000088e00000|  0%| F|  |TAMS 0x0000000088d00000, 0x0000000088d00000| Untracked 
| 116|0x0000000088e00000, 0x0000000088e00000, 0x0000000088f00000|  0%| F|  |TAMS 0x0000000088e00000, 0x0000000088e00000| Untracked 
| 117|0x0000000088f00000, 0x0000000088f00000, 0x0000000089000000|  0%| F|  |TAMS 0x0000000088f00000, 0x0000000088f00000| Untracked 
| 118|0x0000000089000000, 0x0000000089000000, 0x0000000089100000|  0%| F|  |TAMS 0x0000000089000000, 0x0000000089000000| Untracked 
| 119|0x0000000089100000, 0x0000000089100000, 0x0000000089200000|  0%| F|  |TAMS 0x0000000089100000, 0x0000000089100000| Untracked 
| 120|0x0000000089200000, 0x0000000089200000, 0x0000000089300000|  0%| F|  |TAMS 0x0000000089200000, 0x0000000089200000| Untracked 
| 121|0x0000000089300000, 0x0000000089300000, 0x0000000089400000|  0%| F|  |TAMS 0x0000000089300000, 0x0000000089300000| Untracked 
| 122|0x0000000089400000, 0x0000000089400000, 0x0000000089500000|  0%| F|  |TAMS 0x0000000089400000, 0x0000000089400000| Untracked 
| 123|0x0000000089500000, 0x0000000089500000, 0x0000000089600000|  0%| F|  |TAMS 0x0000000089500000, 0x0000000089500000| Untracked 
| 124|0x0000000089600000, 0x0000000089600000, 0x0000000089700000|  0%| F|  |TAMS 0x0000000089600000, 0x0000000089600000| Untracked 
| 125|0x0000000089700000, 0x0000000089700000, 0x0000000089800000|  0%| F|  |TAMS 0x0000000089700000, 0x0000000089700000| Untracked 
| 126|0x0000000089800000, 0x0000000089800000, 0x0000000089900000|  0%| F|  |TAMS 0x0000000089800000, 0x0000000089800000| Untracked 
| 127|0x0000000089900000, 0x0000000089900000, 0x0000000089a00000|  0%| F|  |TAMS 0x0000000089900000, 0x0000000089900000| Untracked 
| 128|0x0000000089a00000, 0x0000000089a00000, 0x0000000089b00000|  0%| F|  |TAMS 0x0000000089a00000, 0x0000000089a00000| Untracked 
| 129|0x0000000089b00000, 0x0000000089b00000, 0x0000000089c00000|  0%| F|  |TAMS 0x0000000089b00000, 0x0000000089b00000| Untracked 
| 130|0x0000000089c00000, 0x0000000089c00000, 0x0000000089d00000|  0%| F|  |TAMS 0x0000000089c00000, 0x0000000089c00000| Untracked 
| 131|0x0000000089d00000, 0x0000000089d00000, 0x0000000089e00000|  0%| F|  |TAMS 0x0000000089d00000, 0x0000000089d00000| Untracked 
| 132|0x0000000089e00000, 0x0000000089e00000, 0x0000000089f00000|  0%| F|  |TAMS 0x0000000089e00000, 0x0000000089e00000| Untracked 
| 133|0x0000000089f00000, 0x0000000089f00000, 0x000000008a000000|  0%| F|  |TAMS 0x0000000089f00000, 0x0000000089f00000| Untracked 
| 134|0x000000008a000000, 0x000000008a000000, 0x000000008a100000|  0%| F|  |TAMS 0x000000008a000000, 0x000000008a000000| Untracked 
| 135|0x000000008a100000, 0x000000008a100000, 0x000000008a200000|  0%| F|  |TAMS 0x000000008a100000, 0x000000008a100000| Untracked 
| 136|0x000000008a200000, 0x000000008a200000, 0x000000008a300000|  0%| F|  |TAMS 0x000000008a200000, 0x000000008a200000| Untracked 
| 137|0x000000008a300000, 0x000000008a300000, 0x000000008a400000|  0%| F|  |TAMS 0x000000008a300000, 0x000000008a300000| Untracked 
| 138|0x000000008a400000, 0x000000008a400000, 0x000000008a500000|  0%| F|  |TAMS 0x000000008a400000, 0x000000008a400000| Untracked 
| 139|0x000000008a500000, 0x000000008a500000, 0x000000008a600000|  0%| F|  |TAMS 0x000000008a500000, 0x000000008a500000| Untracked 
| 140|0x000000008a600000, 0x000000008a600000, 0x000000008a700000|  0%| F|  |TAMS 0x000000008a600000, 0x000000008a600000| Untracked 
| 141|0x000000008a700000, 0x000000008a700000, 0x000000008a800000|  0%| F|  |TAMS 0x000000008a700000, 0x000000008a700000| Untracked 
| 142|0x000000008a800000, 0x000000008a800000, 0x000000008a900000|  0%| F|  |TAMS 0x000000008a800000, 0x000000008a800000| Untracked 
| 143|0x000000008a900000, 0x000000008a900000, 0x000000008aa00000|  0%| F|  |TAMS 0x000000008a900000, 0x000000008a900000| Untracked 
| 144|0x000000008aa00000, 0x000000008aa00000, 0x000000008ab00000|  0%| F|  |TAMS 0x000000008aa00000, 0x000000008aa00000| Untracked 
| 145|0x000000008ab00000, 0x000000008ab00000, 0x000000008ac00000|  0%| F|  |TAMS 0x000000008ab00000, 0x000000008ab00000| Untracked 
| 146|0x000000008ac00000, 0x000000008ac00000, 0x000000008ad00000|  0%| F|  |TAMS 0x000000008ac00000, 0x000000008ac00000| Untracked 
| 147|0x000000008ad00000, 0x000000008ad00000, 0x000000008ae00000|  0%| F|  |TAMS 0x000000008ad00000, 0x000000008ad00000| Untracked 
| 148|0x000000008ae00000, 0x000000008ae00000, 0x000000008af00000|  0%| F|  |TAMS 0x000000008ae00000, 0x000000008ae00000| Untracked 
| 149|0x000000008af00000, 0x000000008af00000, 0x000000008b000000|  0%| F|  |TAMS 0x000000008af00000, 0x000000008af00000| Untracked 
| 150|0x000000008b000000, 0x000000008b000000, 0x000000008b100000|  0%| F|  |TAMS 0x000000008b000000, 0x000000008b000000| Untracked 
| 151|0x000000008b100000, 0x000000008b100000, 0x000000008b200000|  0%| F|  |TAMS 0x000000008b100000, 0x000000008b100000| Untracked 
| 152|0x000000008b200000, 0x000000008b300000, 0x000000008b300000|100%| E|  |TAMS 0x000000008b200000, 0x000000008b200000| Complete 
| 153|0x000000008b300000, 0x000000008b400000, 0x000000008b400000|100%| E|CS|TAMS 0x000000008b300000, 0x000000008b300000| Complete 
| 154|0x000000008b400000, 0x000000008b500000, 0x000000008b500000|100%| E|CS|TAMS 0x000000008b400000, 0x000000008b400000| Complete 
| 155|0x000000008b500000, 0x000000008b600000, 0x000000008b600000|100%| E|CS|TAMS 0x000000008b500000, 0x000000008b500000| Complete 
| 156|0x000000008b600000, 0x000000008b700000, 0x000000008b700000|100%| E|CS|TAMS 0x000000008b600000, 0x000000008b600000| Complete 
| 157|0x000000008b700000, 0x000000008b800000, 0x000000008b800000|100%| E|CS|TAMS 0x000000008b700000, 0x000000008b700000| Complete 
| 158|0x000000008b800000, 0x000000008b900000, 0x000000008b900000|100%| E|CS|TAMS 0x000000008b800000, 0x000000008b800000| Complete 
| 159|0x000000008b900000, 0x000000008ba00000, 0x000000008ba00000|100%| E|CS|TAMS 0x000000008b900000, 0x000000008b900000| Complete 
| 160|0x000000008ba00000, 0x000000008bb00000, 0x000000008bb00000|100%| E|CS|TAMS 0x000000008ba00000, 0x000000008ba00000| Complete 
| 161|0x000000008bb00000, 0x000000008bc00000, 0x000000008bc00000|100%| E|CS|TAMS 0x000000008bb00000, 0x000000008bb00000| Complete 
| 162|0x000000008bc00000, 0x000000008bd00000, 0x000000008bd00000|100%| E|CS|TAMS 0x000000008bc00000, 0x000000008bc00000| Complete 
| 163|0x000000008bd00000, 0x000000008be00000, 0x000000008be00000|100%| E|CS|TAMS 0x000000008bd00000, 0x000000008bd00000| Complete 
| 164|0x000000008be00000, 0x000000008bf00000, 0x000000008bf00000|100%| E|CS|TAMS 0x000000008be00000, 0x000000008be00000| Complete 
| 165|0x000000008bf00000, 0x000000008c000000, 0x000000008c000000|100%| E|CS|TAMS 0x000000008bf00000, 0x000000008bf00000| Complete 
| 166|0x000000008c000000, 0x000000008c100000, 0x000000008c100000|100%| E|CS|TAMS 0x000000008c000000, 0x000000008c000000| Complete 
| 167|0x000000008c100000, 0x000000008c200000, 0x000000008c200000|100%| E|CS|TAMS 0x000000008c100000, 0x000000008c100000| Complete 
| 168|0x000000008c200000, 0x000000008c300000, 0x000000008c300000|100%| E|CS|TAMS 0x000000008c200000, 0x000000008c200000| Complete 
| 169|0x000000008c300000, 0x000000008c400000, 0x000000008c400000|100%| E|CS|TAMS 0x000000008c300000, 0x000000008c300000| Complete 
| 170|0x000000008c400000, 0x000000008c500000, 0x000000008c500000|100%| E|CS|TAMS 0x000000008c400000, 0x000000008c400000| Complete 
| 171|0x000000008c500000, 0x000000008c600000, 0x000000008c600000|100%| E|CS|TAMS 0x000000008c500000, 0x000000008c500000| Complete 
| 172|0x000000008c600000, 0x000000008c700000, 0x000000008c700000|100%| E|CS|TAMS 0x000000008c600000, 0x000000008c600000| Complete 
| 173|0x000000008c700000, 0x000000008c800000, 0x000000008c800000|100%| E|CS|TAMS 0x000000008c700000, 0x000000008c700000| Complete 
| 174|0x000000008c800000, 0x000000008c900000, 0x000000008c900000|100%| E|CS|TAMS 0x000000008c800000, 0x000000008c800000| Complete 
| 175|0x000000008c900000, 0x000000008ca00000, 0x000000008ca00000|100%| E|CS|TAMS 0x000000008c900000, 0x000000008c900000| Complete 
| 176|0x000000008ca00000, 0x000000008cb00000, 0x000000008cb00000|100%| E|CS|TAMS 0x000000008ca00000, 0x000000008ca00000| Complete 
| 177|0x000000008cb00000, 0x000000008cc00000, 0x000000008cc00000|100%| E|CS|TAMS 0x000000008cb00000, 0x000000008cb00000| Complete 
| 178|0x000000008cc00000, 0x000000008cd00000, 0x000000008cd00000|100%| E|CS|TAMS 0x000000008cc00000, 0x000000008cc00000| Complete 
| 179|0x000000008cd00000, 0x000000008ce00000, 0x000000008ce00000|100%| E|CS|TAMS 0x000000008cd00000, 0x000000008cd00000| Complete 
| 180|0x000000008ce00000, 0x000000008cf00000, 0x000000008cf00000|100%| E|CS|TAMS 0x000000008ce00000, 0x000000008ce00000| Complete 
| 181|0x000000008cf00000, 0x000000008d000000, 0x000000008d000000|100%| E|CS|TAMS 0x000000008cf00000, 0x000000008cf00000| Complete 
| 182|0x000000008d000000, 0x000000008d100000, 0x000000008d100000|100%| E|CS|TAMS 0x000000008d000000, 0x000000008d000000| Complete 
| 183|0x000000008d100000, 0x000000008d200000, 0x000000008d200000|100%| E|CS|TAMS 0x000000008d100000, 0x000000008d100000| Complete 
| 184|0x000000008d200000, 0x000000008d300000, 0x000000008d300000|100%| E|CS|TAMS 0x000000008d200000, 0x000000008d200000| Complete 
| 185|0x000000008d300000, 0x000000008d400000, 0x000000008d400000|100%| E|CS|TAMS 0x000000008d300000, 0x000000008d300000| Complete 
| 186|0x000000008d400000, 0x000000008d500000, 0x000000008d500000|100%| E|CS|TAMS 0x000000008d400000, 0x000000008d400000| Complete 
| 187|0x000000008d500000, 0x000000008d600000, 0x000000008d600000|100%| E|CS|TAMS 0x000000008d500000, 0x000000008d500000| Complete 
| 188|0x000000008d600000, 0x000000008d700000, 0x000000008d700000|100%| E|CS|TAMS 0x000000008d600000, 0x000000008d600000| Complete 
| 189|0x000000008d700000, 0x000000008d800000, 0x000000008d800000|100%| E|CS|TAMS 0x000000008d700000, 0x000000008d700000| Complete 
| 190|0x000000008d800000, 0x000000008d900000, 0x000000008d900000|100%| E|CS|TAMS 0x000000008d800000, 0x000000008d800000| Complete 
| 191|0x000000008d900000, 0x000000008da00000, 0x000000008da00000|100%| E|CS|TAMS 0x000000008d900000, 0x000000008d900000| Complete 
| 192|0x000000008da00000, 0x000000008db00000, 0x000000008db00000|100%| E|CS|TAMS 0x000000008da00000, 0x000000008da00000| Complete 
| 193|0x000000008db00000, 0x000000008dc00000, 0x000000008dc00000|100%| E|CS|TAMS 0x000000008db00000, 0x000000008db00000| Complete 
| 194|0x000000008dc00000, 0x000000008dd00000, 0x000000008dd00000|100%| E|CS|TAMS 0x000000008dc00000, 0x000000008dc00000| Complete 
| 195|0x000000008dd00000, 0x000000008de00000, 0x000000008de00000|100%| E|CS|TAMS 0x000000008dd00000, 0x000000008dd00000| Complete 
| 196|0x000000008de00000, 0x000000008df00000, 0x000000008df00000|100%| E|CS|TAMS 0x000000008de00000, 0x000000008de00000| Complete 
| 197|0x000000008df00000, 0x000000008e000000, 0x000000008e000000|100%| E|CS|TAMS 0x000000008df00000, 0x000000008df00000| Complete 
| 198|0x000000008e000000, 0x000000008e100000, 0x000000008e100000|100%| E|CS|TAMS 0x000000008e000000, 0x000000008e000000| Complete 
| 199|0x000000008e100000, 0x000000008e200000, 0x000000008e200000|100%| E|CS|TAMS 0x000000008e100000, 0x000000008e100000| Complete 
| 200|0x000000008e200000, 0x000000008e300000, 0x000000008e300000|100%| E|CS|TAMS 0x000000008e200000, 0x000000008e200000| Complete 
| 201|0x000000008e300000, 0x000000008e400000, 0x000000008e400000|100%| E|CS|TAMS 0x000000008e300000, 0x000000008e300000| Complete 
| 202|0x000000008e400000, 0x000000008e500000, 0x000000008e500000|100%| E|CS|TAMS 0x000000008e400000, 0x000000008e400000| Complete 
| 203|0x000000008e500000, 0x000000008e600000, 0x000000008e600000|100%| E|CS|TAMS 0x000000008e500000, 0x000000008e500000| Complete 
| 204|0x000000008e600000, 0x000000008e700000, 0x000000008e700000|100%| E|CS|TAMS 0x000000008e600000, 0x000000008e600000| Complete 
| 205|0x000000008e700000, 0x000000008e800000, 0x000000008e800000|100%| E|CS|TAMS 0x000000008e700000, 0x000000008e700000| Complete 
| 206|0x000000008e800000, 0x000000008e900000, 0x000000008e900000|100%| E|CS|TAMS 0x000000008e800000, 0x000000008e800000| Complete 
| 207|0x000000008e900000, 0x000000008ea00000, 0x000000008ea00000|100%| E|CS|TAMS 0x000000008e900000, 0x000000008e900000| Complete 
| 208|0x000000008ea00000, 0x000000008eb00000, 0x000000008eb00000|100%| E|CS|TAMS 0x000000008ea00000, 0x000000008ea00000| Complete 
| 209|0x000000008eb00000, 0x000000008ec00000, 0x000000008ec00000|100%| E|CS|TAMS 0x000000008eb00000, 0x000000008eb00000| Complete 
| 210|0x000000008ec00000, 0x000000008ed00000, 0x000000008ed00000|100%| E|CS|TAMS 0x000000008ec00000, 0x000000008ec00000| Complete 
| 211|0x000000008ed00000, 0x000000008ee00000, 0x000000008ee00000|100%| E|CS|TAMS 0x000000008ed00000, 0x000000008ed00000| Complete 
| 212|0x000000008ee00000, 0x000000008ef00000, 0x000000008ef00000|100%| E|CS|TAMS 0x000000008ee00000, 0x000000008ee00000| Complete 
| 213|0x000000008ef00000, 0x000000008f000000, 0x000000008f000000|100%| E|CS|TAMS 0x000000008ef00000, 0x000000008ef00000| Complete 
| 214|0x000000008f000000, 0x000000008f100000, 0x000000008f100000|100%| E|CS|TAMS 0x000000008f000000, 0x000000008f000000| Complete 
| 215|0x000000008f100000, 0x000000008f200000, 0x000000008f200000|100%| E|CS|TAMS 0x000000008f100000, 0x000000008f100000| Complete 
| 216|0x000000008f200000, 0x000000008f300000, 0x000000008f300000|100%| E|CS|TAMS 0x000000008f200000, 0x000000008f200000| Complete 
| 217|0x000000008f300000, 0x000000008f400000, 0x000000008f400000|100%| E|CS|TAMS 0x000000008f300000, 0x000000008f300000| Complete 
| 218|0x000000008f400000, 0x000000008f500000, 0x000000008f500000|100%| E|CS|TAMS 0x000000008f400000, 0x000000008f400000| Complete 
| 219|0x000000008f500000, 0x000000008f600000, 0x000000008f600000|100%| E|CS|TAMS 0x000000008f500000, 0x000000008f500000| Complete 
| 220|0x000000008f600000, 0x000000008f700000, 0x000000008f700000|100%| E|CS|TAMS 0x000000008f600000, 0x000000008f600000| Complete 
| 221|0x000000008f700000, 0x000000008f800000, 0x000000008f800000|100%| E|CS|TAMS 0x000000008f700000, 0x000000008f700000| Complete 
| 222|0x000000008f800000, 0x000000008f900000, 0x000000008f900000|100%| E|CS|TAMS 0x000000008f800000, 0x000000008f800000| Complete 
| 223|0x000000008f900000, 0x000000008fa00000, 0x000000008fa00000|100%| E|CS|TAMS 0x000000008f900000, 0x000000008f900000| Complete 
| 224|0x000000008fa00000, 0x000000008fb00000, 0x000000008fb00000|100%| E|CS|TAMS 0x000000008fa00000, 0x000000008fa00000| Complete 
| 225|0x000000008fb00000, 0x000000008fc00000, 0x000000008fc00000|100%| E|CS|TAMS 0x000000008fb00000, 0x000000008fb00000| Complete 
| 226|0x000000008fc00000, 0x000000008fd00000, 0x000000008fd00000|100%| E|CS|TAMS 0x000000008fc00000, 0x000000008fc00000| Complete 
| 227|0x000000008fd00000, 0x000000008fe00000, 0x000000008fe00000|100%| E|CS|TAMS 0x000000008fd00000, 0x000000008fd00000| Complete 
| 228|0x000000008fe00000, 0x000000008ff00000, 0x000000008ff00000|100%| E|CS|TAMS 0x000000008fe00000, 0x000000008fe00000| Complete 

Card table byte_map: [0x0000025e4d060000,0x0000025e4d460000] _byte_map_base: 0x0000025e4cc53000

Marking Bits (Prev, Next): (CMBitMap*) 0x0000025e364216f0, (CMBitMap*) 0x0000025e36421730
 Prev Bits: [0x0000025e4d860000, 0x0000025e4f7f8000)
 Next Bits: [0x0000025e4f800000, 0x0000025e51798000)

Polling page: 0x0000025e343b0000

Metaspace:

Usage:
  Non-class:     30.54 MB used.
      Class:      3.94 MB used.
       Both:     34.49 MB used.

Virtual space:
  Non-class space:       64.00 MB reserved,      30.75 MB ( 48%) committed,  1 nodes.
      Class space:        1.00 GB reserved,       4.19 MB ( <1%) committed,  1 nodes.
             Both:        1.06 GB reserved,      34.94 MB (  3%) committed. 

Chunk freelists:
   Non-Class:  496.00 KB
       Class:  11.68 MB
        Both:  12.17 MB

MaxMetaspaceSize: unlimited
CompressedClassSpaceSize: 1.00 GB
Initial GC threshold: 21.00 MB
Current GC threshold: 46.81 MB
CDS: on
MetaspaceReclaimPolicy: balanced
 - commit_granule_bytes: 65536.
 - commit_granule_words: 8192.
 - virtual_space_node_default_size: 8388608.
 - enlarge_chunks_in_place: 1.
 - new_chunks_are_fully_committed: 0.
 - uncommit_free_chunks: 1.
 - use_allocation_guard: 0.
 - handle_deallocations: 1.


Internal statistics:

num_allocs_failed_limit: 6.
num_arena_births: 342.
num_arena_deaths: 0.
num_vsnodes_births: 2.
num_vsnodes_deaths: 0.
num_space_committed: 558.
num_space_uncommitted: 0.
num_chunks_returned_to_freelist: 6.
num_chunks_taken_from_freelist: 1698.
num_chunk_merges: 6.
num_chunk_splits: 1130.
num_chunks_enlarged: 796.
num_inconsistent_stats: 0.

CodeHeap 'non-profiled nmethods': size=120000Kb used=4839Kb max_used=4839Kb free=115160Kb
 bounds [0x0000025e45730000, 0x0000025e45bf0000, 0x0000025e4cc60000]
CodeHeap 'profiled nmethods': size=120000Kb used=17966Kb max_used=17966Kb free=102033Kb
 bounds [0x0000025e3dc60000, 0x0000025e3edf0000, 0x0000025e45190000]
CodeHeap 'non-nmethods': size=5760Kb used=1248Kb max_used=1311Kb free=4512Kb
 bounds [0x0000025e45190000, 0x0000025e45400000, 0x0000025e45730000]
 total_blobs=8340 nmethods=7780 adapters=472
 compilation: enabled
              stopped_count=0, restarted_count=0
 full_count=0

Compilation events (20 events):
Event: 64.782 Thread 0x0000025e53c7eb20 nmethod 8541 0x0000025e45be9290 code [0x0000025e45be9420, 0x0000025e45be9618]
Event: 64.782 Thread 0x0000025e53c7eb20 8551       4       com.sun.tools.javac.processing.JavacProcessingEnvironment$1::visitIdent (11 bytes)
Event: 64.784 Thread 0x0000025e53c7eb20 nmethod 8551 0x0000025e45be9710 code [0x0000025e45be9880, 0x0000025e45be9978]
Event: 64.784 Thread 0x0000025e53c7eb20 8543   !   4       com.sun.tools.javac.tree.Pretty::visitSelect (51 bytes)
Event: 64.784 Thread 0x0000025e53c7f520 8559       3       com.sun.tools.javac.code.Scope$NamedImportScope::importType (22 bytes)
Event: 64.785 Thread 0x0000025e53c7f520 nmethod 8559 0x0000025e3ede2310 code [0x0000025e3ede2540, 0x0000025e3ede2ee8]
Event: 64.786 Thread 0x0000025e53c7f520 8560       3       com.sun.tools.javac.code.Types::directSupertypes (12 bytes)
Event: 64.786 Thread 0x0000025e53c7f520 nmethod 8560 0x0000025e3ede3210 code [0x0000025e3ede33c0, 0x0000025e3ede3708]
Event: 64.786 Thread 0x0000025e53c7f520 8561       3       com.sun.tools.javac.code.Types$17::visitType (10 bytes)
Event: 64.787 Thread 0x0000025e53c7f520 nmethod 8561 0x0000025e3ede3810 code [0x0000025e3ede39c0, 0x0000025e3ede3c08]
Event: 64.791 Thread 0x0000025e53c7f520 8562       3       com.sun.tools.javac.tree.TreeMaker::Select (28 bytes)
Event: 64.792 Thread 0x0000025e53c7f520 nmethod 8562 0x0000025e3ede3d10 code [0x0000025e3ede3f00, 0x0000025e3ede4658]
Event: 64.796 Thread 0x0000025e53c7f520 8563       3       com.sun.tools.javac.comp.TypeEnter$ImportsPhase::importAll (31 bytes)
Event: 64.797 Thread 0x0000025e53c7f520 nmethod 8563 0x0000025e3ede4890 code [0x0000025e3ede4a40, 0x0000025e3ede4c98]
Event: 64.797 Thread 0x0000025e53c7f520 8564       3       com.sun.tools.javac.code.Symbol::isAnonymous (8 bytes)
Event: 64.798 Thread 0x0000025e53c7f520 nmethod 8564 0x0000025e3ede4e10 code [0x0000025e3ede4fc0, 0x0000025e3ede5278]
Event: 64.814 Thread 0x0000025e53c7f520 8565       3       com.sun.tools.javac.code.Scope$FilterImportScope::<init> (42 bytes)
Event: 64.815 Thread 0x0000025e53c7f520 nmethod 8565 0x0000025e3ede5390 code [0x0000025e3ede5580, 0x0000025e3ede5c38]
Event: 64.822 Thread 0x0000025e53c7f520 8567       3       com.sun.tools.javac.tree.TreeMaker::Ident (51 bytes)
Event: 64.823 Thread 0x0000025e53c7f520 nmethod 8567 0x0000025e3ede5e10 code [0x0000025e3ede6020, 0x0000025e3ede6868]

GC Heap History (20 events):
Event: 47.306 GC heap before
{Heap before GC invocations=5 (full 0):
 garbage-first heap   total 131072K, used 92469K [0x0000000081a00000, 0x0000000100000000)
  region size 1024K, 70 young (71680K), 8 survivors (8192K)
 Metaspace       used 20274K, committed 20480K, reserved 1114112K
  class space    used 2328K, committed 2432K, reserved 1048576K
}
Event: 47.328 GC heap after
{Heap after GC invocations=6 (full 0):
 garbage-first heap   total 131072K, used 34304K [0x0000000081a00000, 0x0000000100000000)
  region size 1024K, 6 young (6144K), 6 survivors (6144K)
 Metaspace       used 20274K, committed 20480K, reserved 1114112K
  class space    used 2328K, committed 2432K, reserved 1048576K
}
Event: 47.740 GC heap before
{Heap before GC invocations=6 (full 0):
 garbage-first heap   total 131072K, used 37376K [0x0000000081a00000, 0x0000000100000000)
  region size 1024K, 10 young (10240K), 6 survivors (6144K)
 Metaspace       used 21251K, committed 21504K, reserved 1114112K
  class space    used 2482K, committed 2624K, reserved 1048576K
}
Event: 47.755 GC heap after
{Heap after GC invocations=7 (full 0):
 garbage-first heap   total 131072K, used 34673K [0x0000000081a00000, 0x0000000100000000)
  region size 1024K, 3 young (3072K), 3 survivors (3072K)
 Metaspace       used 21251K, committed 21504K, reserved 1114112K
  class space    used 2482K, committed 2624K, reserved 1048576K
}
Event: 52.733 GC heap before
{Heap before GC invocations=8 (full 0):
 garbage-first heap   total 122880K, used 70513K [0x0000000081a00000, 0x0000000100000000)
  region size 1024K, 38 young (38912K), 3 survivors (3072K)
 Metaspace       used 26545K, committed 26816K, reserved 1114112K
  class space    used 3053K, committed 3200K, reserved 1048576K
}
Event: 52.763 GC heap after
{Heap after GC invocations=9 (full 0):
 garbage-first heap   total 122880K, used 44507K [0x0000000081a00000, 0x0000000100000000)
  region size 1024K, 5 young (5120K), 5 survivors (5120K)
 Metaspace       used 26545K, committed 26816K, reserved 1114112K
  class space    used 3053K, committed 3200K, reserved 1048576K
}
Event: 52.808 GC heap before
{Heap before GC invocations=9 (full 0):
 garbage-first heap   total 122880K, used 45531K [0x0000000081a00000, 0x0000000100000000)
  region size 1024K, 6 young (6144K), 5 survivors (5120K)
 Metaspace       used 26552K, committed 26816K, reserved 1114112K
  class space    used 3053K, committed 3200K, reserved 1048576K
}
Event: 52.823 GC heap after
{Heap after GC invocations=10 (full 0):
 garbage-first heap   total 122880K, used 45337K [0x0000000081a00000, 0x0000000100000000)
  region size 1024K, 1 young (1024K), 1 survivors (1024K)
 Metaspace       used 26552K, committed 26816K, reserved 1114112K
  class space    used 3053K, committed 3200K, reserved 1048576K
}
Event: 55.990 GC heap before
{Heap before GC invocations=10 (full 0):
 garbage-first heap   total 122880K, used 74009K [0x0000000081a00000, 0x0000000100000000)
  region size 1024K, 30 young (30720K), 1 survivors (1024K)
 Metaspace       used 28105K, committed 28416K, reserved 1114112K
  class space    used 3199K, committed 3328K, reserved 1048576K
}
Event: 56.001 GC heap after
{Heap after GC invocations=11 (full 0):
 garbage-first heap   total 122880K, used 47579K [0x0000000081a00000, 0x0000000100000000)
  region size 1024K, 3 young (3072K), 3 survivors (3072K)
 Metaspace       used 28105K, committed 28416K, reserved 1114112K
  class space    used 3199K, committed 3328K, reserved 1048576K
}
Event: 57.732 GC heap before
{Heap before GC invocations=12 (full 0):
 garbage-first heap   total 122880K, used 79323K [0x0000000081a00000, 0x0000000100000000)
  region size 1024K, 34 young (34816K), 3 survivors (3072K)
 Metaspace       used 29249K, committed 29632K, reserved 1114112K
  class space    used 3331K, committed 3520K, reserved 1048576K
}
Event: 57.744 GC heap after
{Heap after GC invocations=13 (full 0):
 garbage-first heap   total 122880K, used 48533K [0x0000000081a00000, 0x0000000100000000)
  region size 1024K, 1 young (1024K), 1 survivors (1024K)
 Metaspace       used 29249K, committed 29632K, reserved 1114112K
  class space    used 3331K, committed 3520K, reserved 1048576K
}
Event: 57.858 GC heap before
{Heap before GC invocations=13 (full 0):
 garbage-first heap   total 122880K, used 53653K [0x0000000081a00000, 0x0000000100000000)
  region size 1024K, 6 young (6144K), 1 survivors (1024K)
 Metaspace       used 29310K, committed 29696K, reserved 1114112K
  class space    used 3334K, committed 3520K, reserved 1048576K
}
Event: 57.863 GC heap after
{Heap after GC invocations=14 (full 0):
 garbage-first heap   total 122880K, used 48764K [0x0000000081a00000, 0x0000000100000000)
  region size 1024K, 1 young (1024K), 1 survivors (1024K)
 Metaspace       used 29310K, committed 29696K, reserved 1114112K
  class space    used 3334K, committed 3520K, reserved 1048576K
}
Event: 58.763 GC heap before
{Heap before GC invocations=14 (full 0):
 garbage-first heap   total 122880K, used 82556K [0x0000000081a00000, 0x0000000100000000)
  region size 1024K, 34 young (34816K), 1 survivors (1024K)
 Metaspace       used 29555K, committed 29952K, reserved 1114112K
  class space    used 3338K, committed 3520K, reserved 1048576K
}
Event: 58.773 GC heap after
{Heap after GC invocations=15 (full 0):
 garbage-first heap   total 122880K, used 50589K [0x0000000081a00000, 0x0000000100000000)
  region size 1024K, 3 young (3072K), 3 survivors (3072K)
 Metaspace       used 29555K, committed 29952K, reserved 1114112K
  class space    used 3338K, committed 3520K, reserved 1048576K
}
Event: 60.386 GC heap before
{Heap before GC invocations=15 (full 0):
 garbage-first heap   total 122880K, used 86429K [0x0000000081a00000, 0x0000000100000000)
  region size 1024K, 38 young (38912K), 3 survivors (3072K)
 Metaspace       used 30998K, committed 31424K, reserved 1114112K
  class space    used 3513K, committed 3712K, reserved 1048576K
}
Event: 60.402 GC heap after
{Heap after GC invocations=16 (full 0):
 garbage-first heap   total 122880K, used 53240K [0x0000000081a00000, 0x0000000100000000)
  region size 1024K, 5 young (5120K), 5 survivors (5120K)
 Metaspace       used 30998K, committed 31424K, reserved 1114112K
  class space    used 3513K, committed 3712K, reserved 1048576K
}
Event: 63.939 GC heap before
{Heap before GC invocations=16 (full 0):
 garbage-first heap   total 122880K, used 90104K [0x0000000081a00000, 0x0000000100000000)
  region size 1024K, 41 young (41984K), 5 survivors (5120K)
 Metaspace       used 35068K, committed 35456K, reserved 1114112K
  class space    used 4031K, committed 4224K, reserved 1048576K
}
Event: 63.973 GC heap after
{Heap after GC invocations=17 (full 0):
 garbage-first heap   total 234496K, used 56231K [0x0000000081a00000, 0x0000000100000000)
  region size 1024K, 6 young (6144K), 6 survivors (6144K)
 Metaspace       used 35068K, committed 35456K, reserved 1114112K
  class space    used 4031K, committed 4224K, reserved 1048576K
}

Deoptimization events (20 events):
Event: 64.698 Thread 0x0000025e3429e540 Uncommon trap: trap_request=0xfffffff4 fr.pc=0x0000025e45abe050 relative=0x0000000000000b90
Event: 64.698 Thread 0x0000025e3429e540 Uncommon trap: reason=null_check action=make_not_entrant pc=0x0000025e45abe050 method=lombok.core.configuration.FileSystemSourceCache.forUri(Ljava/net/URI;)Llombok/core/configuration/ConfigurationFile; @ 20 c2
Event: 64.698 Thread 0x0000025e3429e540 DEOPT PACKING pc=0x0000025e45abe050 sp=0x0000008291cfcd90
Event: 64.698 Thread 0x0000025e3429e540 DEOPT UNPACKING pc=0x0000025e451e23a3 sp=0x0000008291cfcda0 mode 2
Event: 64.698 Thread 0x0000025e3429e540 Uncommon trap: trap_request=0xfffffff4 fr.pc=0x0000025e45adaea4 relative=0x00000000000006c4
Event: 64.698 Thread 0x0000025e3429e540 Uncommon trap: reason=null_check action=make_not_entrant pc=0x0000025e45adaea4 method=lombok.core.configuration.FileSystemSourceCache.ensureContent(Llombok/core/configuration/ConfigurationFile;)Llombok/core/configuration/FileSystemSourceCache$Content; @ 1
Event: 64.698 Thread 0x0000025e3429e540 DEOPT PACKING pc=0x0000025e45adaea4 sp=0x0000008291cfcd00
Event: 64.698 Thread 0x0000025e3429e540 DEOPT UNPACKING pc=0x0000025e451e23a3 sp=0x0000008291cfcc48 mode 2
Event: 64.699 Thread 0x0000025e3429e540 Uncommon trap: trap_request=0xfffffff4 fr.pc=0x0000025e45a8e700 relative=0x0000000000000540
Event: 64.699 Thread 0x0000025e3429e540 Uncommon trap: reason=null_check action=make_not_entrant pc=0x0000025e45a8e700 method=lombok.core.configuration.FileSystemSourceCache.ensureContent(Llombok/core/configuration/ConfigurationFile;)Llombok/core/configuration/FileSystemSourceCache$Content; @ 1
Event: 64.699 Thread 0x0000025e3429e540 DEOPT PACKING pc=0x0000025e45a8e700 sp=0x0000008291cfcc80
Event: 64.699 Thread 0x0000025e3429e540 DEOPT UNPACKING pc=0x0000025e451e23a3 sp=0x0000008291cfcc38 mode 2
Event: 64.747 Thread 0x0000025e3429e540 Uncommon trap: trap_request=0xffffff45 fr.pc=0x0000025e45ba66f0 relative=0x00000000000002d0
Event: 64.747 Thread 0x0000025e3429e540 Uncommon trap: reason=unstable_if action=reinterpret pc=0x0000025e45ba66f0 method=com.sun.tools.javac.util.Iterators$CompoundIterator.hasNext()Z @ 4 c2
Event: 64.747 Thread 0x0000025e3429e540 DEOPT PACKING pc=0x0000025e45ba66f0 sp=0x0000008291cfd1b0
Event: 64.747 Thread 0x0000025e3429e540 DEOPT UNPACKING pc=0x0000025e451e23a3 sp=0x0000008291cfd180 mode 2
Event: 64.757 Thread 0x0000025e3429e540 Uncommon trap: trap_request=0xffffffc6 fr.pc=0x0000025e45b241ac relative=0x00000000000003ac
Event: 64.757 Thread 0x0000025e3429e540 Uncommon trap: reason=bimorphic_or_optimized_type_check action=maybe_recompile pc=0x0000025e45b241ac method=java.util.Spliterators$IteratorSpliterator.tryAdvance(Ljava/util/function/Consumer;)Z @ 50 c2
Event: 64.757 Thread 0x0000025e3429e540 DEOPT PACKING pc=0x0000025e45b241ac sp=0x0000008291cfce40
Event: 64.757 Thread 0x0000025e3429e540 DEOPT UNPACKING pc=0x0000025e451e23a3 sp=0x0000008291cfcd18 mode 2

Classes unloaded (0 events):
No events

Classes redefined (0 events):
No events

Internal exceptions (20 events):
Event: 63.417 Thread 0x0000025e3429e540 Exception <a 'java/lang/ClassNotFoundException'{0x0000000087aaa360}: org/mapstruct/ap/internal/model/common/ParameterBindingCustomizer> (0x0000000087aaa360) 
thrown [s\open\src\hotspot\share\classfile\systemDictionary.cpp, line 256]
Event: 63.513 Thread 0x0000025e3429e540 Exception <a 'sun/nio/fs/WindowsException'{0x0000000087764768}> (0x0000000087764768) 
thrown [s\open\src\hotspot\share\prims\jni.cpp, line 516]
Event: 63.636 Thread 0x0000025e3429e540 Exception <a 'sun/nio/fs/WindowsException'{0x0000000087359a88}> (0x0000000087359a88) 
thrown [s\open\src\hotspot\share\prims\jni.cpp, line 516]
Event: 63.803 Thread 0x0000025e3429e540 Exception <a 'sun/nio/fs/WindowsException'{0x00000000870d36f0}> (0x00000000870d36f0) 
thrown [s\open\src\hotspot\share\prims\jni.cpp, line 516]
Event: 64.004 Thread 0x0000025e3429e540 Exception <a 'sun/nio/fs/WindowsException'{0x000000008fd6b310}> (0x000000008fd6b310) 
thrown [s\open\src\hotspot\share\prims\jni.cpp, line 516]
Event: 64.283 Thread 0x0000025e3429e540 Exception <a 'sun/nio/fs/WindowsException'{0x000000008fa2b240}> (0x000000008fa2b240) 
thrown [s\open\src\hotspot\share\prims\jni.cpp, line 516]
Event: 64.391 Thread 0x0000025e3429e540 Exception <a 'sun/nio/fs/WindowsException'{0x000000008f919fe8}> (0x000000008f919fe8) 
thrown [s\open\src\hotspot\share\prims\jni.cpp, line 516]
Event: 64.391 Thread 0x0000025e3429e540 Exception <a 'sun/nio/fs/WindowsException'{0x000000008f91a438}> (0x000000008f91a438) 
thrown [s\open\src\hotspot\share\prims\jni.cpp, line 516]
Event: 64.391 Thread 0x0000025e3429e540 Exception <a 'sun/nio/fs/WindowsException'{0x000000008f91b4a0}> (0x000000008f91b4a0) 
thrown [s\open\src\hotspot\share\prims\jni.cpp, line 516]
Event: 64.391 Thread 0x0000025e3429e540 Exception <a 'sun/nio/fs/WindowsException'{0x000000008f91b980}> (0x000000008f91b980) 
thrown [s\open\src\hotspot\share\prims\jni.cpp, line 516]
Event: 64.391 Thread 0x0000025e3429e540 Exception <a 'sun/nio/fs/WindowsException'{0x000000008f91cad0}> (0x000000008f91cad0) 
thrown [s\open\src\hotspot\share\prims\jni.cpp, line 516]
Event: 64.391 Thread 0x0000025e3429e540 Exception <a 'sun/nio/fs/WindowsException'{0x000000008f91cf30}> (0x000000008f91cf30) 
thrown [s\open\src\hotspot\share\prims\jni.cpp, line 516]
Event: 64.698 Thread 0x0000025e3429e540 Implicit null exception at 0x0000025e45abd5a0 to 0x0000025e45abe03b
Event: 64.699 Thread 0x0000025e3429e540 Implicit null exception at 0x0000025e45a8e3ac to 0x0000025e45a8e6e8
Event: 64.756 Thread 0x0000025e3429e540 Exception <a 'sun/nio/fs/WindowsException'{0x000000008ea52fa0}> (0x000000008ea52fa0) 
thrown [s\open\src\hotspot\share\prims\jni.cpp, line 516]
Event: 64.756 Thread 0x0000025e3429e540 Exception <a 'sun/nio/fs/WindowsException'{0x000000008ea533f0}> (0x000000008ea533f0) 
thrown [s\open\src\hotspot\share\prims\jni.cpp, line 516]
Event: 64.756 Thread 0x0000025e3429e540 Exception <a 'sun/nio/fs/WindowsException'{0x000000008ea54458}> (0x000000008ea54458) 
thrown [s\open\src\hotspot\share\prims\jni.cpp, line 516]
Event: 64.756 Thread 0x0000025e3429e540 Exception <a 'sun/nio/fs/WindowsException'{0x000000008ea54938}> (0x000000008ea54938) 
thrown [s\open\src\hotspot\share\prims\jni.cpp, line 516]
Event: 64.756 Thread 0x0000025e3429e540 Exception <a 'sun/nio/fs/WindowsException'{0x000000008ea55a88}> (0x000000008ea55a88) 
thrown [s\open\src\hotspot\share\prims\jni.cpp, line 516]
Event: 64.756 Thread 0x0000025e3429e540 Exception <a 'sun/nio/fs/WindowsException'{0x000000008ea55ee8}> (0x000000008ea55ee8) 
thrown [s\open\src\hotspot\share\prims\jni.cpp, line 516]

VM Operations (20 events):
Event: 60.385 Executing VM operation: G1CollectForAllocation
Event: 60.402 Executing VM operation: G1CollectForAllocation done
Event: 61.270 Executing VM operation: HandshakeAllThreads
Event: 61.270 Executing VM operation: HandshakeAllThreads done
Event: 62.278 Executing VM operation: Cleanup
Event: 62.431 Executing VM operation: Cleanup done
Event: 62.846 Executing VM operation: HandshakeAllThreads
Event: 62.846 Executing VM operation: HandshakeAllThreads done
Event: 63.141 Executing VM operation: HandshakeAllThreads
Event: 63.141 Executing VM operation: HandshakeAllThreads done
Event: 63.141 Executing VM operation: HandshakeAllThreads
Event: 63.142 Executing VM operation: HandshakeAllThreads done
Event: 63.495 Executing VM operation: ICBufferFull
Event: 63.495 Executing VM operation: ICBufferFull done
Event: 63.939 Executing VM operation: G1CollectForAllocation
Event: 63.974 Executing VM operation: G1CollectForAllocation done
Event: 64.557 Executing VM operation: ICBufferFull
Event: 64.557 Executing VM operation: ICBufferFull done
Event: 64.758 Executing VM operation: ICBufferFull
Event: 64.758 Executing VM operation: ICBufferFull done

Events (20 events):
Event: 63.206 loading class jdk/internal/icu/text/NormalizerBase
Event: 63.206 loading class jdk/internal/icu/text/NormalizerBase done
Event: 63.206 loading class jdk/internal/icu/text/NormalizerBase$NONEMode
Event: 63.206 loading class jdk/internal/icu/text/NormalizerBase$NONEMode done
Event: 63.206 loading class jdk/internal/icu/text/NormalizerBase$NFDMode
Event: 63.207 loading class jdk/internal/icu/text/NormalizerBase$NFDMode done
Event: 63.207 loading class jdk/internal/icu/text/NormalizerBase$NFKDMode
Event: 63.207 loading class jdk/internal/icu/text/NormalizerBase$NFKDMode done
Event: 63.207 loading class jdk/internal/icu/text/NormalizerBase$NFCMode
Event: 63.207 loading class jdk/internal/icu/text/NormalizerBase$NFCMode done
Event: 63.207 loading class jdk/internal/icu/text/NormalizerBase$NFKCMode
Event: 63.207 loading class jdk/internal/icu/text/NormalizerBase$NFKCMode done
Event: 63.207 loading class jdk/internal/icu/text/UCharacterIterator
Event: 63.207 loading class jdk/internal/icu/text/UCharacterIterator done
Event: 63.207 loading class jdk/internal/icu/impl/ReplaceableUCharacterIterator
Event: 63.212 loading class jdk/internal/icu/impl/ReplaceableUCharacterIterator done
Event: 63.212 loading class jdk/internal/icu/text/ReplaceableString
Event: 63.217 loading class jdk/internal/icu/text/Replaceable
Event: 63.217 loading class jdk/internal/icu/text/Replaceable done
Event: 63.217 loading class jdk/internal/icu/text/ReplaceableString done


Dynamic libraries:
0x00007ff799280000 - 0x00007ff799290000 	C:\Program Files\Java\jdk-17\bin\java.exe
0x00007ffa7dcf0000 - 0x00007ffa7dee8000 	C:\WINDOWS\SYSTEM32\ntdll.dll
0x00007ffa7bfb0000 - 0x00007ffa7c071000 	C:\WINDOWS\System32\KERNEL32.DLL
0x00007ffa7b9f0000 - 0x00007ffa7bce6000 	C:\WINDOWS\System32\KERNELBASE.dll
0x00007ffa7b8f0000 - 0x00007ffa7b9f0000 	C:\WINDOWS\System32\ucrtbase.dll
0x00007ffa64470000 - 0x00007ffa64489000 	C:\Program Files\Java\jdk-17\bin\jli.dll
0x00007ffa7cae0000 - 0x00007ffa7cb90000 	C:\WINDOWS\System32\ADVAPI32.dll
0x00007ffa7bf10000 - 0x00007ffa7bfae000 	C:\WINDOWS\System32\msvcrt.dll
0x00007ffa7d590000 - 0x00007ffa7d630000 	C:\WINDOWS\System32\sechost.dll
0x00007ffa7d9c0000 - 0x00007ffa7dae3000 	C:\WINDOWS\System32\RPCRT4.dll
0x00007ffa7b590000 - 0x00007ffa7b5b7000 	C:\WINDOWS\System32\bcrypt.dll
0x00007ffa7c230000 - 0x00007ffa7c3cf000 	C:\WINDOWS\System32\USER32.dll
0x00007ffa7b3e0000 - 0x00007ffa7b402000 	C:\WINDOWS\System32\win32u.dll
0x00007ffa7c520000 - 0x00007ffa7c54b000 	C:\WINDOWS\System32\GDI32.dll
0x00007ffa7b5c0000 - 0x00007ffa7b6d7000 	C:\WINDOWS\System32\gdi32full.dll
0x00007ffa7b4f0000 - 0x00007ffa7b58d000 	C:\WINDOWS\System32\msvcp_win.dll
0x00007ffa63cf0000 - 0x00007ffa63d0b000 	C:\Program Files\Java\jdk-17\bin\VCRUNTIME140.dll
0x00007ffa6b1c0000 - 0x00007ffa6b45a000 	C:\WINDOWS\WinSxS\amd64_microsoft.windows.common-controls_6595b64144ccf1df_6.0.19041.4355_none_60b8b9eb71f62e16\COMCTL32.dll
0x00007ffa70c30000 - 0x00007ffa70c3a000 	C:\WINDOWS\SYSTEM32\VERSION.dll
0x00007ffa7d630000 - 0x00007ffa7d65f000 	C:\WINDOWS\System32\IMM32.DLL
0x00007ffa625e0000 - 0x00007ffa626f8000 	C:\Program Files (x86)\Citrix\ICA Client\epclient64.dll
0x00007ffa7a420000 - 0x00007ffa7a453000 	C:\WINDOWS\SYSTEM32\ntmarta.dll
0x00007ffa6b980000 - 0x00007ffa6b98c000 	C:\Program Files\Java\jdk-17\bin\vcruntime140_1.dll
0x00007ffa63220000 - 0x00007ffa632ae000 	C:\Program Files\Java\jdk-17\bin\msvcp140.dll
0x00007ffa36ea0000 - 0x00007ffa37a7f000 	C:\Program Files\Java\jdk-17\bin\server\jvm.dll
0x00007ffa7bd50000 - 0x00007ffa7bd58000 	C:\WINDOWS\System32\PSAPI.DLL
0x00007ffa66430000 - 0x00007ffa66439000 	C:\WINDOWS\SYSTEM32\WSOCK32.dll
0x00007ffa7dc10000 - 0x00007ffa7dc7b000 	C:\WINDOWS\System32\WS2_32.dll
0x00007ffa67fc0000 - 0x00007ffa67fe7000 	C:\WINDOWS\SYSTEM32\WINMM.dll
0x00007ffa79e10000 - 0x00007ffa79e22000 	C:\WINDOWS\SYSTEM32\kernel.appcore.dll
0x00007ffa6a690000 - 0x00007ffa6a69a000 	C:\Program Files\Java\jdk-17\bin\jimage.dll
0x00007ffa796c0000 - 0x00007ffa798a4000 	C:\WINDOWS\SYSTEM32\DBGHELP.DLL
0x00007ffa674a0000 - 0x00007ffa674d4000 	C:\WINDOWS\SYSTEM32\dbgcore.DLL
0x00007ffa7b410000 - 0x00007ffa7b492000 	C:\WINDOWS\System32\bcryptPrimitives.dll
0x00007ffa62470000 - 0x00007ffa62495000 	C:\Program Files\Java\jdk-17\bin\java.dll
0x00007ffa5bd80000 - 0x00007ffa5be57000 	C:\Program Files\Java\jdk-17\bin\jsvml.dll
0x00007ffa7ce20000 - 0x00007ffa7d58c000 	C:\WINDOWS\System32\SHELL32.dll
0x00007ffa785c0000 - 0x00007ffa78d5e000 	C:\WINDOWS\SYSTEM32\windows.storage.dll
0x0000025e99000000 - 0x0000025e99353000 	C:\WINDOWS\System32\combase.dll
0x00007ffa7ac40000 - 0x00007ffa7ac6e000 	C:\WINDOWS\SYSTEM32\Wldp.dll
0x00007ffa7bd60000 - 0x00007ffa7be2d000 	C:\WINDOWS\System32\OLEAUT32.dll
0x00007ffa7ca20000 - 0x00007ffa7cacd000 	C:\WINDOWS\System32\SHCORE.dll
0x00007ffa7cd40000 - 0x00007ffa7cd95000 	C:\WINDOWS\System32\shlwapi.dll
0x00007ffa7b2a0000 - 0x00007ffa7b2c4000 	C:\WINDOWS\SYSTEM32\profapi.dll
0x00007ffa63b60000 - 0x00007ffa63b79000 	C:\Program Files\Java\jdk-17\bin\net.dll
0x00007ffa6d030000 - 0x00007ffa6d13a000 	C:\WINDOWS\SYSTEM32\WINHTTP.dll
0x00007ffa7aa20000 - 0x00007ffa7aa8a000 	C:\WINDOWS\system32\mswsock.dll
0x00007ffa63ac0000 - 0x00007ffa63ad6000 	C:\Program Files\Java\jdk-17\bin\nio.dll
0x00007ffa63200000 - 0x00007ffa63218000 	C:\Program Files\Java\jdk-17\bin\zip.dll
0x00007ffa738b0000 - 0x00007ffa738d4000 	C:\temp\colvir\JavaBootCamp\apache-maven-3.9.7\lib\jansi-native\Windows\x86_64\jansi.dll
0x00007ffa6b990000 - 0x00007ffa6b9a0000 	C:\Program Files\Java\jdk-17\bin\verify.dll

dbghelp: loaded successfully - version: 4.0.5 - missing functions: none
symbol engine: initialized successfully - sym options: 0x614 - pdb path: .;C:\Program Files\Java\jdk-17\bin;C:\WINDOWS\SYSTEM32;C:\WINDOWS\WinSxS\amd64_microsoft.windows.common-controls_6595b64144ccf1df_6.0.19041.4355_none_60b8b9eb71f62e16;C:\Program Files (x86)\Citrix\ICA Client;C:\Program Files\Java\jdk-17\bin\server;C:\temp\colvir\JavaBootCamp\apache-maven-3.9.7\lib\jansi-native\Windows\x86_64

VM Arguments:
jvm_args: -Dclassworlds.conf=C:\temp\colvir\JavaBootCamp\apache-maven-3.9.7\bin\m2.conf -Dmaven.home=C:\temp\colvir\JavaBootCamp\apache-maven-3.9.7 -Dlibrary.jansi.path=C:\temp\colvir\JavaBootCamp\apache-maven-3.9.7\lib\jansi-native -Dmaven.multiModuleProjectDirectory=C:\temp\colvir\JavaBootCamp\JavaBootCamp2024\JavaBootCampUlt2024\HWJavaBootCamp2024\HWJavaBootCamp2024 
java_command: org.codehaus.plexus.classworlds.launcher.Launcher clean package spring-boot:repackage
java_class_path (initial): C:\temp\colvir\JavaBootCamp\apache-maven-3.9.7\boot\plexus-classworlds-2.8.0.jar
Launcher Type: SUN_STANDARD

[Global flags]
     intx CICompilerCount                          = 3                                         {product} {ergonomic}
     uint ConcGCThreads                            = 1                                         {product} {ergonomic}
     uint G1ConcRefinementThreads                  = 4                                         {product} {ergonomic}
   size_t G1HeapRegionSize                         = 1048576                                   {product} {ergonomic}
    uintx GCDrainStackTargetSize                   = 64                                        {product} {ergonomic}
   size_t InitialHeapSize                          = 134217728                                 {product} {ergonomic}
   size_t MarkStackSize                            = 4194304                                   {product} {ergonomic}
   size_t MaxHeapSize                              = 2120220672                                {product} {ergonomic}
   size_t MaxNewSize                               = 1271922688                                {product} {ergonomic}
   size_t MinHeapDeltaBytes                        = 1048576                                   {product} {ergonomic}
   size_t MinHeapSize                              = 8388608                                   {product} {ergonomic}
    uintx NonNMethodCodeHeapSize                   = 5832780                                {pd product} {ergonomic}
    uintx NonProfiledCodeHeapSize                  = 122912730                              {pd product} {ergonomic}
    uintx ProfiledCodeHeapSize                     = 122912730                              {pd product} {ergonomic}
    uintx ReservedCodeCacheSize                    = 251658240                              {pd product} {ergonomic}
     bool SegmentedCodeCache                       = true                                      {product} {ergonomic}
   size_t SoftMaxHeapSize                          = 2120220672                             {manageable} {ergonomic}
     bool UseCompressedClassPointers               = true                           {product lp64_product} {ergonomic}
     bool UseCompressedOops                        = true                           {product lp64_product} {ergonomic}
     bool UseG1GC                                  = true                                      {product} {ergonomic}
     bool UseLargePagesIndividualAllocation        = false                                  {pd product} {ergonomic}

Logging:
Log output configuration:
 #0: stdout all=warning uptime,level,tags
 #1: stderr all=off uptime,level,tags

Environment Variables:
JAVA_HOME=C:\Program Files\Java\jdk-17
PATH=C:\Program Files\Far Manager\;C:\Program Files\Java\jdk-17\bin;C:\temp\colvir\JavaBootCamp\apache-maven-3.9.7\bin;C:\Windows\system32;C:\Windows;C:\Windows\System32\Wbem;C:\Windows\System32\WindowsPowerShell\v1.0\;C:\Windows\System32\OpenSSH\;C:\Program Files\Microsoft SQL Server\130\Tools\Binn\;C:\Program Files\Microsoft SQL Server\Client SDK\ODBC\170\Tools\Binn\;C:\Program Files (x86)\Windows Kits\10\Windows Performance Toolkit\;c:\Program Files (x86)\Microsoft SQL Server\110\Tools\Binn\;c:\Program Files (x86)\Microsoft SQL Server\110\DTS\Binn\;C:\Program Files\TortoiseSVN\bin;C:\Program Files\TortoiseGit\bin;C:\Program Files\dotnet\;C:\Program Files (x86)\IncrediBuild;C:\Program Files\Git\cmd;C:\WINDOWS\system32;C:\WINDOWS;C:\WINDOWS\System32\Wbem;C:\WINDOWS\System32\WindowsPowerShell\v1.0\;C:\WINDOWS\System32\OpenSSH\;C:\Program Files\Docker\Docker\resources\bin;C:\Users\MeryPoppins\AppData\Local\Programs\Python\Python39\Scripts\;C:\Users\MeryPoppins\AppData\Local\Programs\Python\Python39\;C:\Users\MeryPoppins\AppData\Local\Microsoft\WindowsApps;C:\Users\MeryPoppins\AppData\Local\Programs\Microsoft VS Code\bin;C:\Users\MeryPoppins\.dotnet\tools;C:\Program Files\JetBrains\IntelliJ IDEA 2023.1.3\bin;;
USERNAME=MeryPoppins
OS=Windows_NT
PROCESSOR_IDENTIFIER=Intel64 Family 6 Model 78 Stepping 3, GenuineIntel



---------------  S Y S T E M  ---------------

OS:
 Windows 10 , 64 bit Build 19041 (10.0.19041.4597)
OS uptime: 0 days 2:11 hours
Hyper-V role detected

CPU: total 4 (initial active 4) (2 cores per cpu, 2 threads per core) family 6 model 78 stepping 3 microcode 0xcc, cx8, cmov, fxsr, ht, mmx, 3dnowpref, sse, sse2, sse3, ssse3, sse4.1, sse4.2, popcnt, lzcnt, tsc, tscinvbit, avx, avx2, aes, erms, clmul, bmi1, bmi2, rtm, adx, fma, vzeroupper, clflush, clflushopt, hv

Memory: 4k page, system-wide physical 8085M (836M free)
TotalPageFile size 8885M (AvailPageFile size 0M)
current process WorkingSet (physical memory assigned to process): 347M, peak: 347M
current process commit charge ("private bytes"): 404M, peak: 408M

vm_info: Java HotSpot(TM) 64-Bit Server VM (17.0.10+11-LTS-240) for windows-amd64 JRE (17.0.10+11-LTS-240), built on Dec 19 2023 21:47:25 by "mach5one" with MS VC++ 17.1 (VS2022)

END.
