#
# There is insufficient memory for the Java Runtime Environment to continue.
# Native memory allocation (malloc) failed to allocate 32744 bytes for ChunkPool::allocate
# Possible reasons:
#   The system is out of physical RAM or swap space
#   The process is running with CompressedOops enabled, and the Java Heap may be blocking the growth of the native heap
# Possible solutions:
#   Reduce memory load on the system
#   Increase physical memory or swap space
#   Check if swap backing store is full
#   Decrease Java heap size (-Xmx/-Xms)
#   Decrease number of Java threads
#   Decrease Java thread stack sizes (-Xss)
#   Set larger code cache with -XX:ReservedCodeCacheSize=
#   JVM is running with Unscaled Compressed Oops mode in which the Java heap is
#     placed in the first 4GB address space. The Java Heap base address is the
#     maximum limit for the native heap growth. Please use -XX:HeapBaseMinAddress
#     to set the Java Heap base and to place the Java Heap above 4GB virtual address.
# This output file may be truncated or incomplete.
#
#  Out of Memory Error (arena.cpp:78), pid=12016, tid=15744
#
# JRE version: Java(TM) SE Runtime Environment (17.0.10+11) (build 17.0.10+11-LTS-240)
# Java VM: Java HotSpot(TM) 64-Bit Server VM (17.0.10+11-LTS-240, mixed mode, sharing, tiered, compressed oops, compressed class ptrs, g1 gc, windows-amd64)
# No core dump will be written. Minidumps are not enabled by default on client versions of Windows
#

---------------  S U M M A R Y ------------

Command Line: -agentlib:jdwp=transport=dt_socket,address=127.0.0.1:57352,suspend=y,server=n -ea -Didea.test.cyclic.buffer.size=1048576 -javaagent:C:\Users\MeryPoppins\AppData\Local\JetBrains\IntelliJIdea2023.1\captureAgent\debugger-agent.jar -Dfile.encoding=UTF-8 com.intellij.rt.junit.JUnitStarter -ideVersion5 -junit5 com.colvir.accountant.service.DepartmentServiceTest,getAll

Host: Intel(R) Core(TM) i3-6100U CPU @ 2.30GHz, 4 cores, 7G,  Windows 10 , 64 bit Build 18362 (10.0.18362.1500)
Time: Mon Jul 22 07:15:12 2024 RTZ 2 (зима) elapsed time: 10.906833 seconds (0d 0h 0m 10s)

---------------  T H R E A D  ---------------

Current thread (0x000002413ef6dd70):  JavaThread "C1 CompilerThread0" daemon [_thread_in_native, id=15744, stack(0x000000c023400000,0x000000c023500000)]


Current CompileTask:
C1:  10907  638       3       java.net.URLStreamHandler::parseURL (1201 bytes)

Stack: [0x000000c023400000,0x000000c023500000]
Native frames: (J=compiled Java code, j=interpreted, Vv=VM code, C=native code)
V  [jvm.dll+0x677a5a]
V  [jvm.dll+0x7d8b2d]
V  [jvm.dll+0x7da48e]
V  [jvm.dll+0x7daaf3]
V  [jvm.dll+0x2455ff]
V  [jvm.dll+0xaad50]
V  [jvm.dll+0xab09c]
V  [jvm.dll+0x11c015]
V  [jvm.dll+0x1798c1]
V  [jvm.dll+0x179eb3]
V  [jvm.dll+0x134e33]
V  [jvm.dll+0x13474f]
V  [jvm.dll+0x134988]
V  [jvm.dll+0x133e21]
V  [jvm.dll+0x135abd]
V  [jvm.dll+0x226aeb]
V  [jvm.dll+0x224cab]
V  [jvm.dll+0x78e45c]
V  [jvm.dll+0x78888a]
V  [jvm.dll+0x676935]
C  [ucrtbase.dll+0x210b2]
C  [KERNEL32.DLL+0x17c24]
C  [ntdll.dll+0x6d721]


---------------  P R O C E S S  ---------------

Threads class SMR info:
_java_thread_list=0x00000241849a3630, length=15, elements={
0x00000241216a5090, 0x000002413ef311b0, 0x000002413ef31c40, 0x000002413ef445a0,
0x000002413ef46d80, 0x000002413ef4af00, 0x000002413ef4c340, 0x000002413ef6d760,
0x000002413ef6dd70, 0x000002413ef4b410, 0x000002413ef4cd60, 0x00000241849104c0,
0x0000024184911760, 0x00000241848c1750, 0x000002413ef4b920
}

Java Threads: ( => current thread )
  0x00000241216a5090 JavaThread "main" [_thread_in_vm, id=15740, stack(0x000000c022700000,0x000000c022800000)]
  0x000002413ef311b0 JavaThread "Reference Handler" daemon [_thread_blocked, id=2752, stack(0x000000c022d00000,0x000000c022e00000)]
  0x000002413ef31c40 JavaThread "Finalizer" daemon [_thread_blocked, id=12124, stack(0x000000c022e00000,0x000000c022f00000)]
  0x000002413ef445a0 JavaThread "Signal Dispatcher" daemon [_thread_blocked, id=9652, stack(0x000000c022f00000,0x000000c023000000)]
  0x000002413ef46d80 JavaThread "Attach Listener" daemon [_thread_blocked, id=16036, stack(0x000000c023000000,0x000000c023100000)]
  0x000002413ef4af00 JavaThread "Service Thread" daemon [_thread_blocked, id=7768, stack(0x000000c023100000,0x000000c023200000)]
  0x000002413ef4c340 JavaThread "Monitor Deflation Thread" daemon [_thread_blocked, id=13728, stack(0x000000c023200000,0x000000c023300000)]
  0x000002413ef6d760 JavaThread "C2 CompilerThread0" daemon [_thread_blocked, id=13916, stack(0x000000c023300000,0x000000c023400000)]
=>0x000002413ef6dd70 JavaThread "C1 CompilerThread0" daemon [_thread_in_native, id=15744, stack(0x000000c023400000,0x000000c023500000)]
  0x000002413ef4b410 JavaThread "Sweeper thread" daemon [_thread_blocked, id=14364, stack(0x000000c023500000,0x000000c023600000)]
  0x000002413ef4cd60 JavaThread "Common-Cleaner" daemon [_thread_blocked, id=16316, stack(0x000000c023600000,0x000000c023700000)]
  0x00000241849104c0 JavaThread "JDWP Transport Listener: dt_socket" daemon [_thread_blocked, id=8412, stack(0x000000c023700000,0x000000c023800000)]
  0x0000024184911760 JavaThread "JDWP Event Helper Thread" daemon [_thread_blocked, id=3728, stack(0x000000c023800000,0x000000c023900000)]
  0x00000241848c1750 JavaThread "JDWP Command Reader" daemon [_thread_in_native, id=9672, stack(0x000000c023900000,0x000000c023a00000)]
  0x000002413ef4b920 JavaThread "Notification Thread" daemon [_thread_blocked, id=15620, stack(0x000000c023a00000,0x000000c023b00000)]

Other Threads:
  0x000002413ef2b8e0 VMThread "VM Thread" [stack: 0x000000c022c00000,0x000000c022d00000] [id=15940]
  0x000002412171aa80 WatcherThread [stack: 0x000000c023b00000,0x000000c023c00000] [id=10540]
  0x00000241216fd7f0 GCTaskThread "GC Thread#0" [stack: 0x000000c022600000,0x000000c022700000] [id=10972]
  0x000002412170e5c0 ConcurrentGCThread "G1 Main Marker" [stack: 0x000000c022800000,0x000000c022900000] [id=14124]
  0x000002412170efd0 ConcurrentGCThread "G1 Conc#0" [stack: 0x000000c022900000,0x000000c022a00000] [id=10120]
  0x000002412173e260 ConcurrentGCThread "G1 Refine#0" [stack: 0x000000c022a00000,0x000000c022b00000] [id=11092]
  0x000002412173e8a0 ConcurrentGCThread "G1 Service" [stack: 0x000000c022b00000,0x000000c022c00000] [id=11028]

Threads with active compile tasks:
C1 CompilerThread0    11627  638       3       java.net.URLStreamHandler::parseURL (1201 bytes)

VM state: not at safepoint (normal execution)

VM Mutex/Monitor currently owned by a thread: None

Heap address: 0x0000000081a00000, size: 2022 MB, Compressed Oops mode: 32-bit

CDS archive(s) mapped at: [0x000002413f000000-0x000002413fbd0000-0x000002413fbd0000), size 12386304, SharedBaseAddress: 0x000002413f000000, ArchiveRelocationMode: 1.
Compressed class space mapped at: 0x0000024140000000-0x0000024180000000, reserved size: 1073741824
Narrow klass base: 0x000002413f000000, Narrow klass shift: 0, Narrow klass range: 0x100000000

GC Precious Log:
 CPUs: 4 total, 4 available
 Memory: 8085M
 Large Page Support: Disabled
 NUMA Support: Disabled
 Compressed Oops: Enabled (32-bit)
 Heap Region Size: 1M
 Heap Min Capacity: 8M
 Heap Initial Capacity: 128M
 Heap Max Capacity: 2022M
 Pre-touch: Disabled
 Parallel Workers: 4
 Concurrent Workers: 1
 Concurrent Refinement Workers: 4
 Periodic GC: Disabled

Heap:
 garbage-first heap   total 131072K, used 11264K [0x0000000081a00000, 0x0000000100000000)
  region size 1024K, 13 young (13312K), 0 survivors (0K)
 Metaspace       used 2211K, committed 2304K, reserved 1114112K
  class space    used 218K, committed 256K, reserved 1048576K

Heap Regions: E=young(eden), S=young(survivor), O=old, HS=humongous(starts), HC=humongous(continues), CS=collection set, F=free, OA=open archive, CA=closed archive, TAMS=top-at-mark-start (previous, next)
|   0|0x0000000081a00000, 0x0000000081a00000, 0x0000000081b00000|  0%| F|  |TAMS 0x0000000081a00000, 0x0000000081a00000| Untracked 
|   1|0x0000000081b00000, 0x0000000081b00000, 0x0000000081c00000|  0%| F|  |TAMS 0x0000000081b00000, 0x0000000081b00000| Untracked 
|   2|0x0000000081c00000, 0x0000000081c00000, 0x0000000081d00000|  0%| F|  |TAMS 0x0000000081c00000, 0x0000000081c00000| Untracked 
|   3|0x0000000081d00000, 0x0000000081d00000, 0x0000000081e00000|  0%| F|  |TAMS 0x0000000081d00000, 0x0000000081d00000| Untracked 
|   4|0x0000000081e00000, 0x0000000081e00000, 0x0000000081f00000|  0%| F|  |TAMS 0x0000000081e00000, 0x0000000081e00000| Untracked 
|   5|0x0000000081f00000, 0x0000000081f00000, 0x0000000082000000|  0%| F|  |TAMS 0x0000000081f00000, 0x0000000081f00000| Untracked 
|   6|0x0000000082000000, 0x0000000082000000, 0x0000000082100000|  0%| F|  |TAMS 0x0000000082000000, 0x0000000082000000| Untracked 
|   7|0x0000000082100000, 0x0000000082100000, 0x0000000082200000|  0%| F|  |TAMS 0x0000000082100000, 0x0000000082100000| Untracked 
|   8|0x0000000082200000, 0x0000000082200000, 0x0000000082300000|  0%| F|  |TAMS 0x0000000082200000, 0x0000000082200000| Untracked 
|   9|0x0000000082300000, 0x0000000082300000, 0x0000000082400000|  0%| F|  |TAMS 0x0000000082300000, 0x0000000082300000| Untracked 
|  10|0x0000000082400000, 0x0000000082400000, 0x0000000082500000|  0%| F|  |TAMS 0x0000000082400000, 0x0000000082400000| Untracked 
|  11|0x0000000082500000, 0x0000000082500000, 0x0000000082600000|  0%| F|  |TAMS 0x0000000082500000, 0x0000000082500000| Untracked 
|  12|0x0000000082600000, 0x0000000082600000, 0x0000000082700000|  0%| F|  |TAMS 0x0000000082600000, 0x0000000082600000| Untracked 
|  13|0x0000000082700000, 0x0000000082700000, 0x0000000082800000|  0%| F|  |TAMS 0x0000000082700000, 0x0000000082700000| Untracked 
|  14|0x0000000082800000, 0x0000000082800000, 0x0000000082900000|  0%| F|  |TAMS 0x0000000082800000, 0x0000000082800000| Untracked 
|  15|0x0000000082900000, 0x0000000082900000, 0x0000000082a00000|  0%| F|  |TAMS 0x0000000082900000, 0x0000000082900000| Untracked 
|  16|0x0000000082a00000, 0x0000000082a00000, 0x0000000082b00000|  0%| F|  |TAMS 0x0000000082a00000, 0x0000000082a00000| Untracked 
|  17|0x0000000082b00000, 0x0000000082b00000, 0x0000000082c00000|  0%| F|  |TAMS 0x0000000082b00000, 0x0000000082b00000| Untracked 
|  18|0x0000000082c00000, 0x0000000082c00000, 0x0000000082d00000|  0%| F|  |TAMS 0x0000000082c00000, 0x0000000082c00000| Untracked 
|  19|0x0000000082d00000, 0x0000000082d00000, 0x0000000082e00000|  0%| F|  |TAMS 0x0000000082d00000, 0x0000000082d00000| Untracked 
|  20|0x0000000082e00000, 0x0000000082e00000, 0x0000000082f00000|  0%| F|  |TAMS 0x0000000082e00000, 0x0000000082e00000| Untracked 
|  21|0x0000000082f00000, 0x0000000082f00000, 0x0000000083000000|  0%| F|  |TAMS 0x0000000082f00000, 0x0000000082f00000| Untracked 
|  22|0x0000000083000000, 0x0000000083000000, 0x0000000083100000|  0%| F|  |TAMS 0x0000000083000000, 0x0000000083000000| Untracked 
|  23|0x0000000083100000, 0x0000000083100000, 0x0000000083200000|  0%| F|  |TAMS 0x0000000083100000, 0x0000000083100000| Untracked 
|  24|0x0000000083200000, 0x0000000083200000, 0x0000000083300000|  0%| F|  |TAMS 0x0000000083200000, 0x0000000083200000| Untracked 
|  25|0x0000000083300000, 0x0000000083300000, 0x0000000083400000|  0%| F|  |TAMS 0x0000000083300000, 0x0000000083300000| Untracked 
|  26|0x0000000083400000, 0x0000000083400000, 0x0000000083500000|  0%| F|  |TAMS 0x0000000083400000, 0x0000000083400000| Untracked 
|  27|0x0000000083500000, 0x0000000083500000, 0x0000000083600000|  0%| F|  |TAMS 0x0000000083500000, 0x0000000083500000| Untracked 
|  28|0x0000000083600000, 0x0000000083600000, 0x0000000083700000|  0%| F|  |TAMS 0x0000000083600000, 0x0000000083600000| Untracked 
|  29|0x0000000083700000, 0x0000000083700000, 0x0000000083800000|  0%| F|  |TAMS 0x0000000083700000, 0x0000000083700000| Untracked 
|  30|0x0000000083800000, 0x0000000083800000, 0x0000000083900000|  0%| F|  |TAMS 0x0000000083800000, 0x0000000083800000| Untracked 
|  31|0x0000000083900000, 0x0000000083900000, 0x0000000083a00000|  0%| F|  |TAMS 0x0000000083900000, 0x0000000083900000| Untracked 
|  32|0x0000000083a00000, 0x0000000083a00000, 0x0000000083b00000|  0%| F|  |TAMS 0x0000000083a00000, 0x0000000083a00000| Untracked 
|  33|0x0000000083b00000, 0x0000000083b00000, 0x0000000083c00000|  0%| F|  |TAMS 0x0000000083b00000, 0x0000000083b00000| Untracked 
|  34|0x0000000083c00000, 0x0000000083c00000, 0x0000000083d00000|  0%| F|  |TAMS 0x0000000083c00000, 0x0000000083c00000| Untracked 
|  35|0x0000000083d00000, 0x0000000083d00000, 0x0000000083e00000|  0%| F|  |TAMS 0x0000000083d00000, 0x0000000083d00000| Untracked 
|  36|0x0000000083e00000, 0x0000000083e00000, 0x0000000083f00000|  0%| F|  |TAMS 0x0000000083e00000, 0x0000000083e00000| Untracked 
|  37|0x0000000083f00000, 0x0000000083f00000, 0x0000000084000000|  0%| F|  |TAMS 0x0000000083f00000, 0x0000000083f00000| Untracked 
|  38|0x0000000084000000, 0x0000000084000000, 0x0000000084100000|  0%| F|  |TAMS 0x0000000084000000, 0x0000000084000000| Untracked 
|  39|0x0000000084100000, 0x0000000084100000, 0x0000000084200000|  0%| F|  |TAMS 0x0000000084100000, 0x0000000084100000| Untracked 
|  40|0x0000000084200000, 0x0000000084200000, 0x0000000084300000|  0%| F|  |TAMS 0x0000000084200000, 0x0000000084200000| Untracked 
|  41|0x0000000084300000, 0x0000000084300000, 0x0000000084400000|  0%| F|  |TAMS 0x0000000084300000, 0x0000000084300000| Untracked 
|  42|0x0000000084400000, 0x0000000084400000, 0x0000000084500000|  0%| F|  |TAMS 0x0000000084400000, 0x0000000084400000| Untracked 
|  43|0x0000000084500000, 0x0000000084500000, 0x0000000084600000|  0%| F|  |TAMS 0x0000000084500000, 0x0000000084500000| Untracked 
|  44|0x0000000084600000, 0x0000000084600000, 0x0000000084700000|  0%| F|  |TAMS 0x0000000084600000, 0x0000000084600000| Untracked 
|  45|0x0000000084700000, 0x0000000084700000, 0x0000000084800000|  0%| F|  |TAMS 0x0000000084700000, 0x0000000084700000| Untracked 
|  46|0x0000000084800000, 0x0000000084800000, 0x0000000084900000|  0%| F|  |TAMS 0x0000000084800000, 0x0000000084800000| Untracked 
|  47|0x0000000084900000, 0x0000000084900000, 0x0000000084a00000|  0%| F|  |TAMS 0x0000000084900000, 0x0000000084900000| Untracked 
|  48|0x0000000084a00000, 0x0000000084a00000, 0x0000000084b00000|  0%| F|  |TAMS 0x0000000084a00000, 0x0000000084a00000| Untracked 
|  49|0x0000000084b00000, 0x0000000084b00000, 0x0000000084c00000|  0%| F|  |TAMS 0x0000000084b00000, 0x0000000084b00000| Untracked 
|  50|0x0000000084c00000, 0x0000000084c00000, 0x0000000084d00000|  0%| F|  |TAMS 0x0000000084c00000, 0x0000000084c00000| Untracked 
|  51|0x0000000084d00000, 0x0000000084d00000, 0x0000000084e00000|  0%| F|  |TAMS 0x0000000084d00000, 0x0000000084d00000| Untracked 
|  52|0x0000000084e00000, 0x0000000084e00000, 0x0000000084f00000|  0%| F|  |TAMS 0x0000000084e00000, 0x0000000084e00000| Untracked 
|  53|0x0000000084f00000, 0x0000000084f00000, 0x0000000085000000|  0%| F|  |TAMS 0x0000000084f00000, 0x0000000084f00000| Untracked 
|  54|0x0000000085000000, 0x0000000085000000, 0x0000000085100000|  0%| F|  |TAMS 0x0000000085000000, 0x0000000085000000| Untracked 
|  55|0x0000000085100000, 0x0000000085100000, 0x0000000085200000|  0%| F|  |TAMS 0x0000000085100000, 0x0000000085100000| Untracked 
|  56|0x0000000085200000, 0x0000000085200000, 0x0000000085300000|  0%| F|  |TAMS 0x0000000085200000, 0x0000000085200000| Untracked 
|  57|0x0000000085300000, 0x0000000085300000, 0x0000000085400000|  0%| F|  |TAMS 0x0000000085300000, 0x0000000085300000| Untracked 
|  58|0x0000000085400000, 0x0000000085400000, 0x0000000085500000|  0%| F|  |TAMS 0x0000000085400000, 0x0000000085400000| Untracked 
|  59|0x0000000085500000, 0x0000000085500000, 0x0000000085600000|  0%| F|  |TAMS 0x0000000085500000, 0x0000000085500000| Untracked 
|  60|0x0000000085600000, 0x0000000085600000, 0x0000000085700000|  0%| F|  |TAMS 0x0000000085600000, 0x0000000085600000| Untracked 
|  61|0x0000000085700000, 0x0000000085700000, 0x0000000085800000|  0%| F|  |TAMS 0x0000000085700000, 0x0000000085700000| Untracked 
|  62|0x0000000085800000, 0x0000000085800000, 0x0000000085900000|  0%| F|  |TAMS 0x0000000085800000, 0x0000000085800000| Untracked 
|  63|0x0000000085900000, 0x0000000085900000, 0x0000000085a00000|  0%| F|  |TAMS 0x0000000085900000, 0x0000000085900000| Untracked 
|  64|0x0000000085a00000, 0x0000000085a00000, 0x0000000085b00000|  0%| F|  |TAMS 0x0000000085a00000, 0x0000000085a00000| Untracked 
|  65|0x0000000085b00000, 0x0000000085b00000, 0x0000000085c00000|  0%| F|  |TAMS 0x0000000085b00000, 0x0000000085b00000| Untracked 
|  66|0x0000000085c00000, 0x0000000085c00000, 0x0000000085d00000|  0%| F|  |TAMS 0x0000000085c00000, 0x0000000085c00000| Untracked 
|  67|0x0000000085d00000, 0x0000000085d00000, 0x0000000085e00000|  0%| F|  |TAMS 0x0000000085d00000, 0x0000000085d00000| Untracked 
|  68|0x0000000085e00000, 0x0000000085e00000, 0x0000000085f00000|  0%| F|  |TAMS 0x0000000085e00000, 0x0000000085e00000| Untracked 
|  69|0x0000000085f00000, 0x0000000085f00000, 0x0000000086000000|  0%| F|  |TAMS 0x0000000085f00000, 0x0000000085f00000| Untracked 
|  70|0x0000000086000000, 0x0000000086000000, 0x0000000086100000|  0%| F|  |TAMS 0x0000000086000000, 0x0000000086000000| Untracked 
|  71|0x0000000086100000, 0x0000000086100000, 0x0000000086200000|  0%| F|  |TAMS 0x0000000086100000, 0x0000000086100000| Untracked 
|  72|0x0000000086200000, 0x0000000086200000, 0x0000000086300000|  0%| F|  |TAMS 0x0000000086200000, 0x0000000086200000| Untracked 
|  73|0x0000000086300000, 0x0000000086300000, 0x0000000086400000|  0%| F|  |TAMS 0x0000000086300000, 0x0000000086300000| Untracked 
|  74|0x0000000086400000, 0x0000000086400000, 0x0000000086500000|  0%| F|  |TAMS 0x0000000086400000, 0x0000000086400000| Untracked 
|  75|0x0000000086500000, 0x0000000086500000, 0x0000000086600000|  0%| F|  |TAMS 0x0000000086500000, 0x0000000086500000| Untracked 
|  76|0x0000000086600000, 0x0000000086600000, 0x0000000086700000|  0%| F|  |TAMS 0x0000000086600000, 0x0000000086600000| Untracked 
|  77|0x0000000086700000, 0x0000000086700000, 0x0000000086800000|  0%| F|  |TAMS 0x0000000086700000, 0x0000000086700000| Untracked 
|  78|0x0000000086800000, 0x0000000086800000, 0x0000000086900000|  0%| F|  |TAMS 0x0000000086800000, 0x0000000086800000| Untracked 
|  79|0x0000000086900000, 0x0000000086900000, 0x0000000086a00000|  0%| F|  |TAMS 0x0000000086900000, 0x0000000086900000| Untracked 
|  80|0x0000000086a00000, 0x0000000086a00000, 0x0000000086b00000|  0%| F|  |TAMS 0x0000000086a00000, 0x0000000086a00000| Untracked 
|  81|0x0000000086b00000, 0x0000000086b00000, 0x0000000086c00000|  0%| F|  |TAMS 0x0000000086b00000, 0x0000000086b00000| Untracked 
|  82|0x0000000086c00000, 0x0000000086c00000, 0x0000000086d00000|  0%| F|  |TAMS 0x0000000086c00000, 0x0000000086c00000| Untracked 
|  83|0x0000000086d00000, 0x0000000086d00000, 0x0000000086e00000|  0%| F|  |TAMS 0x0000000086d00000, 0x0000000086d00000| Untracked 
|  84|0x0000000086e00000, 0x0000000086e00000, 0x0000000086f00000|  0%| F|  |TAMS 0x0000000086e00000, 0x0000000086e00000| Untracked 
|  85|0x0000000086f00000, 0x0000000086f00000, 0x0000000087000000|  0%| F|  |TAMS 0x0000000086f00000, 0x0000000086f00000| Untracked 
|  86|0x0000000087000000, 0x0000000087000000, 0x0000000087100000|  0%| F|  |TAMS 0x0000000087000000, 0x0000000087000000| Untracked 
|  87|0x0000000087100000, 0x0000000087100000, 0x0000000087200000|  0%| F|  |TAMS 0x0000000087100000, 0x0000000087100000| Untracked 
|  88|0x0000000087200000, 0x0000000087200000, 0x0000000087300000|  0%| F|  |TAMS 0x0000000087200000, 0x0000000087200000| Untracked 
|  89|0x0000000087300000, 0x0000000087300000, 0x0000000087400000|  0%| F|  |TAMS 0x0000000087300000, 0x0000000087300000| Untracked 
|  90|0x0000000087400000, 0x0000000087400000, 0x0000000087500000|  0%| F|  |TAMS 0x0000000087400000, 0x0000000087400000| Untracked 
|  91|0x0000000087500000, 0x0000000087500000, 0x0000000087600000|  0%| F|  |TAMS 0x0000000087500000, 0x0000000087500000| Untracked 
|  92|0x0000000087600000, 0x0000000087600000, 0x0000000087700000|  0%| F|  |TAMS 0x0000000087600000, 0x0000000087600000| Untracked 
|  93|0x0000000087700000, 0x0000000087700000, 0x0000000087800000|  0%| F|  |TAMS 0x0000000087700000, 0x0000000087700000| Untracked 
|  94|0x0000000087800000, 0x0000000087800000, 0x0000000087900000|  0%| F|  |TAMS 0x0000000087800000, 0x0000000087800000| Untracked 
|  95|0x0000000087900000, 0x0000000087900000, 0x0000000087a00000|  0%| F|  |TAMS 0x0000000087900000, 0x0000000087900000| Untracked 
|  96|0x0000000087a00000, 0x0000000087a00000, 0x0000000087b00000|  0%| F|  |TAMS 0x0000000087a00000, 0x0000000087a00000| Untracked 
|  97|0x0000000087b00000, 0x0000000087b00000, 0x0000000087c00000|  0%| F|  |TAMS 0x0000000087b00000, 0x0000000087b00000| Untracked 
|  98|0x0000000087c00000, 0x0000000087c00000, 0x0000000087d00000|  0%| F|  |TAMS 0x0000000087c00000, 0x0000000087c00000| Untracked 
|  99|0x0000000087d00000, 0x0000000087d00000, 0x0000000087e00000|  0%| F|  |TAMS 0x0000000087d00000, 0x0000000087d00000| Untracked 
| 100|0x0000000087e00000, 0x0000000087e00000, 0x0000000087f00000|  0%| F|  |TAMS 0x0000000087e00000, 0x0000000087e00000| Untracked 
| 101|0x0000000087f00000, 0x0000000087f00000, 0x0000000088000000|  0%| F|  |TAMS 0x0000000087f00000, 0x0000000087f00000| Untracked 
| 102|0x0000000088000000, 0x0000000088000000, 0x0000000088100000|  0%| F|  |TAMS 0x0000000088000000, 0x0000000088000000| Untracked 
| 103|0x0000000088100000, 0x0000000088100000, 0x0000000088200000|  0%| F|  |TAMS 0x0000000088100000, 0x0000000088100000| Untracked 
| 104|0x0000000088200000, 0x0000000088200000, 0x0000000088300000|  0%| F|  |TAMS 0x0000000088200000, 0x0000000088200000| Untracked 
| 105|0x0000000088300000, 0x0000000088300000, 0x0000000088400000|  0%| F|  |TAMS 0x0000000088300000, 0x0000000088300000| Untracked 
| 106|0x0000000088400000, 0x0000000088400000, 0x0000000088500000|  0%| F|  |TAMS 0x0000000088400000, 0x0000000088400000| Untracked 
| 107|0x0000000088500000, 0x0000000088500000, 0x0000000088600000|  0%| F|  |TAMS 0x0000000088500000, 0x0000000088500000| Untracked 
| 108|0x0000000088600000, 0x0000000088600000, 0x0000000088700000|  0%| F|  |TAMS 0x0000000088600000, 0x0000000088600000| Untracked 
| 109|0x0000000088700000, 0x0000000088700000, 0x0000000088800000|  0%| F|  |TAMS 0x0000000088700000, 0x0000000088700000| Untracked 
| 110|0x0000000088800000, 0x0000000088800000, 0x0000000088900000|  0%| F|  |TAMS 0x0000000088800000, 0x0000000088800000| Untracked 
| 111|0x0000000088900000, 0x0000000088900000, 0x0000000088a00000|  0%| F|  |TAMS 0x0000000088900000, 0x0000000088900000| Untracked 
| 112|0x0000000088a00000, 0x0000000088a00000, 0x0000000088b00000|  0%| F|  |TAMS 0x0000000088a00000, 0x0000000088a00000| Untracked 
| 113|0x0000000088b00000, 0x0000000088b00000, 0x0000000088c00000|  0%| F|  |TAMS 0x0000000088b00000, 0x0000000088b00000| Untracked 
| 114|0x0000000088c00000, 0x0000000088c00000, 0x0000000088d00000|  0%| F|  |TAMS 0x0000000088c00000, 0x0000000088c00000| Untracked 
| 115|0x0000000088d00000, 0x0000000088e00000, 0x0000000088e00000|100%| E|  |TAMS 0x0000000088d00000, 0x0000000088d00000| Complete 
| 116|0x0000000088e00000, 0x0000000088f00000, 0x0000000088f00000|100%| E|CS|TAMS 0x0000000088e00000, 0x0000000088e00000| Complete 
| 117|0x0000000088f00000, 0x0000000089000000, 0x0000000089000000|100%| E|CS|TAMS 0x0000000088f00000, 0x0000000088f00000| Complete 
| 118|0x0000000089000000, 0x0000000089100000, 0x0000000089100000|100%| E|  |TAMS 0x0000000089000000, 0x0000000089000000| Complete 
| 119|0x0000000089100000, 0x0000000089200000, 0x0000000089200000|100%| E|CS|TAMS 0x0000000089100000, 0x0000000089100000| Complete 
| 120|0x0000000089200000, 0x0000000089300000, 0x0000000089300000|100%| E|CS|TAMS 0x0000000089200000, 0x0000000089200000| Complete 
| 121|0x0000000089300000, 0x0000000089400000, 0x0000000089400000|100%| E|CS|TAMS 0x0000000089300000, 0x0000000089300000| Complete 
| 122|0x0000000089400000, 0x0000000089500000, 0x0000000089500000|100%| E|CS|TAMS 0x0000000089400000, 0x0000000089400000| Complete 
| 123|0x0000000089500000, 0x0000000089600000, 0x0000000089600000|100%| E|CS|TAMS 0x0000000089500000, 0x0000000089500000| Complete 
| 124|0x0000000089600000, 0x0000000089700000, 0x0000000089700000|100%| E|CS|TAMS 0x0000000089600000, 0x0000000089600000| Complete 
| 125|0x0000000089700000, 0x0000000089800000, 0x0000000089800000|100%| E|CS|TAMS 0x0000000089700000, 0x0000000089700000| Complete 
| 126|0x0000000089800000, 0x0000000089900000, 0x0000000089900000|100%| E|CS|TAMS 0x0000000089800000, 0x0000000089800000| Complete 
| 127|0x0000000089900000, 0x0000000089a00000, 0x0000000089a00000|100%| E|CS|TAMS 0x0000000089900000, 0x0000000089900000| Complete 

Card table byte_map: [0x0000024138320000,0x0000024138720000] _byte_map_base: 0x0000024137f13000

Marking Bits (Prev, Next): (CMBitMap*) 0x00000241216fde10, (CMBitMap*) 0x00000241216fde50
 Prev Bits: [0x0000024138b20000, 0x000002413aab8000)
 Next Bits: [0x000002413aac0000, 0x000002413ca58000)

Polling page: 0x000002411f510000

Metaspace:

Usage:
  Non-class:      1.95 MB used.
      Class:    218.56 KB used.
       Both:      2.16 MB used.

Virtual space:
  Non-class space:       64.00 MB reserved,       2.00 MB (  3%) committed,  1 nodes.
      Class space:        1.00 GB reserved,     256.00 KB ( <1%) committed,  1 nodes.
             Both:        1.06 GB reserved,       2.25 MB ( <1%) committed. 

Chunk freelists:
   Non-Class:  11.31 MB
       Class:  15.63 MB
        Both:  26.94 MB

MaxMetaspaceSize: unlimited
CompressedClassSpaceSize: 1.00 GB
Initial GC threshold: 21.00 MB
Current GC threshold: 21.00 MB
CDS: on
MetaspaceReclaimPolicy: balanced
 - commit_granule_bytes: 65536.
 - commit_granule_words: 8192.
 - virtual_space_node_default_size: 8388608.
 - enlarge_chunks_in_place: 1.
 - new_chunks_are_fully_committed: 0.
 - uncommit_free_chunks: 1.
 - use_allocation_guard: 0.
 - handle_deallocations: 1.


Internal statistics:

num_allocs_failed_limit: 0.
num_arena_births: 26.
num_arena_deaths: 0.
num_vsnodes_births: 2.
num_vsnodes_deaths: 0.
num_space_committed: 36.
num_space_uncommitted: 0.
num_chunks_returned_to_freelist: 0.
num_chunks_taken_from_freelist: 83.
num_chunk_merges: 0.
num_chunk_splits: 43.
num_chunks_enlarged: 27.
num_inconsistent_stats: 0.

CodeHeap 'non-profiled nmethods': size=120000Kb used=228Kb max_used=228Kb free=119771Kb
 bounds [0x00000241309f0000, 0x0000024130c60000, 0x0000024137f20000]
CodeHeap 'profiled nmethods': size=120000Kb used=986Kb max_used=986Kb free=119013Kb
 bounds [0x0000024128f20000, 0x0000024129190000, 0x0000024130450000]
CodeHeap 'non-nmethods': size=5760Kb used=1180Kb max_used=1211Kb free=4579Kb
 bounds [0x0000024130450000, 0x00000241306c0000, 0x00000241309f0000]
 total_blobs=1030 nmethods=640 adapters=303
 compilation: enabled
              stopped_count=0, restarted_count=0
 full_count=0

Compilation events (20 events):
Event: 10.788 Thread 0x000002413ef6dd70 nmethod 630 0x0000024129012d10 code [0x0000024129012ee0, 0x0000024129013398]
Event: 10.788 Thread 0x000002413ef6dd70  631       3       java.util.LinkedHashMap::get (29 bytes)
Event: 10.789 Thread 0x000002413ef6dd70 nmethod 631 0x0000024129013510 code [0x00000241290136c0, 0x0000024129013938]
Event: 10.792 Thread 0x000002413ef6dd70  632       3       java.util.ArrayDeque::poll (5 bytes)
Event: 10.792 Thread 0x000002413ef6dd70 nmethod 632 0x0000024129013a10 code [0x0000024129013bc0, 0x0000024129013d08]
Event: 10.792 Thread 0x000002413ef6dd70  633       3       sun.net.util.URLUtil::urlNoFragString (114 bytes)
Event: 10.794 Thread 0x000002413ef6dd70 nmethod 633 0x0000024129013d90 code [0x00000241290140c0, 0x0000024129015188]
Event: 10.794 Thread 0x000002413ef6dd70  635       3       java.lang.String::getChars (54 bytes)
Event: 10.794 Thread 0x000002413ef6d760 nmethod 624 0x0000024130a24110 code [0x0000024130a242c0, 0x0000024130a249c8]
Event: 10.794 Thread 0x000002413ef6d760  627       4       java.lang.AbstractStringBuilder::putStringAt (12 bytes)
Event: 10.795 Thread 0x000002413ef6dd70 nmethod 635 0x0000024129015810 code [0x0000024129015a00, 0x0000024129015e98]
Event: 10.795 Thread 0x000002413ef6dd70  636       3       java.lang.StringLatin1::getChars (12 bytes)
Event: 10.795 Thread 0x000002413ef6dd70 nmethod 636 0x0000024129016090 code [0x0000024129016220, 0x0000024129016368]
Event: 10.796 Thread 0x000002413ef6dd70  637       3       sun.net.www.protocol.file.Handler::parseURL (18 bytes)
Event: 10.796 Thread 0x000002413ef6dd70 nmethod 637 0x0000024129016410 code [0x00000241290165c0, 0x0000024129016778]
Event: 10.796 Thread 0x000002413ef6dd70  638       3       java.net.URLStreamHandler::parseURL (1201 bytes)
Event: 10.798 Thread 0x000002413ef6d760 nmethod 627 0x0000024130a24e90 code [0x0000024130a25020, 0x0000024130a25258]
Event: 10.798 Thread 0x000002413ef6d760  628       4       java.lang.AbstractStringBuilder::putStringAt (34 bytes)
Event: 10.803 Thread 0x000002413ef6d760 nmethod 628 0x0000024130a25490 code [0x0000024130a25620, 0x0000024130a258b8]
Event: 10.805 Thread 0x000002413ef6d760  643       4       java.util.zip.ZipCoder::hash (36 bytes)

GC Heap History (0 events):
No events

Deoptimization events (20 events):
Event: 10.225 Thread 0x00000241216a5090 DEOPT PACKING pc=0x0000024128f532ca sp=0x000000c0227fa010
Event: 10.225 Thread 0x00000241216a5090 DEOPT UNPACKING pc=0x00000241304a2b43 sp=0x000000c0227f94d0 mode 0
Event: 10.237 Thread 0x00000241216a5090 DEOPT PACKING pc=0x0000024128f2a3ea sp=0x000000c0227f9f00
Event: 10.237 Thread 0x00000241216a5090 DEOPT UNPACKING pc=0x00000241304a2b43 sp=0x000000c0227f9320 mode 0
Event: 10.247 Thread 0x00000241216a5090 DEOPT PACKING pc=0x0000024128f28ad5 sp=0x000000c0227f9eb0
Event: 10.247 Thread 0x00000241216a5090 DEOPT UNPACKING pc=0x00000241304a2b43 sp=0x000000c0227f9328 mode 0
Event: 10.287 Thread 0x00000241216a5090 DEOPT PACKING pc=0x0000024128f6e1ff sp=0x000000c0227fa140
Event: 10.287 Thread 0x00000241216a5090 DEOPT UNPACKING pc=0x00000241304a2b43 sp=0x000000c0227f9630 mode 0
Event: 10.385 Thread 0x00000241216a5090 DEOPT PACKING pc=0x0000024128f638d6 sp=0x000000c0227fdbc0
Event: 10.385 Thread 0x00000241216a5090 DEOPT UNPACKING pc=0x00000241304a2b43 sp=0x000000c0227fd060 mode 0
Event: 10.436 Thread 0x00000241216a5090 Uncommon trap: trap_request=0xffffff45 fr.pc=0x00000241309fdc9c relative=0x00000000000009bc
Event: 10.436 Thread 0x00000241216a5090 Uncommon trap: reason=unstable_if action=reinterpret pc=0x00000241309fdc9c method=java.util.HashMap.putVal(ILjava/lang/Object;Ljava/lang/Object;ZZ)Ljava/lang/Object; @ 181 c2
Event: 10.436 Thread 0x00000241216a5090 DEOPT PACKING pc=0x00000241309fdc9c sp=0x000000c0227fca10
Event: 10.436 Thread 0x00000241216a5090 DEOPT UNPACKING pc=0x00000241304a23a3 sp=0x000000c0227fc9c0 mode 2
Event: 10.721 Thread 0x00000241216a5090 Uncommon trap: trap_request=0xffffff45 fr.pc=0x0000024130a06f68 relative=0x0000000000000068
Event: 10.721 Thread 0x00000241216a5090 Uncommon trap: reason=unstable_if action=reinterpret pc=0x0000024130a06f68 method=java.io.WinNTFileSystem.isSlash(C)Z @ 9 c2
Event: 10.721 Thread 0x00000241216a5090 DEOPT PACKING pc=0x0000024130a06f68 sp=0x000000c0227fe1c0
Event: 10.721 Thread 0x00000241216a5090 DEOPT UNPACKING pc=0x00000241304a23a3 sp=0x000000c0227fe158 mode 2
Event: 10.724 Thread 0x00000241216a5090 DEOPT PACKING pc=0x0000024128f61ef9 sp=0x000000c0227fbeb0
Event: 10.724 Thread 0x00000241216a5090 DEOPT UNPACKING pc=0x00000241304a2b43 sp=0x000000c0227fb338 mode 0

Classes unloaded (0 events):
No events

Classes redefined (0 events):
No events

Internal exceptions (7 events):
Event: 10.329 Thread 0x00000241216a5090 Exception <a 'java/lang/NoSuchMethodError'{0x0000000089228980}: 'java.lang.Object java.lang.invoke.DirectMethodHandle$Holder.invokeStaticInit(java.lang.Object, int)'> (0x0000000089228980) 
thrown [s\open\src\hotspot\share\interpreter\linkResolver.cpp, line 759]
Event: 10.376 Thread 0x00000241216a5090 Exception <a 'java/lang/NoSuchMethodError'{0x00000000892b8270}: 'java.lang.Object java.lang.invoke.DirectMethodHandle$Holder.invokeInterface(java.lang.Object, java.lang.Object)'> (0x00000000892b8270) 
thrown [s\open\src\hotspot\share\interpreter\linkResolver.cpp, line 759]
Event: 10.489 Thread 0x00000241216a5090 Exception <a 'java/lang/NoSuchMethodError'{0x0000000088f43af0}: 'java.lang.Object java.lang.invoke.DirectMethodHandle$Holder.invokeStaticInit(java.lang.Object, java.lang.Object, java.lang.Object)'> (0x0000000088f43af0) 
thrown [s\open\src\hotspot\share\interpreter\linkResolver.cpp, line 759]
Event: 10.490 Thread 0x00000241216a5090 Exception <a 'java/lang/NoSuchMethodError'{0x0000000088f4b948}: 'void java.lang.invoke.DirectMethodHandle$Holder.invokeStatic(java.lang.Object, java.lang.Object, java.lang.Object)'> (0x0000000088f4b948) 
thrown [s\open\src\hotspot\share\interpreter\linkResolver.cpp, line 759]
Event: 10.491 Thread 0x00000241216a5090 Exception <a 'java/lang/NoSuchMethodError'{0x0000000088f4f0f0}: 'void java.lang.invoke.DirectMethodHandle$Holder.invokeStaticInit(java.lang.Object, java.lang.Object, java.lang.Object)'> (0x0000000088f4f0f0) 
thrown [s\open\src\hotspot\share\interpreter\linkResolver.cpp, line 759]
Event: 10.700 Thread 0x00000241216a5090 Exception <a 'java/lang/NoSuchMethodError'{0x0000000088feb3b0}: 'java.lang.Object java.lang.invoke.DirectMethodHandle$Holder.invokeVirtual(java.lang.Object, java.lang.Object, java.lang.Object)'> (0x0000000088feb3b0) 
thrown [s\open\src\hotspot\share\interpreter\linkResolver.cpp, line 759]
Event: 10.772 Thread 0x00000241216a5090 Exception <a 'java/lang/NoSuchMethodError'{0x0000000088d0c870}: 'int java.lang.invoke.DirectMethodHandle$Holder.invokeVirtual(java.lang.Object, java.lang.Object)'> (0x0000000088d0c870) 
thrown [s\open\src\hotspot\share\interpreter\linkResolver.cpp, line 759]

VM Operations (18 events):
Event: 1.052 Executing VM operation: HandshakeAllThreads
Event: 1.052 Executing VM operation: HandshakeAllThreads done
Event: 1.590 Executing VM operation: ChangeBreakpoints
Event: 1.593 Executing VM operation: ChangeBreakpoints done
Event: 9.151 Executing VM operation: ChangeBreakpoints
Event: 9.151 Executing VM operation: ChangeBreakpoints done
Event: 9.152 Executing VM operation: ChangeBreakpoints
Event: 9.153 Executing VM operation: ChangeBreakpoints done
Event: 10.317 Executing VM operation: HandshakeAllThreads
Event: 10.317 Executing VM operation: HandshakeAllThreads done
Event: 10.317 Executing VM operation: Cleanup
Event: 10.317 Executing VM operation: Cleanup done
Event: 10.347 Executing VM operation: HandshakeAllThreads
Event: 10.347 Executing VM operation: HandshakeAllThreads done
Event: 10.662 Executing VM operation: ChangeBreakpoints
Event: 10.663 Executing VM operation: ChangeBreakpoints done
Event: 10.720 Executing VM operation: HandshakeAllThreads
Event: 10.720 Executing VM operation: HandshakeAllThreads done

Events (20 events):
Event: 10.802 loading class org/junit/platform/engine/support/discovery/EngineDiscoveryRequestResolver$InitializationContext
Event: 10.802 loading class org/junit/platform/engine/support/discovery/EngineDiscoveryRequestResolver$InitializationContext done
Event: 10.803 loading class org/junit/platform/engine/support/discovery/EngineDiscoveryRequestResolver$Builder
Event: 10.803 loading class org/junit/platform/engine/support/discovery/EngineDiscoveryRequestResolver$Builder done
Event: 10.805 loading class org/junit/jupiter/engine/discovery/predicates/IsTestClassWithTests
Event: 10.805 loading class org/junit/jupiter/engine/discovery/predicates/IsTestClassWithTests done
Event: 10.806 loading class org/junit/jupiter/engine/discovery/predicates/IsTestMethod
Event: 10.806 loading class org/junit/jupiter/engine/discovery/predicates/IsTestMethod done
Event: 10.807 loading class org/junit/jupiter/engine/discovery/predicates/IsTestableMethod
Event: 10.807 loading class org/junit/jupiter/engine/discovery/predicates/IsTestableMethod done
Event: 10.808 loading class org/junit/jupiter/api/Test
Event: 10.808 loading class org/junit/jupiter/api/Test done
Event: 10.809 loading class org/junit/jupiter/engine/discovery/predicates/IsTestFactoryMethod
Event: 10.809 loading class org/junit/jupiter/engine/discovery/predicates/IsTestFactoryMethod done
Event: 10.810 loading class org/junit/jupiter/api/TestFactory
Event: 10.810 loading class org/junit/jupiter/api/TestFactory done
Event: 10.811 loading class org/junit/jupiter/engine/discovery/predicates/IsTestTemplateMethod
Event: 10.811 loading class org/junit/jupiter/engine/discovery/predicates/IsTestTemplateMethod done
Event: 10.813 loading class org/junit/jupiter/api/TestTemplate
Event: 10.813 loading class org/junit/jupiter/api/TestTemplate done


Dynamic libraries:
0x00007ff6a3210000 - 0x00007ff6a3220000 	C:\Program Files\Java\jdk-17\bin\java.exe
0x00007ff8eaac0000 - 0x00007ff8eacb0000 	C:\Windows\SYSTEM32\ntdll.dll
0x00007ff8e94e0000 - 0x00007ff8e9592000 	C:\Windows\System32\KERNEL32.DLL
0x00007ff8e7f70000 - 0x00007ff8e8215000 	C:\Windows\System32\KERNELBASE.dll
0x00007ff8e7c30000 - 0x00007ff8e7d2a000 	C:\Windows\System32\ucrtbase.dll
0x00007ff8d0230000 - 0x00007ff8d0249000 	C:\Program Files\Java\jdk-17\bin\jli.dll
0x00007ff8e8d40000 - 0x00007ff8e8de3000 	C:\Windows\System32\ADVAPI32.dll
0x00007ff8ea420000 - 0x00007ff8ea4be000 	C:\Windows\System32\msvcrt.dll
0x00007ff8ea590000 - 0x00007ff8ea627000 	C:\Windows\System32\sechost.dll
0x00007ff8e95a0000 - 0x00007ff8e96bf000 	C:\Windows\System32\RPCRT4.dll
0x00007ff8e8b40000 - 0x00007ff8e8cd4000 	C:\Windows\System32\USER32.dll
0x00007ff8e7d30000 - 0x00007ff8e7d51000 	C:\Windows\System32\win32u.dll
0x00007ff8ea020000 - 0x00007ff8ea046000 	C:\Windows\System32\GDI32.dll
0x00007ff8e7a00000 - 0x00007ff8e7b98000 	C:\Windows\System32\gdi32full.dll
0x00007ff8e8220000 - 0x00007ff8e82be000 	C:\Windows\System32\msvcp_win.dll
0x00007ff8cf070000 - 0x00007ff8cf08b000 	C:\Program Files\Java\jdk-17\bin\VCRUNTIME140.dll
0x00007ff8d8b60000 - 0x00007ff8d8de4000 	C:\Windows\WinSxS\amd64_microsoft.windows.common-controls_6595b64144ccf1df_6.0.18362.1556_none_9e7e372fe45e41d5\COMCTL32.dll
0x00007ff8e9720000 - 0x00007ff8e9a56000 	C:\Windows\System32\combase.dll
0x00007ff8e8310000 - 0x00007ff8e8391000 	C:\Windows\System32\bcryptPrimitives.dll
0x00007ff8e0140000 - 0x00007ff8e014a000 	C:\Windows\SYSTEM32\VERSION.dll
0x00007ff8ea0b0000 - 0x00007ff8ea0de000 	C:\Windows\System32\IMM32.DLL
0x00007ff8d2130000 - 0x00007ff8d2248000 	C:\Program Files (x86)\Citrix\ICA Client\epclient64.dll
0x00007ff8e6a00000 - 0x00007ff8e6a31000 	C:\Windows\SYSTEM32\ntmarta.dll
0x00007ff8e01a0000 - 0x00007ff8e01ac000 	C:\Program Files\Java\jdk-17\bin\vcruntime140_1.dll
0x00007ff8cdde0000 - 0x00007ff8cde6e000 	C:\Program Files\Java\jdk-17\bin\msvcp140.dll
0x00007ff898780000 - 0x00007ff89935f000 	C:\Program Files\Java\jdk-17\bin\server\jvm.dll
0x00007ff8ea010000 - 0x00007ff8ea018000 	C:\Windows\System32\PSAPI.DLL
0x00007ff8e3c60000 - 0x00007ff8e3c69000 	C:\Windows\SYSTEM32\WSOCK32.dll
0x00007ff8ea0e0000 - 0x00007ff8ea14f000 	C:\Windows\System32\WS2_32.dll
0x00007ff8e4a30000 - 0x00007ff8e4a54000 	C:\Windows\SYSTEM32\WINMM.dll
0x00007ff8e4a00000 - 0x00007ff8e4a2d000 	C:\Windows\SYSTEM32\WINMMBASE.dll
0x000002411f4c0000 - 0x000002411f50a000 	C:\Windows\System32\cfgmgr32.dll
0x00007ff8e7990000 - 0x00007ff8e79a1000 	C:\Windows\System32\kernel.appcore.dll
0x00007ff8d4960000 - 0x00007ff8d496a000 	C:\Program Files\Java\jdk-17\bin\jimage.dll
0x00007ff8e5ef0000 - 0x00007ff8e60e4000 	C:\Windows\SYSTEM32\DBGHELP.DLL
0x00007ff8d5460000 - 0x00007ff8d548a000 	C:\Windows\SYSTEM32\dbgcore.DLL
0x00007ff8c2380000 - 0x00007ff8c23bb000 	C:\Program Files\Java\jdk-17\bin\jdwp.dll
0x00007ff8cf660000 - 0x00007ff8cf66e000 	C:\Program Files\Java\jdk-17\bin\instrument.dll
0x00007ff8cdf80000 - 0x00007ff8cdfa5000 	C:\Program Files\Java\jdk-17\bin\java.dll
0x00007ff8cddc0000 - 0x00007ff8cddd8000 	C:\Program Files\Java\jdk-17\bin\zip.dll
0x00007ff8be090000 - 0x00007ff8be167000 	C:\Program Files\Java\jdk-17\bin\jsvml.dll
0x0000024184000000 - 0x00000241846e7000 	C:\Windows\System32\SHELL32.dll
0x00007ff8ea770000 - 0x00007ff8ea818000 	C:\Windows\System32\shcore.dll
0x00007ff8e83a0000 - 0x00007ff8e8b1b000 	C:\Windows\System32\windows.storage.dll
0x00007ff8e7970000 - 0x00007ff8e798e000 	C:\Windows\System32\profapi.dll
0x00007ff8e79b0000 - 0x00007ff8e79fa000 	C:\Windows\System32\powrprof.dll
0x00007ff8e7940000 - 0x00007ff8e7950000 	C:\Windows\System32\UMPDC.dll
0x00007ff8e96c0000 - 0x00007ff8e9712000 	C:\Windows\System32\shlwapi.dll
0x00007ff8e8b20000 - 0x00007ff8e8b37000 	C:\Windows\System32\cryptsp.dll
0x00007ff8cf560000 - 0x00007ff8cf56c000 	C:\Program Files\Java\jdk-17\bin\dt_socket.dll
0x00007ff8e6e90000 - 0x00007ff8e6eca000 	C:\Windows\SYSTEM32\IPHLPAPI.DLL
0x00007ff8e7180000 - 0x00007ff8e71e7000 	C:\Windows\system32\mswsock.dll
0x00007ff8cdf60000 - 0x00007ff8cdf79000 	C:\Program Files\Java\jdk-17\bin\net.dll
0x00007ff8d9b30000 - 0x00007ff8d9c2a000 	C:\Windows\SYSTEM32\WINHTTP.dll
0x00007ff8cdf40000 - 0x00007ff8cdf56000 	C:\Program Files\Java\jdk-17\bin\nio.dll

dbghelp: loaded successfully - version: 4.0.5 - missing functions: none
symbol engine: initialized successfully - sym options: 0x614 - pdb path: .;C:\Program Files\Java\jdk-17\bin;C:\Windows\SYSTEM32;C:\Windows\WinSxS\amd64_microsoft.windows.common-controls_6595b64144ccf1df_6.0.18362.1556_none_9e7e372fe45e41d5;C:\Program Files (x86)\Citrix\ICA Client;C:\Program Files\Java\jdk-17\bin\server

VM Arguments:
jvm_args: -agentlib:jdwp=transport=dt_socket,address=127.0.0.1:57352,suspend=y,server=n -ea -Didea.test.cyclic.buffer.size=1048576 -javaagent:C:\Users\MeryPoppins\AppData\Local\JetBrains\IntelliJIdea2023.1\captureAgent\debugger-agent.jar -Dfile.encoding=UTF-8 
java_command: com.intellij.rt.junit.JUnitStarter -ideVersion5 -junit5 com.colvir.accountant.service.DepartmentServiceTest,getAll
java_class_path (initial): C:\Users\MeryPoppins\.m2\repository\org\junit\platform\junit-platform-launcher\1.10.2\junit-platform-launcher-1.10.2.jar;C:\Program Files\JetBrains\IntelliJ IDEA 2023.1.3\lib\idea_rt.jar;C:\Program Files\JetBrains\IntelliJ IDEA 2023.1.3\plugins\junit\lib\junit5-rt.jar;C:\Program Files\JetBrains\IntelliJ IDEA 2023.1.3\plugins\junit\lib\junit-rt.jar;C:\temp\colvir\JavaBootCamp\JavaBootCamp2024\JavaBootCampUlt2024\HWJavaBootCamp2024\HWJavaBootCamp2024\target\test-classes;C:\temp\colvir\JavaBootCamp\JavaBootCamp2024\JavaBootCampUlt2024\HWJavaBootCamp2024\HWJavaBootCamp2024\target\classes;C:\Users\MeryPoppins\.m2\repository\org\springframework\boot\spring-boot-starter-web\3.3.0\spring-boot-starter-web-3.3.0.jar;C:\Users\MeryPoppins\.m2\repository\org\springframework\boot\spring-boot-starter\3.3.0\spring-boot-starter-3.3.0.jar;C:\Users\MeryPoppins\.m2\repository\org\springframework\boot\spring-boot\3.3.0\spring-boot-3.3.0.jar;C:\Users\MeryPoppins\.m2\repository\org\springframework\boot\spring-boot-autoconfigure\3.3.0\spring-boot-autoconfigure-3.3.0.jar;C:\Users\MeryPoppins\.m2\repository\org\springframework\boot\spring-boot-starter-logging\3.3.0\spring-boot-starter-logging-3.3.0.jar;C:\Users\MeryPoppins\.m2\repository\ch\qos\logback\logback-classic\1.5.6\logback-classic-1.5.6.jar;C:\Users\MeryPoppins\.m2\repository\ch\qos\logback\logback-core\1.5.6\logback-core-1.5.6.jar;C:\Users\MeryPoppins\.m2\repository\org\apache\logging\log4j\log4j-to-slf4j\2.23.1\log4j-to-slf4j-2.23.1.jar;C:\Users\MeryPoppins\.m2\repository\org\apache\logging\log4j\log4j-api\2.23.1\log4j-api-2.23.1.jar;C:\Users\MeryPoppins\.m2\repository\org\slf4j\jul-to-slf4j\2.0.13\jul-to-slf4j-2.0.13.jar;C:\Users\MeryPoppins\.m2\repository\jakarta\annotation\jakarta.annotation-api\2.1.1\jakarta.annotation-api-2.1.1.jar;C:\Users\MeryPoppins\.m2\repository\org\yaml\snakeyaml\2.2\snakeyaml-2.2.jar;C:\Users\MeryPoppins\.m2\repository\org\springframework\boot\spring-boot-starter-json\3.3.0
Launcher Type: SUN_STANDARD

[Global flags]
     intx CICompilerCount                          = 3                                         {product} {ergonomic}
     uint ConcGCThreads                            = 1                                         {product} {ergonomic}
     uint G1ConcRefinementThreads                  = 4                                         {product} {ergonomic}
   size_t G1HeapRegionSize                         = 1048576                                   {product} {ergonomic}
    uintx GCDrainStackTargetSize                   = 64                                        {product} {ergonomic}
   size_t InitialHeapSize                          = 134217728                                 {product} {ergonomic}
   size_t MarkStackSize                            = 4194304                                   {product} {ergonomic}
   size_t MaxHeapSize                              = 2120220672                                {product} {ergonomic}
   size_t MaxNewSize                               = 1271922688                                {product} {ergonomic}
   size_t MinHeapDeltaBytes                        = 1048576                                   {product} {ergonomic}
   size_t MinHeapSize                              = 8388608                                   {product} {ergonomic}
    uintx NonNMethodCodeHeapSize                   = 5832780                                {pd product} {ergonomic}
    uintx NonProfiledCodeHeapSize                  = 122912730                              {pd product} {ergonomic}
    uintx ProfiledCodeHeapSize                     = 122912730                              {pd product} {ergonomic}
    uintx ReservedCodeCacheSize                    = 251658240                              {pd product} {ergonomic}
     bool SegmentedCodeCache                       = true                                      {product} {ergonomic}
   size_t SoftMaxHeapSize                          = 2120220672                             {manageable} {ergonomic}
     bool UseCompressedClassPointers               = true                           {product lp64_product} {ergonomic}
     bool UseCompressedOops                        = true                           {product lp64_product} {ergonomic}
     bool UseG1GC                                  = true                                      {product} {ergonomic}
     bool UseLargePagesIndividualAllocation        = false                                  {pd product} {ergonomic}

Logging:
Log output configuration:
 #0: stdout all=warning uptime,level,tags
 #1: stderr all=off uptime,level,tags

Environment Variables:
JAVA_HOME=C:\Program Files\Eclipse Foundation\jdk-8.0.302.8-hotspot
PATH=C:\Program Files\Common Files\Oracle\Java\javapath;C:\Program Files\Eclipse Foundation\jdk-8.0.302.8-hotspot\bin;C:\Windows\system32;C:\Windows;C:\Windows\System32\Wbem;C:\Windows\System32\WindowsPowerShell\v1.0\;C:\Windows\System32\OpenSSH\;C:\Program Files\Microsoft SQL Server\130\Tools\Binn\;C:\Program Files\Microsoft SQL Server\Client SDK\ODBC\170\Tools\Binn\;C:\Program Files (x86)\Windows Kits\10\Windows Performance Toolkit\;c:\Program Files (x86)\Microsoft SQL Server\110\Tools\Binn\;c:\Program Files (x86)\Microsoft SQL Server\110\DTS\Binn\;C:\Program Files\TortoiseSVN\bin;C:\Program Files\TortoiseGit\bin;C:\Program Files\dotnet\;C:\Program Files (x86)\IncrediBuild;C:\Program Files\Git\cmd;C:\Users\MeryPoppins\AppData\Local\Programs\Python\Python39\Scripts\;C:\Users\MeryPoppins\AppData\Local\Programs\Python\Python39\;C:\Users\MeryPoppins\AppData\Local\Microsoft\WindowsApps;C:\Users\MeryPoppins\AppData\Local\Programs\Microsoft VS Code\bin;C:\Users\MeryPoppins\.dotnet\tools;C:\Program Files\JetBrains\IntelliJ IDEA 2023.1.3\bin;
USERNAME=MeryPoppins
OS=Windows_NT
PROCESSOR_IDENTIFIER=Intel64 Family 6 Model 78 Stepping 3, GenuineIntel



---------------  S Y S T E M  ---------------

OS:
 Windows 10 , 64 bit Build 18362 (10.0.18362.1500)
OS uptime: 3 days 17:04 hours

CPU: total 4 (initial active 4) (2 cores per cpu, 2 threads per core) family 6 model 78 stepping 3 microcode 0xd6, cx8, cmov, fxsr, ht, mmx, 3dnowpref, sse, sse2, sse3, ssse3, sse4.1, sse4.2, popcnt, lzcnt, tsc, tscinvbit, avx, avx2, aes, erms, clmul, bmi1, bmi2, rtm, adx, fma, vzeroupper, clflush, clflushopt

Memory: 4k page, system-wide physical 8085M (938M free)
TotalPageFile size 8885M (AvailPageFile size 18M)
current process WorkingSet (physical memory assigned to process): 60M, peak: 60M
current process commit charge ("private bytes"): 214M, peak: 214M

vm_info: Java HotSpot(TM) 64-Bit Server VM (17.0.10+11-LTS-240) for windows-amd64 JRE (17.0.10+11-LTS-240), built on Dec 19 2023 21:47:25 by "mach5one" with MS VC++ 17.1 (VS2022)

END.
