#
# There is insufficient memory for the Java Runtime Environment to continue.
# Native memory allocation (mmap) failed to map 134217728 bytes for G1 virtual space
# Possible reasons:
#   The system is out of physical RAM or swap space
#   The process is running with CompressedOops enabled, and the Java Heap may be blocking the growth of the native heap
# Possible solutions:
#   Reduce memory load on the system
#   Increase physical memory or swap space
#   Check if swap backing store is full
#   Decrease Java heap size (-Xmx/-Xms)
#   Decrease number of Java threads
#   Decrease Java thread stack sizes (-Xss)
#   Set larger code cache with -XX:ReservedCodeCacheSize=
#   JVM is running with Unscaled Compressed Oops mode in which the Java heap is
#     placed in the first 4GB address space. The Java Heap base address is the
#     maximum limit for the native heap growth. Please use -XX:HeapBaseMinAddress
#     to set the Java Heap base and to place the Java Heap above 4GB virtual address.
# This output file may be truncated or incomplete.
#
#  Out of Memory Error (os_windows.cpp:3548), pid=2576, tid=14772
#
# JRE version:  (17.0.10+11) (build )
# Java VM: Java HotSpot(TM) 64-Bit Server VM (17.0.10+11-LTS-240, mixed mode, sharing, tiered, compressed oops, compressed class ptrs, g1 gc, windows-amd64)
# No core dump will be written. Minidumps are not enabled by default on client versions of Windows
#

---------------  S U M M A R Y ------------

Command Line: -ea -Didea.test.cyclic.buffer.size=1048576 -javaagent:C:\Program Files\JetBrains\IntelliJ IDEA 2023.1.3\lib\idea_rt.jar=57942:C:\Program Files\JetBrains\IntelliJ IDEA 2023.1.3\bin -Dfile.encoding=UTF-8 com.intellij.rt.junit.JUnitStarter -ideVersion5 -junit5 com.colvir.accountant.service.DepartmentServiceTest,getAll

Host: Intel(R) Core(TM) i3-6100U CPU @ 2.30GHz, 4 cores, 7G,  Windows 10 , 64 bit Build 18362 (10.0.18362.1500)
Time: Mon Jul 22 09:24:00 2024 RTZ 2 (зима) elapsed time: 0.030794 seconds (0d 0h 0m 0s)

---------------  T H R E A D  ---------------

Current thread (0x000001fd565ca590):  JavaThread "Unknown thread" [_thread_in_vm, id=14772, stack(0x0000009651f00000,0x0000009652000000)]

Stack: [0x0000009651f00000,0x0000009652000000]
Native frames: (J=compiled Java code, j=interpreted, Vv=VM code, C=native code)
V  [jvm.dll+0x677a5a]
V  [jvm.dll+0x7d8b2d]
V  [jvm.dll+0x7da48e]
V  [jvm.dll+0x7daaf3]
V  [jvm.dll+0x2455ff]
V  [jvm.dll+0x6749b9]
V  [jvm.dll+0x669382]
V  [jvm.dll+0x302e96]
V  [jvm.dll+0x30a416]
V  [jvm.dll+0x359cbe]
V  [jvm.dll+0x359eef]
V  [jvm.dll+0x2d9e88]
V  [jvm.dll+0x2dadf4]
V  [jvm.dll+0x7aa551]
V  [jvm.dll+0x367911]
V  [jvm.dll+0x789639]
V  [jvm.dll+0x3eb30f]
V  [jvm.dll+0x3ecd91]
C  [jli.dll+0x5297]
C  [ucrtbase.dll+0x210b2]
C  [KERNEL32.DLL+0x17c24]
C  [ntdll.dll+0x6d721]


---------------  P R O C E S S  ---------------

Threads class SMR info:
_java_thread_list=0x00007ff8985c6a18, length=0, elements={
}

Java Threads: ( => current thread )

Other Threads:
  0x000001fd56621dd0 GCTaskThread "GC Thread#0" [stack: 0x0000009651e00000,0x0000009651f00000] [id=10972]
  0x000001fd56632790 ConcurrentGCThread "G1 Main Marker" [stack: 0x0000009652000000,0x0000009652100000] [id=7532]
  0x000001fd56633ac0 ConcurrentGCThread "G1 Conc#0" [stack: 0x0000009652100000,0x0000009652200000] [id=12492]

[error occurred during error reporting (printing all threads), id 0xc0000005, EXCEPTION_ACCESS_VIOLATION (0xc0000005) at pc=0x00007ff897dfaae7]

VM state: not at safepoint (not fully initialized)

VM Mutex/Monitor currently owned by a thread:  ([mutex/lock_event])
[0x000001fd565c57c0] Heap_lock - owner thread: 0x000001fd565ca590

Heap address: 0x0000000081a00000, size: 2022 MB, Compressed Oops mode: 32-bit

CDS archive(s) mapped at: [0x0000000000000000-0x0000000000000000-0x0000000000000000), size 0, SharedBaseAddress: 0x0000000800000000, ArchiveRelocationMode: 1.
Narrow klass base: 0x0000000000000000, Narrow klass shift: 0, Narrow klass range: 0x0

GC Precious Log:
<Empty>

Heap:
 garbage-first heap   total 0K, used 0K [0x0000000081a00000, 0x0000000100000000)
  region size 1024K, 0 young (0K), 0 survivors (0K)

[error occurred during error reporting (printing heap information), id 0xc0000005, EXCEPTION_ACCESS_VIOLATION (0xc0000005) at pc=0x00007ff8981e1249]

GC Heap History (0 events):
No events

Deoptimization events (0 events):
No events

Classes unloaded (0 events):
No events

Classes redefined (0 events):
No events

Internal exceptions (0 events):
No events

VM Operations (0 events):
No events

Events (1 events):
Event: 0.020 Loaded shared library C:\Program Files\Java\jdk-17\bin\java.dll


Dynamic libraries:
0x00007ff6a3210000 - 0x00007ff6a3220000 	C:\Program Files\Java\jdk-17\bin\java.exe
0x00007ff8eaac0000 - 0x00007ff8eacb0000 	C:\Windows\SYSTEM32\ntdll.dll
0x00007ff8e94e0000 - 0x00007ff8e9592000 	C:\Windows\System32\KERNEL32.DLL
0x00007ff8e7f70000 - 0x00007ff8e8215000 	C:\Windows\System32\KERNELBASE.dll
0x00007ff8e7c30000 - 0x00007ff8e7d2a000 	C:\Windows\System32\ucrtbase.dll
0x00007ff8d0290000 - 0x00007ff8d02a9000 	C:\Program Files\Java\jdk-17\bin\jli.dll
0x00007ff8e8d40000 - 0x00007ff8e8de3000 	C:\Windows\System32\ADVAPI32.dll
0x00007ff8ea420000 - 0x00007ff8ea4be000 	C:\Windows\System32\msvcrt.dll
0x00007ff8ea590000 - 0x00007ff8ea627000 	C:\Windows\System32\sechost.dll
0x00007ff8e95a0000 - 0x00007ff8e96bf000 	C:\Windows\System32\RPCRT4.dll
0x00007ff8e8b40000 - 0x00007ff8e8cd4000 	C:\Windows\System32\USER32.dll
0x00007ff8e7d30000 - 0x00007ff8e7d51000 	C:\Windows\System32\win32u.dll
0x00007ff8ea020000 - 0x00007ff8ea046000 	C:\Windows\System32\GDI32.dll
0x00007ff8e7a00000 - 0x00007ff8e7b98000 	C:\Windows\System32\gdi32full.dll
0x00007ff8e8220000 - 0x00007ff8e82be000 	C:\Windows\System32\msvcp_win.dll
0x00007ff8cf650000 - 0x00007ff8cf66b000 	C:\Program Files\Java\jdk-17\bin\VCRUNTIME140.dll
0x00007ff8d8b60000 - 0x00007ff8d8de4000 	C:\Windows\WinSxS\amd64_microsoft.windows.common-controls_6595b64144ccf1df_6.0.18362.1556_none_9e7e372fe45e41d5\COMCTL32.dll
0x00007ff8e9720000 - 0x00007ff8e9a56000 	C:\Windows\System32\combase.dll
0x00007ff8e8310000 - 0x00007ff8e8391000 	C:\Windows\System32\bcryptPrimitives.dll
0x00007ff8e0140000 - 0x00007ff8e014a000 	C:\Windows\SYSTEM32\VERSION.dll
0x00007ff8ea0b0000 - 0x00007ff8ea0de000 	C:\Windows\System32\IMM32.DLL
0x00007ff8d2130000 - 0x00007ff8d2248000 	C:\Program Files (x86)\Citrix\ICA Client\epclient64.dll
0x00007ff8e6a00000 - 0x00007ff8e6a31000 	C:\Windows\SYSTEM32\ntmarta.dll
0x00007ff8d0220000 - 0x00007ff8d022c000 	C:\Program Files\Java\jdk-17\bin\vcruntime140_1.dll
0x00007ff8c8440000 - 0x00007ff8c84ce000 	C:\Program Files\Java\jdk-17\bin\msvcp140.dll
0x00007ff897b10000 - 0x00007ff8986ef000 	C:\Program Files\Java\jdk-17\bin\server\jvm.dll
0x00007ff8ea010000 - 0x00007ff8ea018000 	C:\Windows\System32\PSAPI.DLL
0x00007ff8d9660000 - 0x00007ff8d9669000 	C:\Windows\SYSTEM32\WSOCK32.dll
0x00007ff8ea0e0000 - 0x00007ff8ea14f000 	C:\Windows\System32\WS2_32.dll
0x00007ff8e4a30000 - 0x00007ff8e4a54000 	C:\Windows\SYSTEM32\WINMM.dll
0x00007ff8e4a00000 - 0x00007ff8e4a2d000 	C:\Windows\SYSTEM32\WINMMBASE.dll
0x000001fd56720000 - 0x000001fd5676a000 	C:\Windows\System32\cfgmgr32.dll
0x00007ff8e7990000 - 0x00007ff8e79a1000 	C:\Windows\System32\kernel.appcore.dll
0x00007ff8cfba0000 - 0x00007ff8cfbaa000 	C:\Program Files\Java\jdk-17\bin\jimage.dll
0x00007ff8e5ef0000 - 0x00007ff8e60e4000 	C:\Windows\SYSTEM32\DBGHELP.DLL
0x00007ff8d5460000 - 0x00007ff8d548a000 	C:\Windows\SYSTEM32\dbgcore.DLL
0x00007ff8e3db0000 - 0x00007ff8e3dbe000 	C:\Program Files\Java\jdk-17\bin\instrument.dll
0x00007ff8cebc0000 - 0x00007ff8cebe5000 	C:\Program Files\Java\jdk-17\bin\java.dll

dbghelp: loaded successfully - version: 4.0.5 - missing functions: none
symbol engine: initialized successfully - sym options: 0x614 - pdb path: .;C:\Program Files\Java\jdk-17\bin;C:\Windows\SYSTEM32;C:\Windows\WinSxS\amd64_microsoft.windows.common-controls_6595b64144ccf1df_6.0.18362.1556_none_9e7e372fe45e41d5;C:\Program Files (x86)\Citrix\ICA Client;C:\Program Files\Java\jdk-17\bin\server

VM Arguments:
jvm_args: -ea -Didea.test.cyclic.buffer.size=1048576 -javaagent:C:\Program Files\JetBrains\IntelliJ IDEA 2023.1.3\lib\idea_rt.jar=57942:C:\Program Files\JetBrains\IntelliJ IDEA 2023.1.3\bin -Dfile.encoding=UTF-8 
java_command: com.intellij.rt.junit.JUnitStarter -ideVersion5 -junit5 com.colvir.accountant.service.DepartmentServiceTest,getAll
java_class_path (initial): C:\Users\MeryPoppins\.m2\repository\org\junit\platform\junit-platform-launcher\1.10.2\junit-platform-launcher-1.10.2.jar;C:\Program Files\JetBrains\IntelliJ IDEA 2023.1.3\lib\idea_rt.jar;C:\Program Files\JetBrains\IntelliJ IDEA 2023.1.3\plugins\junit\lib\junit5-rt.jar;C:\Program Files\JetBrains\IntelliJ IDEA 2023.1.3\plugins\junit\lib\junit-rt.jar;C:\temp\colvir\JavaBootCamp\JavaBootCamp2024\JavaBootCampUlt2024\HWJavaBootCamp2024\HWJavaBootCamp2024\target\test-classes;C:\temp\colvir\JavaBootCamp\JavaBootCamp2024\JavaBootCampUlt2024\HWJavaBootCamp2024\HWJavaBootCamp2024\target\classes;C:\Users\MeryPoppins\.m2\repository\org\springframework\boot\spring-boot-starter-web\3.3.0\spring-boot-starter-web-3.3.0.jar;C:\Users\MeryPoppins\.m2\repository\org\springframework\boot\spring-boot-starter\3.3.0\spring-boot-starter-3.3.0.jar;C:\Users\MeryPoppins\.m2\repository\org\springframework\boot\spring-boot\3.3.0\spring-boot-3.3.0.jar;C:\Users\MeryPoppins\.m2\repository\org\springframework\boot\spring-boot-autoconfigure\3.3.0\spring-boot-autoconfigure-3.3.0.jar;C:\Users\MeryPoppins\.m2\repository\org\springframework\boot\spring-boot-starter-logging\3.3.0\spring-boot-starter-logging-3.3.0.jar;C:\Users\MeryPoppins\.m2\repository\ch\qos\logback\logback-classic\1.5.6\logback-classic-1.5.6.jar;C:\Users\MeryPoppins\.m2\repository\ch\qos\logback\logback-core\1.5.6\logback-core-1.5.6.jar;C:\Users\MeryPoppins\.m2\repository\org\apache\logging\log4j\log4j-to-slf4j\2.23.1\log4j-to-slf4j-2.23.1.jar;C:\Users\MeryPoppins\.m2\repository\org\apache\logging\log4j\log4j-api\2.23.1\log4j-api-2.23.1.jar;C:\Users\MeryPoppins\.m2\repository\org\slf4j\jul-to-slf4j\2.0.13\jul-to-slf4j-2.0.13.jar;C:\Users\MeryPoppins\.m2\repository\jakarta\annotation\jakarta.annotation-api\2.1.1\jakarta.annotation-api-2.1.1.jar;C:\Users\MeryPoppins\.m2\repository\org\yaml\snakeyaml\2.2\snakeyaml-2.2.jar;C:\Users\MeryPoppins\.m2\repository\org\springframework\boot\spring-boot-starter-json\3.3.0
Launcher Type: SUN_STANDARD

[Global flags]
     intx CICompilerCount                          = 3                                         {product} {ergonomic}
     uint ConcGCThreads                            = 1                                         {product} {ergonomic}
     uint G1ConcRefinementThreads                  = 4                                         {product} {ergonomic}
   size_t G1HeapRegionSize                         = 1048576                                   {product} {ergonomic}
    uintx GCDrainStackTargetSize                   = 64                                        {product} {ergonomic}
   size_t InitialHeapSize                          = 134217728                                 {product} {ergonomic}
   size_t MarkStackSize                            = 4194304                                   {product} {ergonomic}
   size_t MaxHeapSize                              = 2120220672                                {product} {ergonomic}
   size_t MinHeapDeltaBytes                        = 1048576                                   {product} {ergonomic}
   size_t MinHeapSize                              = 8388608                                   {product} {ergonomic}
    uintx NonNMethodCodeHeapSize                   = 5832780                                {pd product} {ergonomic}
    uintx NonProfiledCodeHeapSize                  = 122912730                              {pd product} {ergonomic}
    uintx ProfiledCodeHeapSize                     = 122912730                              {pd product} {ergonomic}
    uintx ReservedCodeCacheSize                    = 251658240                              {pd product} {ergonomic}
     bool SegmentedCodeCache                       = true                                      {product} {ergonomic}
   size_t SoftMaxHeapSize                          = 2120220672                             {manageable} {ergonomic}
     bool UseCompressedClassPointers               = true                           {product lp64_product} {ergonomic}
     bool UseCompressedOops                        = true                           {product lp64_product} {ergonomic}
     bool UseG1GC                                  = true                                      {product} {ergonomic}
     bool UseLargePagesIndividualAllocation        = false                                  {pd product} {ergonomic}

Logging:
Log output configuration:
 #0: stdout all=warning uptime,level,tags
 #1: stderr all=off uptime,level,tags

Environment Variables:
JAVA_HOME=C:\Program Files\Eclipse Foundation\jdk-8.0.302.8-hotspot
PATH=C:\Program Files\Common Files\Oracle\Java\javapath;C:\Program Files\Eclipse Foundation\jdk-8.0.302.8-hotspot\bin;C:\Windows\system32;C:\Windows;C:\Windows\System32\Wbem;C:\Windows\System32\WindowsPowerShell\v1.0\;C:\Windows\System32\OpenSSH\;C:\Program Files\Microsoft SQL Server\130\Tools\Binn\;C:\Program Files\Microsoft SQL Server\Client SDK\ODBC\170\Tools\Binn\;C:\Program Files (x86)\Windows Kits\10\Windows Performance Toolkit\;c:\Program Files (x86)\Microsoft SQL Server\110\Tools\Binn\;c:\Program Files (x86)\Microsoft SQL Server\110\DTS\Binn\;C:\Program Files\TortoiseSVN\bin;C:\Program Files\TortoiseGit\bin;C:\Program Files\dotnet\;C:\Program Files (x86)\IncrediBuild;C:\Program Files\Git\cmd;C:\Users\MeryPoppins\AppData\Local\Programs\Python\Python39\Scripts\;C:\Users\MeryPoppins\AppData\Local\Programs\Python\Python39\;C:\Users\MeryPoppins\AppData\Local\Microsoft\WindowsApps;C:\Users\MeryPoppins\AppData\Local\Programs\Microsoft VS Code\bin;C:\Users\MeryPoppins\.dotnet\tools;C:\Program Files\JetBrains\IntelliJ IDEA 2023.1.3\bin;
USERNAME=MeryPoppins
OS=Windows_NT
PROCESSOR_IDENTIFIER=Intel64 Family 6 Model 78 Stepping 3, GenuineIntel



---------------  S Y S T E M  ---------------

OS:
 Windows 10 , 64 bit Build 18362 (10.0.18362.1500)
OS uptime: 3 days 19:13 hours

CPU: total 4 (initial active 4) (2 cores per cpu, 2 threads per core) family 6 model 78 stepping 3 microcode 0xd6, cx8, cmov, fxsr, ht, mmx, 3dnowpref, sse, sse2, sse3, ssse3, sse4.1, sse4.2, popcnt, lzcnt, tsc, tscinvbit, avx, avx2, aes, erms, clmul, bmi1, bmi2, rtm, adx, fma, vzeroupper, clflush, clflushopt

Memory: 4k page, system-wide physical 8085M (2055M free)
TotalPageFile size 8885M (AvailPageFile size 90M)
current process WorkingSet (physical memory assigned to process): 11M, peak: 11M
current process commit charge ("private bytes"): 52M, peak: 180M

vm_info: Java HotSpot(TM) 64-Bit Server VM (17.0.10+11-LTS-240) for windows-amd64 JRE (17.0.10+11-LTS-240), built on Dec 19 2023 21:47:25 by "mach5one" with MS VC++ 17.1 (VS2022)

END.
